#
# A fatal error has been detected by the Java Runtime Environment:
#
#  EXCEPTION_UNCAUGHT_CXX_EXCEPTION (0xe06d7363) at pc=0x00007ff894bb4c3c, pid=54840, tid=54400
#
# JRE version: OpenJDK Runtime Environment Temurin-11.0.15+10 (11.0.15+10) (build 11.0.15+10)
# Java VM: OpenJDK 64-Bit Server VM Temurin-11.0.15+10 (11.0.15+10, mixed mode, tiered, compressed oops, g1 gc, windows-amd64)
# Problematic frame:
# C  [KERNELBASE.dll+0x64c3c]
#
# No core dump will be written. Minidumps are not enabled by default on client versions of Windows
#
# If you would like to submit a bug report, please visit:
#   https://github.com/adoptium/adoptium-support/issues
# The crash happened outside the Java Virtual Machine in native code.
# See problematic frame for where to report the bug.
#

---------------  S U M M A R Y ------------

Command Line: -javaagent:C:\Program Files\JetBrains\IntelliJ IDEA Community Edition 2022.1\lib\idea_rt.jar=61558:C:\Program Files\JetBrains\IntelliJ IDEA Community Edition 2022.1\bin -Dfile.encoding=UTF-8 uk.co.roteala.glaciernode.GlacierNodeApplication

Host: Intel(R) Core(TM) i7-10750H CPU @ 2.60GHz, 12 cores, 15G,  Windows 11 , 64 bit Build 22621 (10.0.22621.2070)
Time: Sat Aug 19 17:32:27 2023 GMT Summer Time elapsed time: 551.270992 seconds (0d 0h 9m 11s)

---------------  T H R E A D  ---------------

Current thread (0x000001a2f9ea4800):  JavaThread "restartedMain" [_thread_in_native, id=54400, stack(0x0000007c67800000,0x0000007c67900000)]

Stack: [0x0000007c67800000,0x0000007c67900000],  sp=0x0000007c678fb430,  free space=1005k
Native frames: (J=compiled Java code, j=interpreted, Vv=VM code, C=native code)
C  [KERNELBASE.dll+0x64c3c]
C  [VCRUNTIME140.dll+0x485d]
C  [librocksdbjni222566409540572382.dll+0x54bad3]

Java frames: (J=compiled Java code, j=interpreted, Vv=VM code)
J 5472  org.rocksdb.RocksDB.put(J[BII[BIIJ)V (0 bytes) @ 0x000001a2e470efe0 [0x000001a2e470ef40+0x00000000000000a0]
J 5700 c2 uk.co.roteala.glaciernode.miner.Miner.mineBlock(Ljava/util/List;Luk/co/roteala/common/ChainState;)V (213 bytes) @ 0x000001a2e4756894 [0x000001a2e4755b20+0x0000000000000d74]
j  uk.co.roteala.glaciernode.miner.Miner.work()V+122
j  uk.co.roteala.glaciernode.miner.Miner$$EnhancerBySpringCGLIB$$3953b487.CGLIB$work$2()V+1
j  uk.co.roteala.glaciernode.miner.Miner$$EnhancerBySpringCGLIB$$3953b487$$FastClassBySpringCGLIB$$d0c7366b.invoke(ILjava/lang/Object;[Ljava/lang/Object;)Ljava/lang/Object;+119
j  org.springframework.cglib.proxy.MethodProxy.invokeSuper(Ljava/lang/Object;[Ljava/lang/Object;)Ljava/lang/Object;+19
j  org.springframework.context.annotation.ConfigurationClassEnhancer$BeanMethodInterceptor.intercept(Ljava/lang/Object;Ljava/lang/reflect/Method;[Ljava/lang/Object;Lorg/springframework/cglib/proxy/MethodProxy;)Ljava/lang/Object;+207
j  uk.co.roteala.glaciernode.miner.Miner$$EnhancerBySpringCGLIB$$3953b487.work()V+31
v  ~StubRoutines::call_stub
J 2474  jdk.internal.reflect.NativeMethodAccessorImpl.invoke0(Ljava/lang/reflect/Method;Ljava/lang/Object;[Ljava/lang/Object;)Ljava/lang/Object; java.base@11.0.15 (0 bytes) @ 0x000001a2e447ae4f [0x000001a2e447adc0+0x000000000000008f]
J 2473 c1 jdk.internal.reflect.NativeMethodAccessorImpl.invoke(Ljava/lang/Object;[Ljava/lang/Object;)Ljava/lang/Object; java.base@11.0.15 (104 bytes) @ 0x000001a2dd2f80e4 [0x000001a2dd2f7440+0x0000000000000ca4]
J 2566 c1 jdk.internal.reflect.DelegatingMethodAccessorImpl.invoke(Ljava/lang/Object;[Ljava/lang/Object;)Ljava/lang/Object; java.base@11.0.15 (10 bytes) @ 0x000001a2dd33e54c [0x000001a2dd33e440+0x000000000000010c]
J 2599 c1 java.lang.reflect.Method.invoke(Ljava/lang/Object;[Ljava/lang/Object;)Ljava/lang/Object; java.base@11.0.15 (65 bytes) @ 0x000001a2dd35f5e4 [0x000001a2dd35f2a0+0x0000000000000344]
j  org.springframework.beans.factory.support.SimpleInstantiationStrategy.instantiate(Lorg/springframework/beans/factory/support/RootBeanDefinition;Ljava/lang/String;Lorg/springframework/beans/factory/BeanFactory;Ljava/lang/Object;Ljava/lang/reflect/Method;[Ljava/lang/Object;)Ljava/lang/Object;+50
j  org.springframework.beans.factory.support.ConstructorResolver.instantiate(Ljava/lang/String;Lorg/springframework/beans/factory/support/RootBeanDefinition;Ljava/lang/Object;Ljava/lang/reflect/Method;[Ljava/lang/Object;)Ljava/lang/Object;+48
j  org.springframework.beans.factory.support.ConstructorResolver.instantiateUsingFactoryMethod(Ljava/lang/String;Lorg/springframework/beans/factory/support/RootBeanDefinition;[Ljava/lang/Object;)Lorg/springframework/beans/BeanWrapper;+486
j  org.springframework.beans.factory.support.AbstractAutowireCapableBeanFactory.instantiateUsingFactoryMethod(Ljava/lang/String;Lorg/springframework/beans/factory/support/RootBeanDefinition;[Ljava/lang/Object;)Lorg/springframework/beans/BeanWrapper;+11
j  org.springframework.beans.factory.support.AbstractAutowireCapableBeanFactory.createBeanInstance(Ljava/lang/String;Lorg/springframework/beans/factory/support/RootBeanDefinition;[Ljava/lang/Object;)Lorg/springframework/beans/BeanWrapper;+102
j  org.springframework.beans.factory.support.AbstractAutowireCapableBeanFactory.doCreateBean(Ljava/lang/String;Lorg/springframework/beans/factory/support/RootBeanDefinition;[Ljava/lang/Object;)Ljava/lang/Object;+34
j  org.springframework.beans.factory.support.AbstractAutowireCapableBeanFactory.createBean(Ljava/lang/String;Lorg/springframework/beans/factory/support/RootBeanDefinition;[Ljava/lang/Object;)Ljava/lang/Object;+169
j  org.springframework.beans.factory.support.AbstractBeanFactory.lambda$doGetBean$0(Ljava/lang/String;Lorg/springframework/beans/factory/support/RootBeanDefinition;[Ljava/lang/Object;)Ljava/lang/Object;+4
j  org.springframework.beans.factory.support.AbstractBeanFactory$$Lambda$271.getObject()Ljava/lang/Object;+16
j  org.springframework.beans.factory.support.DefaultSingletonBeanRegistry.getSingleton(Ljava/lang/String;Lorg/springframework/beans/factory/ObjectFactory;)Ljava/lang/Object;+132
J 3071 c1 org.springframework.beans.factory.support.AbstractBeanFactory.doGetBean(Ljava/lang/String;Ljava/lang/Class;[Ljava/lang/Object;Z)Ljava/lang/Object; (832 bytes) @ 0x000001a2dd4943cc [0x000001a2dd492340+0x000000000000208c]
j  org.springframework.beans.factory.support.AbstractBeanFactory.getBean(Ljava/lang/String;)Ljava/lang/Object;+5
j  org.springframework.beans.factory.support.DefaultListableBeanFactory.preInstantiateSingletons()V+248
j  org.springframework.context.support.AbstractApplicationContext.finishBeanFactoryInitialization(Lorg/springframework/beans/factory/config/ConfigurableListableBeanFactory;)V+124
j  org.springframework.context.support.AbstractApplicationContext.refresh()V+86
j  org.springframework.boot.web.servlet.context.ServletWebServerApplicationContext.refresh()V+1
j  org.springframework.boot.SpringApplication.refresh(Lorg/springframework/context/ConfigurableApplicationContext;)V+1
j  org.springframework.boot.SpringApplication.refreshContext(Lorg/springframework/context/ConfigurableApplicationContext;)V+16
j  org.springframework.boot.SpringApplication.run([Ljava/lang/String;)Lorg/springframework/context/ConfigurableApplicationContext;+107
j  org.springframework.boot.SpringApplication.run([Ljava/lang/Class;[Ljava/lang/String;)Lorg/springframework/context/ConfigurableApplicationContext;+9
j  org.springframework.boot.SpringApplication.run(Ljava/lang/Class;[Ljava/lang/String;)Lorg/springframework/context/ConfigurableApplicationContext;+9
j  uk.co.roteala.glaciernode.GlacierNodeApplication.main([Ljava/lang/String;)V+3
v  ~StubRoutines::call_stub
j  jdk.internal.reflect.NativeMethodAccessorImpl.invoke0(Ljava/lang/reflect/Method;Ljava/lang/Object;[Ljava/lang/Object;)Ljava/lang/Object;+0 java.base@11.0.15
j  jdk.internal.reflect.NativeMethodAccessorImpl.invoke(Ljava/lang/Object;[Ljava/lang/Object;)Ljava/lang/Object;+100 java.base@11.0.15
j  jdk.internal.reflect.DelegatingMethodAccessorImpl.invoke(Ljava/lang/Object;[Ljava/lang/Object;)Ljava/lang/Object;+6 java.base@11.0.15
j  java.lang.reflect.Method.invoke(Ljava/lang/Object;[Ljava/lang/Object;)Ljava/lang/Object;+59 java.base@11.0.15
j  org.springframework.boot.devtools.restart.RestartLauncher.run()V+42
v  ~StubRoutines::call_stub

siginfo: EXCEPTION_UNCAUGHT_CXX_EXCEPTION (0xe06d7363), ExceptionInformation=0x0000000019930520 0x0000007c678fb5a0 0x00007ff82fa14100 0x00007ff82f380000 


Register to memory mapping:

RIP=0x00007ff894bb4c3c KERNELBASE.dll
RAX=0x0000007c678fae80 is pointing into the stack for thread: 0x000001a2f9ea4800
RBX=0x00007ff82fa14100 librocksdbjni222566409540572382.dll
RCX=0x000001abfd9726c0 points into unknown readable memory: 0x000001abfd450890 | 90 08 45 fd ab 01 00 00
RDX=0x0 is NULL
RSP=0x0000007c678fb430 is pointing into the stack for thread: 0x000001a2f9ea4800
RBP=0x0000007c678fb570 is pointing into the stack for thread: 0x000001a2f9ea4800
RSI=0x0000000000100000 is an unknown value
RDI=0x0000007c678fb5a0 is pointing into the stack for thread: 0x000001a2f9ea4800
R8 =0x00007ff82f79928a librocksdbjni222566409540572382.dll
R9 =0x000001abfd9726c0 points into unknown readable memory: 0x000001abfd450890 | 90 08 45 fd ab 01 00 00
R10=0x0000007c678fadd0 is pointing into the stack for thread: 0x000001a2f9ea4800
R11=0x0 is NULL
R12=0x0000007c678fb6f0 is pointing into the stack for thread: 0x000001a2f9ea4800
R13=0x0000000000000674 is an unknown value
R14=0x000001abfde7b948 points into unknown readable memory: 0x00007ff82f965bc0 | c0 5b 96 2f f8 7f 00 00
R15=0x0000000000000680 is an unknown value


Registers:
RAX=0x0000007c678fae80, RBX=0x00007ff82fa14100, RCX=0x000001abfd9726c0, RDX=0x0000000000000000
RSP=0x0000007c678fb430, RBP=0x0000007c678fb570, RSI=0x0000000000100000, RDI=0x0000007c678fb5a0
R8 =0x00007ff82f79928a, R9 =0x000001abfd9726c0, R10=0x0000007c678fadd0, R11=0x0000000000000000
R12=0x0000007c678fb6f0, R13=0x0000000000000674, R14=0x000001abfde7b948, R15=0x0000000000000680
RIP=0x00007ff894bb4c3c, EFLAGS=0x0000000000000206

Top of Stack: (sp=0x0000007c678fb430)
0x0000007c678fb430:   000001a2d1e50000 00007ff82fa14100
0x0000007c678fb440:   0000000000100000 4d65727500000003
0x0000007c678fb450:   00000081e06d7363 0000000000000000
0x0000007c678fb460:   00007ff894bb4c3c 0000000000000004
0x0000007c678fb470:   0000000019930520 0000007c678fb5a0
0x0000007c678fb480:   00007ff82fa14100 00007ff82f380000
0x0000007c678fb490:   000001a200000000 00007ff8977acd7b
0x0000007c678fb4a0:   0000000000000000 00007ff82fa14100
0x0000007c678fb4b0:   000001abfde7b948 00007ff8977e65cf
0x0000007c678fb4c0:   0000007c678fb580 00007ff82fa48000
0x0000007c678fb4d0:   0000000000100000 0000007c678fb5a0
0x0000007c678fb4e0:   00007ff82fa48000 00007ff82f380000
0x0000007c678fb4f0:   000059e774330260 0000000000000000
0x0000007c678fb500:   00007ff82fa14100 00007ff87e84485d
0x0000007c678fb510:   0000000000000001 00007ff8977c3310
0x0000007c678fb520:   00009e9543b1cd14 0000000000000001 

Instructions: (pc=0x00007ff894bb4c3c)
0x00007ff894bb4b3c:   ff 4c 8d 05 74 49 2c 00 33 d2 b9 00 00 10 00 e8
0x00007ff894bb4b4c:   80 97 fd ff 4c 8b f0 48 89 44 24 58 48 85 c0 0f
0x00007ff894bb4b5c:   84 0b fe ff ff 4c 8d 05 38 49 2c 00 33 d2 8d 4a
0x00007ff894bb4b6c:   02 e8 5e 97 fd ff 48 8b f8 48 89 44 24 50 e9 ed
0x00007ff894bb4b7c:   fd ff ff 45 33 c0 49 8b d7 48 83 c9 ff e8 a2 64
0x00007ff894bb4b8c:   01 00 e9 08 ff ff ff 48 8b 0d 46 30 2f 00 e8 a1
0x00007ff894bb4b9c:   15 fd ff 48 8b cf e8 59 ef fb ff e9 f8 fe ff ff
0x00007ff894bb4bac:   49 8b ce e8 4c ef fb ff e9 f4 fe ff ff 48 8b ce
0x00007ff894bb4bbc:   e8 3f ef fb ff e9 f0 fe ff ff cc cc 71 18 d3 7a
0x00007ff894bb4bcc:   1a 87 89 f9 48 81 ec d8 00 00 00 48 8b 05 a2 03
0x00007ff894bb4bdc:   2f 00 48 33 c4 48 89 84 24 c0 00 00 00 48 83 64
0x00007ff894bb4bec:   24 28 00 48 8d 05 da ff ff ff 83 e2 01 89 4c 24
0x00007ff894bb4bfc:   20 89 54 24 24 48 89 44 24 30 4d 85 c9 74 4f b8
0x00007ff894bb4c0c:   0f 00 00 00 48 8d 4c 24 40 44 3b c0 49 8b d1 41
0x00007ff894bb4c1c:   0f 46 c0 44 8b c0 44 89 44 24 38 49 c1 e0 03 e8
0x00007ff894bb4c2c:   97 df 05 00 48 8d 4c 24 20 48 ff 15 14 a6 1f 00
0x00007ff894bb4c3c:   0f 1f 44 00 00 48 8b 8c 24 c0 00 00 00 48 33 cc
0x00007ff894bb4c4c:   e8 2f 26 05 00 48 81 c4 d8 00 00 00 c3 cc 83 64
0x00007ff894bb4c5c:   24 38 00 eb cf cc cc cc cc cc cc cc 48 8b c4 48
0x00007ff894bb4c6c:   89 58 08 48 89 70 10 48 89 78 18 4c 89 68 20 55
0x00007ff894bb4c7c:   41 56 41 57 48 8d 68 a1 48 81 ec e0 00 00 00 48
0x00007ff894bb4c8c:   8b 05 ee 02 2f 00 48 33 c4 48 89 45 3f 45 33 ff
0x00007ff894bb4c9c:   66 c7 45 2b 00 05 48 8d 45 c7 44 89 7d 27 48 89
0x00007ff894bb4cac:   44 24 50 48 8d 4d 27 44 89 7c 24 48 45 33 c9 44
0x00007ff894bb4cbc:   89 7c 24 40 45 8d 47 12 44 89 7c 24 38 b2 01 44
0x00007ff894bb4ccc:   89 7c 24 30 41 8b df 44 89 7c 24 28 41 8b ff 44
0x00007ff894bb4cdc:   89 7c 24 20 45 8b f7 44 89 7d 2f 66 c7 45 33 00
0x00007ff894bb4cec:   01 44 89 7d 37 66 c7 45 3b 00 10 4c 89 7d c7 4c
0x00007ff894bb4cfc:   89 7d cf 4c 89 7d d7 4c 89 7d df 48 ff 15 62 a6
0x00007ff894bb4d0c:   1f 00 0f 1f 44 00 00 85 c0 0f 88 a7 02 00 00 48
0x00007ff894bb4d1c:   8d 45 cf 41 b9 20 02 00 00 48 89 44 24 50 45 8d
0x00007ff894bb4d2c:   6f 02 44 89 7c 24 48 45 8d 47 20 44 89 7c 24 40 


Stack slot to memory mapping:
stack at sp + 0 slots: 0x000001a2d1e50000 points into unknown readable memory: 0x0000000000000000 | 00 00 00 00 00 00 00 00
stack at sp + 1 slots: 0x00007ff82fa14100 librocksdbjni222566409540572382.dll
stack at sp + 2 slots: 0x0000000000100000 is an unknown value
stack at sp + 3 slots: 0x4d65727500000003 is an unknown value
stack at sp + 4 slots: 0x00000081e06d7363 is an unknown value
stack at sp + 5 slots: 0x0 is NULL
stack at sp + 6 slots: 0x00007ff894bb4c3c KERNELBASE.dll
stack at sp + 7 slots: 0x0000000000000004 is an unknown value


---------------  P R O C E S S  ---------------

Threads class SMR info:
_java_thread_list=0x000001a957dea910, length=41, elements={
0x000001a2d4137800, 0x000001a2f8a3b000, 0x000001a2f8a43800, 0x000001a2f8a99800,
0x000001a2f8a9a800, 0x000001a2f8a9d000, 0x000001a2f8aa1800, 0x000001a2f8aa2800,
0x000001a2f8aaf800, 0x000001a2f8d3b800, 0x000001a2f9067000, 0x000001a2f9f05800,
0x000001a2f9ea4800, 0x000001a2fda48800, 0x000001a2fbd88000, 0x000001a2fd591800,
0x000001a2fbf95800, 0x000001a2fbf96000, 0x000001a2fbf97000, 0x000001a2fbf98000,
0x000001a2fe9f1800, 0x000001a2fe9f2000, 0x000001a2fe9f4800, 0x000001a2fe9f4000,
0x000001a2fe9f5800, 0x000001a2fe9f3000, 0x000001a2fe9f0000, 0x000001a2fe9f6800,
0x000001a2fe9f0800, 0x000001a2fe9f8800, 0x000001a2fe9fc000, 0x000001a2fe9f9800,
0x000001a2fe9fb000, 0x000001a2fe9f8000, 0x000001a2fe9fa800, 0x000001a2fe9fd000,
0x000001a2fe9f7000, 0x000001a2fe9fd800, 0x000001a2fe9fe800, 0x000001a2f9a35000,
0x000001a2f9a33000
}

Java Threads: ( => current thread )
  0x000001a2d4137800 JavaThread "main" [_thread_blocked, id=47068, stack(0x0000007c65e00000,0x0000007c65f00000)]
  0x000001a2f8a3b000 JavaThread "Reference Handler" daemon [_thread_blocked, id=30516, stack(0x0000007c66500000,0x0000007c66600000)]
  0x000001a2f8a43800 JavaThread "Finalizer" daemon [_thread_blocked, id=28304, stack(0x0000007c66600000,0x0000007c66700000)]
  0x000001a2f8a99800 JavaThread "Signal Dispatcher" daemon [_thread_blocked, id=53920, stack(0x0000007c66700000,0x0000007c66800000)]
  0x000001a2f8a9a800 JavaThread "Attach Listener" daemon [_thread_blocked, id=54848, stack(0x0000007c66800000,0x0000007c66900000)]
  0x000001a2f8a9d000 JavaThread "Service Thread" daemon [_thread_blocked, id=48200, stack(0x0000007c66900000,0x0000007c66a00000)]
  0x000001a2f8aa1800 JavaThread "C2 CompilerThread0" daemon [_thread_blocked, id=51536, stack(0x0000007c66a00000,0x0000007c66b00000)]
  0x000001a2f8aa2800 JavaThread "C1 CompilerThread0" daemon [_thread_blocked, id=16996, stack(0x0000007c66b00000,0x0000007c66c00000)]
  0x000001a2f8aaf800 JavaThread "Sweeper thread" daemon [_thread_blocked, id=56052, stack(0x0000007c66c00000,0x0000007c66d00000)]
  0x000001a2f8d3b800 JavaThread "Common-Cleaner" daemon [_thread_blocked, id=42084, stack(0x0000007c66d00000,0x0000007c66e00000)]
  0x000001a2f9067000 JavaThread "Monitor Ctrl-Break" daemon [_thread_in_native, id=42720, stack(0x0000007c66f00000,0x0000007c67000000)]
  0x000001a2f9f05800 JavaThread "Thread-0" [_thread_blocked, id=33712, stack(0x0000007c67700000,0x0000007c67800000)]
=>0x000001a2f9ea4800 JavaThread "restartedMain" [_thread_in_native, id=54400, stack(0x0000007c67800000,0x0000007c67900000)]
  0x000001a2fda48800 JavaThread "Catalina-utility-1" [_thread_blocked, id=44824, stack(0x0000007c67900000,0x0000007c67a00000)]
  0x000001a2fbd88000 JavaThread "Catalina-utility-2" [_thread_blocked, id=22648, stack(0x0000007c67e00000,0x0000007c67f00000)]
  0x000001a2fd591800 JavaThread "container-0" [_thread_blocked, id=55316, stack(0x0000007c67f00000,0x0000007c68000000)]
  0x000001a2fbf95800 JavaThread "reactor-tcp-nio-1" daemon [_thread_in_native, id=55056, stack(0x0000007c67100000,0x0000007c67200000)]
  0x000001a2fbf96000 JavaThread "reactor-tcp-nio-2" daemon [_thread_in_native, id=43344, stack(0x0000007c68300000,0x0000007c68400000)]
  0x000001a2fbf97000 JavaThread "reactor-tcp-nio-3" daemon [_thread_in_native, id=50636, stack(0x0000007c68400000,0x0000007c68500000)]
  0x000001a2fbf98000 JavaThread "reactor-tcp-nio-4" daemon [_thread_in_native, id=52868, stack(0x0000007c68500000,0x0000007c68600000)]
  0x000001a2fe9f1800 JavaThread "reactor-tcp-nio-5" daemon [_thread_in_native, id=46700, stack(0x0000007c68600000,0x0000007c68700000)]
  0x000001a2fe9f2000 JavaThread "reactor-tcp-nio-6" daemon [_thread_in_native, id=36148, stack(0x0000007c68700000,0x0000007c68800000)]
  0x000001a2fe9f4800 JavaThread "reactor-tcp-nio-7" daemon [_thread_in_native, id=45748, stack(0x0000007c68800000,0x0000007c68900000)]
  0x000001a2fe9f4000 JavaThread "reactor-tcp-nio-8" daemon [_thread_in_native, id=52672, stack(0x0000007c68900000,0x0000007c68a00000)]
  0x000001a2fe9f5800 JavaThread "reactor-tcp-nio-9" daemon [_thread_in_native, id=43124, stack(0x0000007c68a00000,0x0000007c68b00000)]
  0x000001a2fe9f3000 JavaThread "reactor-tcp-nio-10" daemon [_thread_in_native, id=57288, stack(0x0000007c68b00000,0x0000007c68c00000)]
  0x000001a2fe9f0000 JavaThread "reactor-tcp-nio-11" daemon [_thread_in_native, id=57228, stack(0x0000007c68c00000,0x0000007c68d00000)]
  0x000001a2fe9f6800 JavaThread "reactor-tcp-nio-12" daemon [_thread_in_native, id=57808, stack(0x0000007c68d00000,0x0000007c68e00000)]
  0x000001a2fe9f0800 JavaThread "Thread-16" daemon [_thread_in_native, id=46712, stack(0x0000007c68e00000,0x0000007c68f00000)]
  0x000001a2fe9f8800 JavaThread "parallel-1" daemon [_thread_blocked, id=55292, stack(0x0000007c69300000,0x0000007c69400000)]
  0x000001a2fe9fc000 JavaThread "parallel-2" daemon [_thread_blocked, id=39876, stack(0x0000007c69400000,0x0000007c69500000)]
  0x000001a2fe9f9800 JavaThread "parallel-3" daemon [_thread_blocked, id=37096, stack(0x0000007c66e00000,0x0000007c66f00000)]
  0x000001a2fe9fb000 JavaThread "parallel-4" daemon [_thread_blocked, id=48264, stack(0x0000007c68f00000,0x0000007c69000000)]
  0x000001a2fe9f8000 JavaThread "parallel-5" daemon [_thread_blocked, id=41556, stack(0x0000007c69500000,0x0000007c69600000)]
  0x000001a2fe9fa800 JavaThread "parallel-6" daemon [_thread_blocked, id=56956, stack(0x0000007c69600000,0x0000007c69700000)]
  0x000001a2fe9fd000 JavaThread "parallel-7" daemon [_thread_blocked, id=35940, stack(0x0000007c69700000,0x0000007c69800000)]
  0x000001a2fe9f7000 JavaThread "parallel-8" daemon [_thread_blocked, id=39072, stack(0x0000007c69800000,0x0000007c69900000)]
  0x000001a2fe9fd800 JavaThread "parallel-9" daemon [_thread_blocked, id=43480, stack(0x0000007c69900000,0x0000007c69a00000)]
  0x000001a2fe9fe800 JavaThread "parallel-10" daemon [_thread_blocked, id=56208, stack(0x0000007c69a00000,0x0000007c69b00000)]
  0x000001a2f9a35000 JavaThread "parallel-11" daemon [_thread_blocked, id=42812, stack(0x0000007c65b00000,0x0000007c65c00000)]
  0x000001a2f9a33000 JavaThread "parallel-12" daemon [_thread_blocked, id=39460, stack(0x0000007c65c00000,0x0000007c65d00000)]

Other Threads:
  0x000001a2f8a3a000 VMThread "VM Thread" [stack: 0x0000007c66400000,0x0000007c66500000] [id=33808]
  0x000001a2f9068000 WatcherThread [stack: 0x0000007c67000000,0x0000007c67100000] [id=47184]
  0x000001a2d414f800 GCTaskThread "GC Thread#0" [stack: 0x0000007c65f00000,0x0000007c66000000] [id=40372]
  0x000001a2f9c00800 GCTaskThread "GC Thread#1" [stack: 0x0000007c67200000,0x0000007c67300000] [id=42360]
  0x000001a2f9c38000 GCTaskThread "GC Thread#2" [stack: 0x0000007c67300000,0x0000007c67400000] [id=58216]
  0x000001a2f9c38800 GCTaskThread "GC Thread#3" [stack: 0x0000007c67400000,0x0000007c67500000] [id=55412]
  0x000001a2f9aa3000 GCTaskThread "GC Thread#4" [stack: 0x0000007c67500000,0x0000007c67600000] [id=40788]
  0x000001a2f9aa4000 GCTaskThread "GC Thread#5" [stack: 0x0000007c67600000,0x0000007c67700000] [id=50096]
  0x000001a2fa448800 GCTaskThread "GC Thread#6" [stack: 0x0000007c67a00000,0x0000007c67b00000] [id=34200]
  0x000001a2f9f2e000 GCTaskThread "GC Thread#7" [stack: 0x0000007c67b00000,0x0000007c67c00000] [id=55396]
  0x000001a2fe7bd800 GCTaskThread "GC Thread#8" [stack: 0x0000007c69100000,0x0000007c69200000] [id=52612]
  0x000001a2fe6e9800 GCTaskThread "GC Thread#9" [stack: 0x0000007c69200000,0x0000007c69300000] [id=31568]
  0x000001a2d41ac800 ConcurrentGCThread "G1 Main Marker" [stack: 0x0000007c66000000,0x0000007c66100000] [id=38760]
  0x000001a2d41b0800 ConcurrentGCThread "G1 Conc#0" [stack: 0x0000007c66100000,0x0000007c66200000] [id=43120]
  0x000001a2fa0dc000 ConcurrentGCThread "G1 Conc#1" [stack: 0x0000007c67c00000,0x0000007c67d00000] [id=56100]
  0x000001a2f9be3000 ConcurrentGCThread "G1 Conc#2" [stack: 0x0000007c67d00000,0x0000007c67e00000] [id=36940]
  0x000001a2f807b000 ConcurrentGCThread "G1 Refine#0" [stack: 0x0000007c66200000,0x0000007c66300000] [id=55128]
  0x000001a2f807e000 ConcurrentGCThread "G1 Young RemSet Sampling" [stack: 0x0000007c66300000,0x0000007c66400000] [id=32812]

Threads with active compile tasks:

VM state:not at safepoint (normal execution)

VM Mutex/Monitor currently owned by a thread: None

Heap address: 0x0000000703a00000, size: 4038 MB, Compressed Oops mode: Zero based, Oop shift amount: 3
Narrow klass base: 0x0000000800000000, Narrow klass shift: 0
Compressed class space size: 1073741824 Address: 0x0000000800000000

Heap:
 garbage-first heap   total 312320K, used 37840K [0x0000000703a00000, 0x0000000800000000)
  region size 1024K, 10 young (10240K), 1 survivors (1024K)
 Metaspace       used 54257K, capacity 56301K, committed 56576K, reserved 1097728K
  class space    used 6535K, capacity 7394K, committed 7424K, reserved 1048576K
Heap Regions: E=young(eden), S=young(survivor), O=old, HS=humongous(starts), HC=humongous(continues), CS=collection set, F=free, A=archive, TAMS=top-at-mark-start (previous, next)
|   0|0x0000000703a00000, 0x0000000703b00000, 0x0000000703b00000|100%| O|  |TAMS 0x0000000703b00000, 0x0000000703a00000| Untracked 
|   1|0x0000000703b00000, 0x0000000703c00000, 0x0000000703c00000|100%| O|  |TAMS 0x0000000703c00000, 0x0000000703b00000| Untracked 
|   2|0x0000000703c00000, 0x0000000703d00000, 0x0000000703d00000|100%| O|  |TAMS 0x0000000703d00000, 0x0000000703c00000| Untracked 
|   3|0x0000000703d00000, 0x0000000703e00000, 0x0000000703e00000|100%| O|  |TAMS 0x0000000703e00000, 0x0000000703d00000| Untracked 
|   4|0x0000000703e00000, 0x0000000703f00000, 0x0000000703f00000|100%| O|  |TAMS 0x0000000703f00000, 0x0000000703e00000| Untracked 
|   5|0x0000000703f00000, 0x0000000704000000, 0x0000000704000000|100%| O|  |TAMS 0x0000000704000000, 0x0000000703f00000| Untracked 
|   6|0x0000000704000000, 0x0000000704100000, 0x0000000704100000|100%| O|  |TAMS 0x0000000704100000, 0x0000000704000000| Untracked 
|   7|0x0000000704100000, 0x0000000704200000, 0x0000000704200000|100%| O|  |TAMS 0x0000000704151000, 0x0000000704100000| Untracked 
|   8|0x0000000704200000, 0x0000000704300000, 0x0000000704300000|100%| O|  |TAMS 0x0000000704200000, 0x0000000704200000| Untracked 
|   9|0x0000000704300000, 0x0000000704400000, 0x0000000704400000|100%| O|  |TAMS 0x0000000704300000, 0x0000000704300000| Untracked 
|  10|0x0000000704400000, 0x0000000704500000, 0x0000000704500000|100%| O|  |TAMS 0x0000000704400000, 0x0000000704400000| Untracked 
|  11|0x0000000704500000, 0x0000000704600000, 0x0000000704600000|100%| O|  |TAMS 0x0000000704500000, 0x0000000704500000| Untracked 
|  12|0x0000000704600000, 0x0000000704700000, 0x0000000704700000|100%| O|  |TAMS 0x0000000704600000, 0x0000000704600000| Untracked 
|  13|0x0000000704700000, 0x0000000704800000, 0x0000000704800000|100%| O|  |TAMS 0x0000000704700000, 0x0000000704700000| Untracked 
|  14|0x0000000704800000, 0x0000000704900000, 0x0000000704900000|100%| O|  |TAMS 0x0000000704800000, 0x0000000704800000| Untracked 
|  15|0x0000000704900000, 0x0000000704a00000, 0x0000000704a00000|100%| O|  |TAMS 0x0000000704900000, 0x0000000704900000| Untracked 
|  16|0x0000000704a00000, 0x0000000704b00000, 0x0000000704b00000|100%| O|  |TAMS 0x0000000704a00000, 0x0000000704a00000| Untracked 
|  17|0x0000000704b00000, 0x0000000704c00000, 0x0000000704c00000|100%| O|  |TAMS 0x0000000704b00000, 0x0000000704b00000| Untracked 
|  18|0x0000000704c00000, 0x0000000704d00000, 0x0000000704d00000|100%| O|  |TAMS 0x0000000704c00000, 0x0000000704c00000| Untracked 
|  19|0x0000000704d00000, 0x0000000704e00000, 0x0000000704e00000|100%| O|  |TAMS 0x0000000704d00000, 0x0000000704d00000| Untracked 
|  20|0x0000000704e00000, 0x0000000704f00000, 0x0000000704f00000|100%| O|  |TAMS 0x0000000704e00000, 0x0000000704e00000| Untracked 
|  21|0x0000000704f00000, 0x0000000705000000, 0x0000000705000000|100%| O|  |TAMS 0x0000000704f00000, 0x0000000704f00000| Untracked 
|  22|0x0000000705000000, 0x0000000705100000, 0x0000000705100000|100%| O|  |TAMS 0x0000000705000000, 0x0000000705000000| Untracked 
|  23|0x0000000705100000, 0x0000000705200000, 0x0000000705200000|100%| O|  |TAMS 0x0000000705100000, 0x0000000705100000| Untracked 
|  24|0x0000000705200000, 0x0000000705300000, 0x0000000705300000|100%| O|  |TAMS 0x0000000705200000, 0x0000000705200000| Untracked 
|  25|0x0000000705300000, 0x0000000705400000, 0x0000000705400000|100%| O|  |TAMS 0x0000000705300000, 0x0000000705300000| Untracked 
|  26|0x0000000705400000, 0x0000000705500000, 0x0000000705500000|100%| O|  |TAMS 0x0000000705400000, 0x0000000705400000| Untracked 
|  27|0x0000000705500000, 0x0000000705600000, 0x0000000705600000|100%| O|  |TAMS 0x0000000705500000, 0x0000000705500000| Untracked 
|  28|0x0000000705600000, 0x0000000705668e00, 0x0000000705700000| 40%| O|  |TAMS 0x0000000705600000, 0x0000000705600000| Untracked 
|  29|0x0000000705700000, 0x0000000705700000, 0x0000000705800000|  0%| F|  |TAMS 0x0000000705700000, 0x0000000705700000| Untracked 
|  30|0x0000000705800000, 0x0000000705800000, 0x0000000705900000|  0%| F|  |TAMS 0x0000000705800000, 0x0000000705800000| Untracked 
|  31|0x0000000705900000, 0x0000000705900000, 0x0000000705a00000|  0%| F|  |TAMS 0x0000000705900000, 0x0000000705900000| Untracked 
|  32|0x0000000705a00000, 0x0000000705a00000, 0x0000000705b00000|  0%| F|  |TAMS 0x0000000705a00000, 0x0000000705a00000| Untracked 
|  33|0x0000000705b00000, 0x0000000705b00000, 0x0000000705c00000|  0%| F|  |TAMS 0x0000000705b00000, 0x0000000705b00000| Untracked 
|  34|0x0000000705c00000, 0x0000000705c00000, 0x0000000705d00000|  0%| F|  |TAMS 0x0000000705c00000, 0x0000000705c00000| Untracked 
|  35|0x0000000705d00000, 0x0000000705d00000, 0x0000000705e00000|  0%| F|  |TAMS 0x0000000705d00000, 0x0000000705d00000| Untracked 
|  36|0x0000000705e00000, 0x0000000705e00000, 0x0000000705f00000|  0%| F|  |TAMS 0x0000000705e00000, 0x0000000705e00000| Untracked 
|  37|0x0000000705f00000, 0x0000000705f00000, 0x0000000706000000|  0%| F|  |TAMS 0x0000000705f00000, 0x0000000705f00000| Untracked 
|  38|0x0000000706000000, 0x0000000706000000, 0x0000000706100000|  0%| F|  |TAMS 0x0000000706000000, 0x0000000706000000| Untracked 
|  39|0x0000000706100000, 0x0000000706100000, 0x0000000706200000|  0%| F|  |TAMS 0x0000000706100000, 0x0000000706100000| Untracked 
|  40|0x0000000706200000, 0x0000000706200000, 0x0000000706300000|  0%| F|  |TAMS 0x0000000706200000, 0x0000000706200000| Untracked 
|  41|0x0000000706300000, 0x0000000706300000, 0x0000000706400000|  0%| F|  |TAMS 0x0000000706300000, 0x0000000706300000| Untracked 
|  42|0x0000000706400000, 0x0000000706400000, 0x0000000706500000|  0%| F|  |TAMS 0x0000000706400000, 0x0000000706400000| Untracked 
|  43|0x0000000706500000, 0x0000000706500000, 0x0000000706600000|  0%| F|  |TAMS 0x0000000706500000, 0x0000000706500000| Untracked 
|  44|0x0000000706600000, 0x0000000706600000, 0x0000000706700000|  0%| F|  |TAMS 0x0000000706600000, 0x0000000706600000| Untracked 
|  45|0x0000000706700000, 0x0000000706700000, 0x0000000706800000|  0%| F|  |TAMS 0x0000000706700000, 0x0000000706700000| Untracked 
|  46|0x0000000706800000, 0x0000000706800000, 0x0000000706900000|  0%| F|  |TAMS 0x0000000706800000, 0x0000000706800000| Untracked 
|  47|0x0000000706900000, 0x0000000706900000, 0x0000000706a00000|  0%| F|  |TAMS 0x0000000706900000, 0x0000000706900000| Untracked 
|  48|0x0000000706a00000, 0x0000000706a00000, 0x0000000706b00000|  0%| F|  |TAMS 0x0000000706a00000, 0x0000000706a00000| Untracked 
|  49|0x0000000706b00000, 0x0000000706b00000, 0x0000000706c00000|  0%| F|  |TAMS 0x0000000706b00000, 0x0000000706b00000| Untracked 
|  50|0x0000000706c00000, 0x0000000706c00000, 0x0000000706d00000|  0%| F|  |TAMS 0x0000000706c00000, 0x0000000706c00000| Untracked 
|  51|0x0000000706d00000, 0x0000000706d00000, 0x0000000706e00000|  0%| F|  |TAMS 0x0000000706d00000, 0x0000000706d00000| Untracked 
|  52|0x0000000706e00000, 0x0000000706e00000, 0x0000000706f00000|  0%| F|  |TAMS 0x0000000706e00000, 0x0000000706e00000| Untracked 
|  53|0x0000000706f00000, 0x0000000706f00000, 0x0000000707000000|  0%| F|  |TAMS 0x0000000706f00000, 0x0000000706f00000| Untracked 
|  54|0x0000000707000000, 0x0000000707000000, 0x0000000707100000|  0%| F|  |TAMS 0x0000000707000000, 0x0000000707000000| Untracked 
|  55|0x0000000707100000, 0x0000000707100000, 0x0000000707200000|  0%| F|  |TAMS 0x0000000707100000, 0x0000000707100000| Untracked 
|  56|0x0000000707200000, 0x0000000707200000, 0x0000000707300000|  0%| F|  |TAMS 0x0000000707200000, 0x0000000707200000| Untracked 
|  57|0x0000000707300000, 0x0000000707300000, 0x0000000707400000|  0%| F|  |TAMS 0x0000000707300000, 0x0000000707300000| Untracked 
|  58|0x0000000707400000, 0x0000000707400000, 0x0000000707500000|  0%| F|  |TAMS 0x0000000707400000, 0x0000000707400000| Untracked 
|  59|0x0000000707500000, 0x0000000707500000, 0x0000000707600000|  0%| F|  |TAMS 0x0000000707500000, 0x0000000707500000| Untracked 
|  60|0x0000000707600000, 0x0000000707600000, 0x0000000707700000|  0%| F|  |TAMS 0x0000000707600000, 0x0000000707600000| Untracked 
|  61|0x0000000707700000, 0x0000000707700000, 0x0000000707800000|  0%| F|  |TAMS 0x0000000707700000, 0x0000000707700000| Untracked 
|  62|0x0000000707800000, 0x0000000707800000, 0x0000000707900000|  0%| F|  |TAMS 0x0000000707800000, 0x0000000707800000| Untracked 
|  63|0x0000000707900000, 0x0000000707900000, 0x0000000707a00000|  0%| F|  |TAMS 0x0000000707900000, 0x0000000707900000| Untracked 
|  64|0x0000000707a00000, 0x0000000707a00000, 0x0000000707b00000|  0%| F|  |TAMS 0x0000000707a00000, 0x0000000707a00000| Untracked 
|  65|0x0000000707b00000, 0x0000000707b00000, 0x0000000707c00000|  0%| F|  |TAMS 0x0000000707b00000, 0x0000000707b00000| Untracked 
|  66|0x0000000707c00000, 0x0000000707c00000, 0x0000000707d00000|  0%| F|  |TAMS 0x0000000707c00000, 0x0000000707c00000| Untracked 
|  67|0x0000000707d00000, 0x0000000707d00000, 0x0000000707e00000|  0%| F|  |TAMS 0x0000000707d00000, 0x0000000707d00000| Untracked 
|  68|0x0000000707e00000, 0x0000000707e00000, 0x0000000707f00000|  0%| F|  |TAMS 0x0000000707e00000, 0x0000000707e00000| Untracked 
|  69|0x0000000707f00000, 0x0000000707f00000, 0x0000000708000000|  0%| F|  |TAMS 0x0000000707f00000, 0x0000000707f00000| Untracked 
|  70|0x0000000708000000, 0x0000000708000000, 0x0000000708100000|  0%| F|  |TAMS 0x0000000708000000, 0x0000000708000000| Untracked 
|  71|0x0000000708100000, 0x0000000708100000, 0x0000000708200000|  0%| F|  |TAMS 0x0000000708100000, 0x0000000708100000| Untracked 
|  72|0x0000000708200000, 0x0000000708200000, 0x0000000708300000|  0%| F|  |TAMS 0x0000000708200000, 0x0000000708200000| Untracked 
|  73|0x0000000708300000, 0x0000000708300000, 0x0000000708400000|  0%| F|  |TAMS 0x0000000708300000, 0x0000000708300000| Untracked 
|  74|0x0000000708400000, 0x0000000708400000, 0x0000000708500000|  0%| F|  |TAMS 0x0000000708400000, 0x0000000708400000| Untracked 
|  75|0x0000000708500000, 0x0000000708500000, 0x0000000708600000|  0%| F|  |TAMS 0x0000000708500000, 0x0000000708500000| Untracked 
|  76|0x0000000708600000, 0x0000000708600000, 0x0000000708700000|  0%| F|  |TAMS 0x0000000708600000, 0x0000000708600000| Untracked 
|  77|0x0000000708700000, 0x0000000708700000, 0x0000000708800000|  0%| F|  |TAMS 0x0000000708700000, 0x0000000708700000| Untracked 
|  78|0x0000000708800000, 0x0000000708800000, 0x0000000708900000|  0%| F|  |TAMS 0x0000000708800000, 0x0000000708800000| Untracked 
|  79|0x0000000708900000, 0x0000000708900000, 0x0000000708a00000|  0%| F|  |TAMS 0x0000000708900000, 0x0000000708900000| Untracked 
|  80|0x0000000708a00000, 0x0000000708a00000, 0x0000000708b00000|  0%| F|  |TAMS 0x0000000708a00000, 0x0000000708a00000| Untracked 
|  81|0x0000000708b00000, 0x0000000708b00000, 0x0000000708c00000|  0%| F|  |TAMS 0x0000000708b00000, 0x0000000708b00000| Untracked 
|  82|0x0000000708c00000, 0x0000000708c00000, 0x0000000708d00000|  0%| F|  |TAMS 0x0000000708c00000, 0x0000000708c00000| Untracked 
|  83|0x0000000708d00000, 0x0000000708d00000, 0x0000000708e00000|  0%| F|  |TAMS 0x0000000708d00000, 0x0000000708d00000| Untracked 
|  84|0x0000000708e00000, 0x0000000708e00000, 0x0000000708f00000|  0%| F|  |TAMS 0x0000000708e00000, 0x0000000708e00000| Untracked 
|  85|0x0000000708f00000, 0x0000000708f00000, 0x0000000709000000|  0%| F|  |TAMS 0x0000000708f00000, 0x0000000708f00000| Untracked 
|  86|0x0000000709000000, 0x0000000709000000, 0x0000000709100000|  0%| F|  |TAMS 0x0000000709000000, 0x0000000709000000| Untracked 
|  87|0x0000000709100000, 0x0000000709100000, 0x0000000709200000|  0%| F|  |TAMS 0x0000000709100000, 0x0000000709100000| Untracked 
|  88|0x0000000709200000, 0x0000000709200000, 0x0000000709300000|  0%| F|  |TAMS 0x0000000709200000, 0x0000000709200000| Untracked 
|  89|0x0000000709300000, 0x0000000709300000, 0x0000000709400000|  0%| F|  |TAMS 0x0000000709300000, 0x0000000709300000| Untracked 
|  90|0x0000000709400000, 0x0000000709400000, 0x0000000709500000|  0%| F|  |TAMS 0x0000000709400000, 0x0000000709400000| Untracked 
|  91|0x0000000709500000, 0x0000000709500000, 0x0000000709600000|  0%| F|  |TAMS 0x0000000709500000, 0x0000000709500000| Untracked 
|  92|0x0000000709600000, 0x0000000709600000, 0x0000000709700000|  0%| F|  |TAMS 0x0000000709600000, 0x0000000709600000| Untracked 
|  93|0x0000000709700000, 0x0000000709700000, 0x0000000709800000|  0%| F|  |TAMS 0x0000000709700000, 0x0000000709700000| Untracked 
|  94|0x0000000709800000, 0x0000000709800000, 0x0000000709900000|  0%| F|  |TAMS 0x0000000709800000, 0x0000000709800000| Untracked 
|  95|0x0000000709900000, 0x0000000709900000, 0x0000000709a00000|  0%| F|  |TAMS 0x0000000709900000, 0x0000000709900000| Untracked 
|  96|0x0000000709a00000, 0x0000000709a00000, 0x0000000709b00000|  0%| F|  |TAMS 0x0000000709a00000, 0x0000000709a00000| Untracked 
|  97|0x0000000709b00000, 0x0000000709b00000, 0x0000000709c00000|  0%| F|  |TAMS 0x0000000709b00000, 0x0000000709b00000| Untracked 
|  98|0x0000000709c00000, 0x0000000709c00000, 0x0000000709d00000|  0%| F|  |TAMS 0x0000000709c00000, 0x0000000709c00000| Untracked 
|  99|0x0000000709d00000, 0x0000000709d00000, 0x0000000709e00000|  0%| F|  |TAMS 0x0000000709d00000, 0x0000000709d00000| Untracked 
| 100|0x0000000709e00000, 0x0000000709e00000, 0x0000000709f00000|  0%| F|  |TAMS 0x0000000709e00000, 0x0000000709e00000| Untracked 
| 101|0x0000000709f00000, 0x0000000709f00000, 0x000000070a000000|  0%| F|  |TAMS 0x0000000709f00000, 0x0000000709f00000| Untracked 
| 102|0x000000070a000000, 0x000000070a000000, 0x000000070a100000|  0%| F|  |TAMS 0x000000070a000000, 0x000000070a000000| Untracked 
| 103|0x000000070a100000, 0x000000070a100000, 0x000000070a200000|  0%| F|  |TAMS 0x000000070a100000, 0x000000070a100000| Untracked 
| 104|0x000000070a200000, 0x000000070a200000, 0x000000070a300000|  0%| F|  |TAMS 0x000000070a200000, 0x000000070a200000| Untracked 
| 105|0x000000070a300000, 0x000000070a300000, 0x000000070a400000|  0%| F|  |TAMS 0x000000070a300000, 0x000000070a300000| Untracked 
| 106|0x000000070a400000, 0x000000070a400000, 0x000000070a500000|  0%| F|  |TAMS 0x000000070a400000, 0x000000070a400000| Untracked 
| 107|0x000000070a500000, 0x000000070a500000, 0x000000070a600000|  0%| F|  |TAMS 0x000000070a500000, 0x000000070a500000| Untracked 
| 108|0x000000070a600000, 0x000000070a600000, 0x000000070a700000|  0%| F|  |TAMS 0x000000070a600000, 0x000000070a600000| Untracked 
| 109|0x000000070a700000, 0x000000070a700000, 0x000000070a800000|  0%| F|  |TAMS 0x000000070a700000, 0x000000070a700000| Untracked 
| 110|0x000000070a800000, 0x000000070a800000, 0x000000070a900000|  0%| F|  |TAMS 0x000000070a800000, 0x000000070a800000| Untracked 
| 111|0x000000070a900000, 0x000000070a900000, 0x000000070aa00000|  0%| F|  |TAMS 0x000000070a900000, 0x000000070a900000| Untracked 
| 112|0x000000070aa00000, 0x000000070aa00000, 0x000000070ab00000|  0%| F|  |TAMS 0x000000070aa00000, 0x000000070aa00000| Untracked 
| 113|0x000000070ab00000, 0x000000070ab00000, 0x000000070ac00000|  0%| F|  |TAMS 0x000000070ab00000, 0x000000070ab00000| Untracked 
| 114|0x000000070ac00000, 0x000000070ac00000, 0x000000070ad00000|  0%| F|  |TAMS 0x000000070ac00000, 0x000000070ac00000| Untracked 
| 115|0x000000070ad00000, 0x000000070ad00000, 0x000000070ae00000|  0%| F|  |TAMS 0x000000070ad00000, 0x000000070ad00000| Untracked 
| 116|0x000000070ae00000, 0x000000070ae00000, 0x000000070af00000|  0%| F|  |TAMS 0x000000070ae00000, 0x000000070ae00000| Untracked 
| 117|0x000000070af00000, 0x000000070af00000, 0x000000070b000000|  0%| F|  |TAMS 0x000000070af00000, 0x000000070af00000| Untracked 
| 118|0x000000070b000000, 0x000000070b000000, 0x000000070b100000|  0%| F|  |TAMS 0x000000070b000000, 0x000000070b000000| Untracked 
| 119|0x000000070b100000, 0x000000070b100000, 0x000000070b200000|  0%| F|  |TAMS 0x000000070b100000, 0x000000070b100000| Untracked 
| 120|0x000000070b200000, 0x000000070b200000, 0x000000070b300000|  0%| F|  |TAMS 0x000000070b200000, 0x000000070b200000| Untracked 
| 121|0x000000070b300000, 0x000000070b300000, 0x000000070b400000|  0%| F|  |TAMS 0x000000070b300000, 0x000000070b300000| Untracked 
| 122|0x000000070b400000, 0x000000070b48b470, 0x000000070b500000| 54%| S|CS|TAMS 0x000000070b400000, 0x000000070b400000| Complete 
| 123|0x000000070b500000, 0x000000070b500000, 0x000000070b600000|  0%| F|  |TAMS 0x000000070b500000, 0x000000070b500000| Untracked 
| 124|0x000000070b600000, 0x000000070b600000, 0x000000070b700000|  0%| F|  |TAMS 0x000000070b600000, 0x000000070b600000| Untracked 
| 125|0x000000070b700000, 0x000000070b700000, 0x000000070b800000|  0%| F|  |TAMS 0x000000070b700000, 0x000000070b700000| Untracked 
| 126|0x000000070b800000, 0x000000070b800000, 0x000000070b900000|  0%| F|  |TAMS 0x000000070b800000, 0x000000070b800000| Untracked 
| 127|0x000000070b900000, 0x000000070b900000, 0x000000070ba00000|  0%| F|  |TAMS 0x000000070b900000, 0x000000070b900000| Untracked 
| 128|0x000000070ba00000, 0x000000070ba00000, 0x000000070bb00000|  0%| F|  |TAMS 0x000000070ba00000, 0x000000070ba00000| Untracked 
| 129|0x000000070bb00000, 0x000000070bb00000, 0x000000070bc00000|  0%| F|  |TAMS 0x000000070bb00000, 0x000000070bb00000| Untracked 
| 130|0x000000070bc00000, 0x000000070bc00000, 0x000000070bd00000|  0%| F|  |TAMS 0x000000070bc00000, 0x000000070bc00000| Untracked 
| 131|0x000000070bd00000, 0x000000070bd00000, 0x000000070be00000|  0%| F|  |TAMS 0x000000070bd00000, 0x000000070bd00000| Untracked 
| 132|0x000000070be00000, 0x000000070be00000, 0x000000070bf00000|  0%| F|  |TAMS 0x000000070be00000, 0x000000070be00000| Untracked 
| 133|0x000000070bf00000, 0x000000070bf00000, 0x000000070c000000|  0%| F|  |TAMS 0x000000070bf00000, 0x000000070bf00000| Untracked 
| 134|0x000000070c000000, 0x000000070c000000, 0x000000070c100000|  0%| F|  |TAMS 0x000000070c000000, 0x000000070c000000| Untracked 
| 135|0x000000070c100000, 0x000000070c100000, 0x000000070c200000|  0%| F|  |TAMS 0x000000070c100000, 0x000000070c100000| Untracked 
| 136|0x000000070c200000, 0x000000070c200000, 0x000000070c300000|  0%| F|  |TAMS 0x000000070c200000, 0x000000070c200000| Untracked 
| 137|0x000000070c300000, 0x000000070c300000, 0x000000070c400000|  0%| F|  |TAMS 0x000000070c300000, 0x000000070c300000| Untracked 
| 138|0x000000070c400000, 0x000000070c400000, 0x000000070c500000|  0%| F|  |TAMS 0x000000070c400000, 0x000000070c400000| Untracked 
| 139|0x000000070c500000, 0x000000070c500000, 0x000000070c600000|  0%| F|  |TAMS 0x000000070c500000, 0x000000070c500000| Untracked 
| 140|0x000000070c600000, 0x000000070c600000, 0x000000070c700000|  0%| F|  |TAMS 0x000000070c600000, 0x000000070c600000| Untracked 
| 141|0x000000070c700000, 0x000000070c700000, 0x000000070c800000|  0%| F|  |TAMS 0x000000070c700000, 0x000000070c700000| Untracked 
| 142|0x000000070c800000, 0x000000070c800000, 0x000000070c900000|  0%| F|  |TAMS 0x000000070c800000, 0x000000070c800000| Untracked 
| 143|0x000000070c900000, 0x000000070c900000, 0x000000070ca00000|  0%| F|  |TAMS 0x000000070c900000, 0x000000070c900000| Untracked 
| 144|0x000000070ca00000, 0x000000070ca00000, 0x000000070cb00000|  0%| F|  |TAMS 0x000000070ca00000, 0x000000070ca00000| Untracked 
| 145|0x000000070cb00000, 0x000000070cb00000, 0x000000070cc00000|  0%| F|  |TAMS 0x000000070cb00000, 0x000000070cb00000| Untracked 
| 146|0x000000070cc00000, 0x000000070cc00000, 0x000000070cd00000|  0%| F|  |TAMS 0x000000070cc00000, 0x000000070cc00000| Untracked 
| 147|0x000000070cd00000, 0x000000070cd00000, 0x000000070ce00000|  0%| F|  |TAMS 0x000000070cd00000, 0x000000070cd00000| Untracked 
| 148|0x000000070ce00000, 0x000000070ce00000, 0x000000070cf00000|  0%| F|  |TAMS 0x000000070ce00000, 0x000000070ce00000| Untracked 
| 149|0x000000070cf00000, 0x000000070cf00000, 0x000000070d000000|  0%| F|  |TAMS 0x000000070cf00000, 0x000000070cf00000| Untracked 
| 150|0x000000070d000000, 0x000000070d000000, 0x000000070d100000|  0%| F|  |TAMS 0x000000070d000000, 0x000000070d000000| Untracked 
| 151|0x000000070d100000, 0x000000070d100000, 0x000000070d200000|  0%| F|  |TAMS 0x000000070d100000, 0x000000070d100000| Untracked 
| 152|0x000000070d200000, 0x000000070d200000, 0x000000070d300000|  0%| F|  |TAMS 0x000000070d200000, 0x000000070d200000| Untracked 
| 153|0x000000070d300000, 0x000000070d300000, 0x000000070d400000|  0%| F|  |TAMS 0x000000070d300000, 0x000000070d300000| Untracked 
| 154|0x000000070d400000, 0x000000070d400000, 0x000000070d500000|  0%| F|  |TAMS 0x000000070d400000, 0x000000070d400000| Untracked 
| 155|0x000000070d500000, 0x000000070d500000, 0x000000070d600000|  0%| F|  |TAMS 0x000000070d500000, 0x000000070d500000| Untracked 
| 156|0x000000070d600000, 0x000000070d600000, 0x000000070d700000|  0%| F|  |TAMS 0x000000070d600000, 0x000000070d600000| Untracked 
| 157|0x000000070d700000, 0x000000070d700000, 0x000000070d800000|  0%| F|  |TAMS 0x000000070d700000, 0x000000070d700000| Untracked 
| 158|0x000000070d800000, 0x000000070d800000, 0x000000070d900000|  0%| F|  |TAMS 0x000000070d800000, 0x000000070d800000| Untracked 
| 159|0x000000070d900000, 0x000000070d900000, 0x000000070da00000|  0%| F|  |TAMS 0x000000070d900000, 0x000000070d900000| Untracked 
| 160|0x000000070da00000, 0x000000070da00000, 0x000000070db00000|  0%| F|  |TAMS 0x000000070da00000, 0x000000070da00000| Untracked 
| 161|0x000000070db00000, 0x000000070db00000, 0x000000070dc00000|  0%| F|  |TAMS 0x000000070db00000, 0x000000070db00000| Untracked 
| 162|0x000000070dc00000, 0x000000070dc00000, 0x000000070dd00000|  0%| F|  |TAMS 0x000000070dc00000, 0x000000070dc00000| Untracked 
| 163|0x000000070dd00000, 0x000000070dd00000, 0x000000070de00000|  0%| F|  |TAMS 0x000000070dd00000, 0x000000070dd00000| Untracked 
| 164|0x000000070de00000, 0x000000070de00000, 0x000000070df00000|  0%| F|  |TAMS 0x000000070de00000, 0x000000070de00000| Untracked 
| 165|0x000000070df00000, 0x000000070df00000, 0x000000070e000000|  0%| F|  |TAMS 0x000000070df00000, 0x000000070df00000| Untracked 
| 166|0x000000070e000000, 0x000000070e000000, 0x000000070e100000|  0%| F|  |TAMS 0x000000070e000000, 0x000000070e000000| Untracked 
| 167|0x000000070e100000, 0x000000070e100000, 0x000000070e200000|  0%| F|  |TAMS 0x000000070e100000, 0x000000070e100000| Untracked 
| 168|0x000000070e200000, 0x000000070e200000, 0x000000070e300000|  0%| F|  |TAMS 0x000000070e200000, 0x000000070e200000| Untracked 
| 169|0x000000070e300000, 0x000000070e300000, 0x000000070e400000|  0%| F|  |TAMS 0x000000070e300000, 0x000000070e300000| Untracked 
| 170|0x000000070e400000, 0x000000070e400000, 0x000000070e500000|  0%| F|  |TAMS 0x000000070e400000, 0x000000070e400000| Untracked 
| 171|0x000000070e500000, 0x000000070e500000, 0x000000070e600000|  0%| F|  |TAMS 0x000000070e500000, 0x000000070e500000| Untracked 
| 172|0x000000070e600000, 0x000000070e600000, 0x000000070e700000|  0%| F|  |TAMS 0x000000070e600000, 0x000000070e600000| Untracked 
| 173|0x000000070e700000, 0x000000070e700000, 0x000000070e800000|  0%| F|  |TAMS 0x000000070e700000, 0x000000070e700000| Untracked 
| 174|0x000000070e800000, 0x000000070e800000, 0x000000070e900000|  0%| F|  |TAMS 0x000000070e800000, 0x000000070e800000| Untracked 
| 175|0x000000070e900000, 0x000000070e900000, 0x000000070ea00000|  0%| F|  |TAMS 0x000000070e900000, 0x000000070e900000| Untracked 
| 176|0x000000070ea00000, 0x000000070ea00000, 0x000000070eb00000|  0%| F|  |TAMS 0x000000070ea00000, 0x000000070ea00000| Untracked 
| 177|0x000000070eb00000, 0x000000070eb00000, 0x000000070ec00000|  0%| F|  |TAMS 0x000000070eb00000, 0x000000070eb00000| Untracked 
| 178|0x000000070ec00000, 0x000000070ec00000, 0x000000070ed00000|  0%| F|  |TAMS 0x000000070ec00000, 0x000000070ec00000| Untracked 
| 179|0x000000070ed00000, 0x000000070ed00000, 0x000000070ee00000|  0%| F|  |TAMS 0x000000070ed00000, 0x000000070ed00000| Untracked 
| 180|0x000000070ee00000, 0x000000070ee00000, 0x000000070ef00000|  0%| F|  |TAMS 0x000000070ee00000, 0x000000070ee00000| Untracked 
| 181|0x000000070ef00000, 0x000000070ef00000, 0x000000070f000000|  0%| F|  |TAMS 0x000000070ef00000, 0x000000070ef00000| Untracked 
| 182|0x000000070f000000, 0x000000070f000000, 0x000000070f100000|  0%| F|  |TAMS 0x000000070f000000, 0x000000070f000000| Untracked 
| 183|0x000000070f100000, 0x000000070f100000, 0x000000070f200000|  0%| F|  |TAMS 0x000000070f100000, 0x000000070f100000| Untracked 
| 184|0x000000070f200000, 0x000000070f200000, 0x000000070f300000|  0%| F|  |TAMS 0x000000070f200000, 0x000000070f200000| Untracked 
| 185|0x000000070f300000, 0x000000070f300000, 0x000000070f400000|  0%| F|  |TAMS 0x000000070f300000, 0x000000070f300000| Untracked 
| 186|0x000000070f400000, 0x000000070f400000, 0x000000070f500000|  0%| F|  |TAMS 0x000000070f400000, 0x000000070f400000| Untracked 
| 187|0x000000070f500000, 0x000000070f500000, 0x000000070f600000|  0%| F|  |TAMS 0x000000070f500000, 0x000000070f500000| Untracked 
| 188|0x000000070f600000, 0x000000070f600000, 0x000000070f700000|  0%| F|  |TAMS 0x000000070f600000, 0x000000070f600000| Untracked 
| 189|0x000000070f700000, 0x000000070f700000, 0x000000070f800000|  0%| F|  |TAMS 0x000000070f700000, 0x000000070f700000| Untracked 
| 190|0x000000070f800000, 0x000000070f800000, 0x000000070f900000|  0%| F|  |TAMS 0x000000070f800000, 0x000000070f800000| Untracked 
| 191|0x000000070f900000, 0x000000070f900000, 0x000000070fa00000|  0%| F|  |TAMS 0x000000070f900000, 0x000000070f900000| Untracked 
| 192|0x000000070fa00000, 0x000000070fa00000, 0x000000070fb00000|  0%| F|  |TAMS 0x000000070fa00000, 0x000000070fa00000| Untracked 
| 193|0x000000070fb00000, 0x000000070fb00000, 0x000000070fc00000|  0%| F|  |TAMS 0x000000070fb00000, 0x000000070fb00000| Untracked 
| 194|0x000000070fc00000, 0x000000070fc00000, 0x000000070fd00000|  0%| F|  |TAMS 0x000000070fc00000, 0x000000070fc00000| Untracked 
| 195|0x000000070fd00000, 0x000000070fd00000, 0x000000070fe00000|  0%| F|  |TAMS 0x000000070fd00000, 0x000000070fd00000| Untracked 
| 196|0x000000070fe00000, 0x000000070fe00000, 0x000000070ff00000|  0%| F|  |TAMS 0x000000070fe00000, 0x000000070fe00000| Untracked 
| 197|0x000000070ff00000, 0x000000070ff00000, 0x0000000710000000|  0%| F|  |TAMS 0x000000070ff00000, 0x000000070ff00000| Untracked 
| 198|0x0000000710000000, 0x0000000710000000, 0x0000000710100000|  0%| F|  |TAMS 0x0000000710000000, 0x0000000710000000| Untracked 
| 199|0x0000000710100000, 0x0000000710100000, 0x0000000710200000|  0%| F|  |TAMS 0x0000000710100000, 0x0000000710100000| Untracked 
| 200|0x0000000710200000, 0x0000000710200000, 0x0000000710300000|  0%| F|  |TAMS 0x0000000710200000, 0x0000000710200000| Untracked 
| 201|0x0000000710300000, 0x0000000710300000, 0x0000000710400000|  0%| F|  |TAMS 0x0000000710300000, 0x0000000710300000| Untracked 
| 202|0x0000000710400000, 0x0000000710400000, 0x0000000710500000|  0%| F|  |TAMS 0x0000000710400000, 0x0000000710400000| Untracked 
| 203|0x0000000710500000, 0x0000000710500000, 0x0000000710600000|  0%| F|  |TAMS 0x0000000710500000, 0x0000000710500000| Untracked 
| 204|0x0000000710600000, 0x0000000710600000, 0x0000000710700000|  0%| F|  |TAMS 0x0000000710600000, 0x0000000710600000| Untracked 
| 205|0x0000000710700000, 0x0000000710700000, 0x0000000710800000|  0%| F|  |TAMS 0x0000000710700000, 0x0000000710700000| Untracked 
| 206|0x0000000710800000, 0x0000000710800000, 0x0000000710900000|  0%| F|  |TAMS 0x0000000710800000, 0x0000000710800000| Untracked 
| 207|0x0000000710900000, 0x0000000710900000, 0x0000000710a00000|  0%| F|  |TAMS 0x0000000710900000, 0x0000000710900000| Untracked 
| 208|0x0000000710a00000, 0x0000000710a00000, 0x0000000710b00000|  0%| F|  |TAMS 0x0000000710a00000, 0x0000000710a00000| Untracked 
| 209|0x0000000710b00000, 0x0000000710b00000, 0x0000000710c00000|  0%| F|  |TAMS 0x0000000710b00000, 0x0000000710b00000| Untracked 
| 210|0x0000000710c00000, 0x0000000710c00000, 0x0000000710d00000|  0%| F|  |TAMS 0x0000000710c00000, 0x0000000710c00000| Untracked 
| 211|0x0000000710d00000, 0x0000000710d00000, 0x0000000710e00000|  0%| F|  |TAMS 0x0000000710d00000, 0x0000000710d00000| Untracked 
| 212|0x0000000710e00000, 0x0000000710e00000, 0x0000000710f00000|  0%| F|  |TAMS 0x0000000710e00000, 0x0000000710e00000| Untracked 
| 213|0x0000000710f00000, 0x0000000710f00000, 0x0000000711000000|  0%| F|  |TAMS 0x0000000710f00000, 0x0000000710f00000| Untracked 
| 214|0x0000000711000000, 0x0000000711000000, 0x0000000711100000|  0%| F|  |TAMS 0x0000000711000000, 0x0000000711000000| Untracked 
| 215|0x0000000711100000, 0x0000000711100000, 0x0000000711200000|  0%| F|  |TAMS 0x0000000711100000, 0x0000000711100000| Untracked 
| 216|0x0000000711200000, 0x0000000711200000, 0x0000000711300000|  0%| F|  |TAMS 0x0000000711200000, 0x0000000711200000| Untracked 
| 217|0x0000000711300000, 0x0000000711300000, 0x0000000711400000|  0%| F|  |TAMS 0x0000000711300000, 0x0000000711300000| Untracked 
| 218|0x0000000711400000, 0x0000000711400000, 0x0000000711500000|  0%| F|  |TAMS 0x0000000711400000, 0x0000000711400000| Untracked 
| 219|0x0000000711500000, 0x0000000711500000, 0x0000000711600000|  0%| F|  |TAMS 0x0000000711500000, 0x0000000711500000| Untracked 
| 220|0x0000000711600000, 0x0000000711600000, 0x0000000711700000|  0%| F|  |TAMS 0x0000000711600000, 0x0000000711600000| Untracked 
| 221|0x0000000711700000, 0x0000000711700000, 0x0000000711800000|  0%| F|  |TAMS 0x0000000711700000, 0x0000000711700000| Untracked 
| 222|0x0000000711800000, 0x0000000711800000, 0x0000000711900000|  0%| F|  |TAMS 0x0000000711800000, 0x0000000711800000| Untracked 
| 223|0x0000000711900000, 0x0000000711900000, 0x0000000711a00000|  0%| F|  |TAMS 0x0000000711900000, 0x0000000711900000| Untracked 
| 224|0x0000000711a00000, 0x0000000711a00000, 0x0000000711b00000|  0%| F|  |TAMS 0x0000000711a00000, 0x0000000711a00000| Untracked 
| 225|0x0000000711b00000, 0x0000000711b00000, 0x0000000711c00000|  0%| F|  |TAMS 0x0000000711b00000, 0x0000000711b00000| Untracked 
| 226|0x0000000711c00000, 0x0000000711c00000, 0x0000000711d00000|  0%| F|  |TAMS 0x0000000711c00000, 0x0000000711c00000| Untracked 
| 227|0x0000000711d00000, 0x0000000711d00000, 0x0000000711e00000|  0%| F|  |TAMS 0x0000000711d00000, 0x0000000711d00000| Untracked 
| 228|0x0000000711e00000, 0x0000000711e00000, 0x0000000711f00000|  0%| F|  |TAMS 0x0000000711e00000, 0x0000000711e00000| Untracked 
| 229|0x0000000711f00000, 0x0000000711f00000, 0x0000000712000000|  0%| F|  |TAMS 0x0000000711f00000, 0x0000000711f00000| Untracked 
| 230|0x0000000712000000, 0x0000000712000000, 0x0000000712100000|  0%| F|  |TAMS 0x0000000712000000, 0x0000000712000000| Untracked 
| 231|0x0000000712100000, 0x0000000712100000, 0x0000000712200000|  0%| F|  |TAMS 0x0000000712100000, 0x0000000712100000| Untracked 
| 232|0x0000000712200000, 0x0000000712200000, 0x0000000712300000|  0%| F|  |TAMS 0x0000000712200000, 0x0000000712200000| Untracked 
| 233|0x0000000712300000, 0x0000000712300000, 0x0000000712400000|  0%| F|  |TAMS 0x0000000712300000, 0x0000000712300000| Untracked 
| 234|0x0000000712400000, 0x0000000712400000, 0x0000000712500000|  0%| F|  |TAMS 0x0000000712400000, 0x0000000712400000| Untracked 
| 235|0x0000000712500000, 0x0000000712500000, 0x0000000712600000|  0%| F|  |TAMS 0x0000000712500000, 0x0000000712500000| Untracked 
| 236|0x0000000712600000, 0x0000000712600000, 0x0000000712700000|  0%| F|  |TAMS 0x0000000712600000, 0x0000000712600000| Untracked 
| 237|0x0000000712700000, 0x0000000712700000, 0x0000000712800000|  0%| F|  |TAMS 0x0000000712700000, 0x0000000712700000| Untracked 
| 238|0x0000000712800000, 0x0000000712800000, 0x0000000712900000|  0%| F|  |TAMS 0x0000000712800000, 0x0000000712800000| Untracked 
| 239|0x0000000712900000, 0x0000000712900000, 0x0000000712a00000|  0%| F|  |TAMS 0x0000000712900000, 0x0000000712900000| Untracked 
| 240|0x0000000712a00000, 0x0000000712a00000, 0x0000000712b00000|  0%| F|  |TAMS 0x0000000712a00000, 0x0000000712a00000| Untracked 
| 241|0x0000000712b00000, 0x0000000712b00000, 0x0000000712c00000|  0%| F|  |TAMS 0x0000000712b00000, 0x0000000712b00000| Untracked 
| 242|0x0000000712c00000, 0x0000000712c00000, 0x0000000712d00000|  0%| F|  |TAMS 0x0000000712c00000, 0x0000000712c00000| Untracked 
| 243|0x0000000712d00000, 0x0000000712d00000, 0x0000000712e00000|  0%| F|  |TAMS 0x0000000712d00000, 0x0000000712d00000| Untracked 
| 244|0x0000000712e00000, 0x0000000712e00000, 0x0000000712f00000|  0%| F|  |TAMS 0x0000000712e00000, 0x0000000712e00000| Untracked 
| 245|0x0000000712f00000, 0x0000000712f00000, 0x0000000713000000|  0%| F|  |TAMS 0x0000000712f00000, 0x0000000712f00000| Untracked 
| 246|0x0000000713000000, 0x0000000713000000, 0x0000000713100000|  0%| F|  |TAMS 0x0000000713000000, 0x0000000713000000| Untracked 
| 247|0x0000000713100000, 0x0000000713100000, 0x0000000713200000|  0%| F|  |TAMS 0x0000000713100000, 0x0000000713100000| Untracked 
| 248|0x0000000713200000, 0x0000000713200000, 0x0000000713300000|  0%| F|  |TAMS 0x0000000713200000, 0x0000000713200000| Untracked 
| 249|0x0000000713300000, 0x0000000713300000, 0x0000000713400000|  0%| F|  |TAMS 0x0000000713300000, 0x0000000713300000| Untracked 
| 250|0x0000000713400000, 0x0000000713400000, 0x0000000713500000|  0%| F|  |TAMS 0x0000000713400000, 0x0000000713400000| Untracked 
| 251|0x0000000713500000, 0x0000000713500000, 0x0000000713600000|  0%| F|  |TAMS 0x0000000713500000, 0x0000000713500000| Untracked 
| 252|0x0000000713600000, 0x0000000713600000, 0x0000000713700000|  0%| F|  |TAMS 0x0000000713600000, 0x0000000713600000| Untracked 
| 253|0x0000000713700000, 0x0000000713700000, 0x0000000713800000|  0%| F|  |TAMS 0x0000000713700000, 0x0000000713700000| Untracked 
| 254|0x0000000713800000, 0x0000000713800000, 0x0000000713900000|  0%| F|  |TAMS 0x0000000713800000, 0x0000000713800000| Untracked 
| 255|0x0000000713900000, 0x0000000713900000, 0x0000000713a00000|  0%| F|  |TAMS 0x0000000713900000, 0x0000000713900000| Untracked 
| 256|0x0000000713a00000, 0x0000000713a00000, 0x0000000713b00000|  0%| F|  |TAMS 0x0000000713a00000, 0x0000000713a00000| Untracked 
| 257|0x0000000713b00000, 0x0000000713b00000, 0x0000000713c00000|  0%| F|  |TAMS 0x0000000713b00000, 0x0000000713b00000| Untracked 
| 258|0x0000000713c00000, 0x0000000713c00000, 0x0000000713d00000|  0%| F|  |TAMS 0x0000000713c00000, 0x0000000713c00000| Untracked 
| 259|0x0000000713d00000, 0x0000000713d00000, 0x0000000713e00000|  0%| F|  |TAMS 0x0000000713d00000, 0x0000000713d00000| Untracked 
| 260|0x0000000713e00000, 0x0000000713e00000, 0x0000000713f00000|  0%| F|  |TAMS 0x0000000713e00000, 0x0000000713e00000| Untracked 
| 261|0x0000000713f00000, 0x0000000713f00000, 0x0000000714000000|  0%| F|  |TAMS 0x0000000713f00000, 0x0000000713f00000| Untracked 
| 262|0x0000000714000000, 0x0000000714000000, 0x0000000714100000|  0%| F|  |TAMS 0x0000000714000000, 0x0000000714000000| Untracked 
| 263|0x0000000714100000, 0x0000000714100000, 0x0000000714200000|  0%| F|  |TAMS 0x0000000714100000, 0x0000000714100000| Untracked 
| 264|0x0000000714200000, 0x0000000714200000, 0x0000000714300000|  0%| F|  |TAMS 0x0000000714200000, 0x0000000714200000| Untracked 
| 265|0x0000000714300000, 0x0000000714300000, 0x0000000714400000|  0%| F|  |TAMS 0x0000000714300000, 0x0000000714300000| Untracked 
| 266|0x0000000714400000, 0x0000000714400000, 0x0000000714500000|  0%| F|  |TAMS 0x0000000714400000, 0x0000000714400000| Untracked 
| 267|0x0000000714500000, 0x0000000714500000, 0x0000000714600000|  0%| F|  |TAMS 0x0000000714500000, 0x0000000714500000| Untracked 
| 268|0x0000000714600000, 0x0000000714600000, 0x0000000714700000|  0%| F|  |TAMS 0x0000000714600000, 0x0000000714600000| Untracked 
| 269|0x0000000714700000, 0x0000000714700000, 0x0000000714800000|  0%| F|  |TAMS 0x0000000714700000, 0x0000000714700000| Untracked 
| 270|0x0000000714800000, 0x0000000714800000, 0x0000000714900000|  0%| F|  |TAMS 0x0000000714800000, 0x0000000714800000| Untracked 
| 271|0x0000000714900000, 0x0000000714900000, 0x0000000714a00000|  0%| F|  |TAMS 0x0000000714900000, 0x0000000714900000| Untracked 
| 272|0x0000000714a00000, 0x0000000714a00000, 0x0000000714b00000|  0%| F|  |TAMS 0x0000000714a00000, 0x0000000714a00000| Untracked 
| 273|0x0000000714b00000, 0x0000000714b00000, 0x0000000714c00000|  0%| F|  |TAMS 0x0000000714b00000, 0x0000000714b00000| Untracked 
| 274|0x0000000714c00000, 0x0000000714c00000, 0x0000000714d00000|  0%| F|  |TAMS 0x0000000714c00000, 0x0000000714c00000| Untracked 
| 275|0x0000000714d00000, 0x0000000714d00000, 0x0000000714e00000|  0%| F|  |TAMS 0x0000000714d00000, 0x0000000714d00000| Untracked 
| 276|0x0000000714e00000, 0x0000000714e00000, 0x0000000714f00000|  0%| F|  |TAMS 0x0000000714e00000, 0x0000000714e00000| Untracked 
| 277|0x0000000714f00000, 0x0000000714f00000, 0x0000000715000000|  0%| F|  |TAMS 0x0000000714f00000, 0x0000000714f00000| Untracked 
| 278|0x0000000715000000, 0x0000000715000000, 0x0000000715100000|  0%| F|  |TAMS 0x0000000715000000, 0x0000000715000000| Untracked 
| 279|0x0000000715100000, 0x0000000715100000, 0x0000000715200000|  0%| F|  |TAMS 0x0000000715100000, 0x0000000715100000| Untracked 
| 280|0x0000000715200000, 0x0000000715200000, 0x0000000715300000|  0%| F|  |TAMS 0x0000000715200000, 0x0000000715200000| Untracked 
| 281|0x0000000715300000, 0x0000000715300000, 0x0000000715400000|  0%| F|  |TAMS 0x0000000715300000, 0x0000000715300000| Untracked 
| 282|0x0000000715400000, 0x0000000715400000, 0x0000000715500000|  0%| F|  |TAMS 0x0000000715400000, 0x0000000715400000| Untracked 
| 283|0x0000000715500000, 0x0000000715500000, 0x0000000715600000|  0%| F|  |TAMS 0x0000000715500000, 0x0000000715500000| Untracked 
| 284|0x0000000715600000, 0x0000000715600000, 0x0000000715700000|  0%| F|  |TAMS 0x0000000715600000, 0x0000000715600000| Untracked 
| 285|0x0000000715700000, 0x0000000715700000, 0x0000000715800000|  0%| F|  |TAMS 0x0000000715700000, 0x0000000715700000| Untracked 
| 286|0x0000000715800000, 0x0000000715800000, 0x0000000715900000|  0%| F|  |TAMS 0x0000000715800000, 0x0000000715800000| Untracked 
| 287|0x0000000715900000, 0x0000000715900000, 0x0000000715a00000|  0%| F|  |TAMS 0x0000000715900000, 0x0000000715900000| Untracked 
| 288|0x0000000715a00000, 0x0000000715a00000, 0x0000000715b00000|  0%| F|  |TAMS 0x0000000715a00000, 0x0000000715a00000| Untracked 
| 289|0x0000000715b00000, 0x0000000715b00000, 0x0000000715c00000|  0%| F|  |TAMS 0x0000000715b00000, 0x0000000715b00000| Untracked 
| 290|0x0000000715c00000, 0x0000000715c00000, 0x0000000715d00000|  0%| F|  |TAMS 0x0000000715c00000, 0x0000000715c00000| Untracked 
| 291|0x0000000715d00000, 0x0000000715d00000, 0x0000000715e00000|  0%| F|  |TAMS 0x0000000715d00000, 0x0000000715d00000| Untracked 
| 292|0x0000000715e00000, 0x0000000715e00000, 0x0000000715f00000|  0%| F|  |TAMS 0x0000000715e00000, 0x0000000715e00000| Untracked 
| 293|0x0000000715f00000, 0x0000000715f00000, 0x0000000716000000|  0%| F|  |TAMS 0x0000000715f00000, 0x0000000715f00000| Untracked 
| 294|0x0000000716000000, 0x0000000716000000, 0x0000000716100000|  0%| F|  |TAMS 0x0000000716000000, 0x0000000716000000| Untracked 
| 295|0x0000000716100000, 0x0000000716100000, 0x0000000716200000|  0%| F|  |TAMS 0x0000000716100000, 0x0000000716100000| Untracked 
| 296|0x0000000716200000, 0x0000000716280800, 0x0000000716300000| 50%| E|  |TAMS 0x0000000716200000, 0x0000000716200000| Complete 
| 297|0x0000000716300000, 0x0000000716400000, 0x0000000716400000|100%| E|CS|TAMS 0x0000000716300000, 0x0000000716300000| Complete 
| 298|0x0000000716400000, 0x0000000716500000, 0x0000000716500000|100%| E|CS|TAMS 0x0000000716400000, 0x0000000716400000| Complete 
| 299|0x0000000716500000, 0x0000000716600000, 0x0000000716600000|100%| E|CS|TAMS 0x0000000716500000, 0x0000000716500000| Complete 
| 300|0x0000000716600000, 0x0000000716700000, 0x0000000716700000|100%| E|CS|TAMS 0x0000000716600000, 0x0000000716600000| Complete 
| 301|0x0000000716700000, 0x0000000716800000, 0x0000000716800000|100%| E|CS|TAMS 0x0000000716700000, 0x0000000716700000| Complete 
| 302|0x0000000716800000, 0x0000000716900000, 0x0000000716900000|100%| E|CS|TAMS 0x0000000716800000, 0x0000000716800000| Complete 
| 303|0x0000000716900000, 0x0000000716a00000, 0x0000000716a00000|100%| E|CS|TAMS 0x0000000716900000, 0x0000000716900000| Complete 
| 304|0x0000000716a00000, 0x0000000716b00000, 0x0000000716b00000|100%| E|CS|TAMS 0x0000000716a00000, 0x0000000716a00000| Complete 

Card table byte_map: [0x000001a2ec5b0000,0x000001a2ecda0000] _byte_map_base: 0x000001a2e8d93000

Marking Bits (Prev, Next): (CMBitMap*) 0x000001a2d419b078, (CMBitMap*) 0x000001a2d419b0b0
 Prev Bits: [0x000001a2ed590000, 0x000001a2f14a8000)
 Next Bits: [0x000001a2f14b0000, 0x000001a2f53c8000)

Polling page: 0x000001a2d38f0000

Metaspace:

Usage:
  Non-class:     47.76 MB capacity,    46.60 MB ( 98%) used,   939.09 KB (  2%) free+waste,   245.69 KB ( <1%) overhead. 
      Class:      7.22 MB capacity,     6.38 MB ( 88%) used,   737.52 KB ( 10%) free+waste,   121.38 KB (  2%) overhead. 
       Both:     54.98 MB capacity,    52.99 MB ( 96%) used,     1.64 MB (  3%) free+waste,   367.06 KB ( <1%) overhead. 

Virtual space:
  Non-class space:       48.00 MB reserved,      48.00 MB (100%) committed 
      Class space:        1.00 GB reserved,       7.25 MB ( <1%) committed 
             Both:        1.05 GB reserved,      55.25 MB (  5%) committed 

Chunk freelists:
   Non-Class:  53.00 KB
       Class:  30.00 KB
        Both:  83.00 KB

MaxMetaspaceSize: 17179869184.00 GB
CompressedClassSpaceSize: 1.00 GB
Initial GC threshold: 20.80 MB
Current GC threshold: 58.96 MB
CDS: off

CodeHeap 'non-profiled nmethods': size=120000Kb used=4597Kb max_used=4597Kb free=115402Kb
 bounds [0x000001a2e4340000, 0x000001a2e47c0000, 0x000001a2eb870000]
CodeHeap 'profiled nmethods': size=120000Kb used=14563Kb max_used=14563Kb free=105436Kb
 bounds [0x000001a2dce10000, 0x000001a2ddc50000, 0x000001a2e4340000]
CodeHeap 'non-nmethods': size=5760Kb used=1374Kb max_used=1428Kb free=4385Kb
 bounds [0x000001a2dc870000, 0x000001a2dcae0000, 0x000001a2dce10000]
 total_blobs=7075 nmethods=6381 adapters=606
 compilation: enabled
              stopped_count=0, restarted_count=0
 full_count=0

Compilation events (20 events):
Event: 492.250 Thread 0x000001a2f8aa1800 6381   !   4       jdk.internal.reflect.GeneratedMethodAccessor37::invoke (66 bytes)
Event: 492.252 Thread 0x000001a2f8aa1800 nmethod 6381 0x000001a2e47b8690 code [0x000001a2e47b8840, 0x000001a2e47b8a28]
Event: 492.506 Thread 0x000001a2f8aa1800 6382   !   4       jdk.internal.reflect.GeneratedMethodAccessor38::invoke (66 bytes)
Event: 492.521 Thread 0x000001a2f8aa1800 nmethod 6382 0x000001a2e47b8d10 code [0x000001a2e47b8f40, 0x000001a2e47b9ba8]
Event: 514.031 Thread 0x000001a2f8aa2800 6383       3       javax.management.openmbean.CompositeDataSupport::getAll (46 bytes)
Event: 514.031 Thread 0x000001a2f8aa2800 nmethod 6383 0x000001a2ddc40510 code [0x000001a2ddc40700, 0x000001a2ddc40cc8]
Event: 514.031 Thread 0x000001a2f8aa2800 6384       1       com.sun.management.GarbageCollectionNotificationInfo::getGcInfo (5 bytes)
Event: 514.031 Thread 0x000001a2f8aa2800 nmethod 6384 0x000001a2e47ba810 code [0x000001a2e47ba9c0, 0x000001a2e47baa78]
Event: 526.125 Thread 0x000001a2f8aa1800 6385       4       javax.management.openmbean.OpenType::isAssignableFrom (6 bytes)
Event: 526.127 Thread 0x000001a2f8aa1800 nmethod 6385 0x000001a2e47bab10 code [0x000001a2e47bacc0, 0x000001a2e47baef8]
Event: 534.931 Thread 0x000001a2f8aa2800 6386       3       java.util.TreeSet::add (22 bytes)
Event: 534.932 Thread 0x000001a2f8aa2800 nmethod 6386 0x000001a2ddc40e90 code [0x000001a2ddc41060, 0x000001a2ddc412a8]
Event: 538.265 Thread 0x000001a2f8aa1800 6387       4       java.lang.reflect.AccessibleObject::verifyAccess (84 bytes)
Event: 538.265 Thread 0x000001a2f8aa2800 6388       3       java.util.HashMap$HashMapSpliterator::getFence (53 bytes)
Event: 538.265 Thread 0x000001a2f8aa2800 nmethod 6388 0x000001a2ddc41390 code [0x000001a2ddc41540, 0x000001a2ddc416f8]
Event: 538.292 Thread 0x000001a2f8aa1800 nmethod 6387 0x000001a2e47bb090 code [0x000001a2e47bb300, 0x000001a2e47bc968]
Event: 550.707 Thread 0x000001a2f8aa2800 6389       3       javax.management.ObjectName::construct (1135 bytes)
Event: 550.710 Thread 0x000001a2f8aa2800 nmethod 6389 0x000001a2ddc41810 code [0x000001a2ddc41ea0, 0x000001a2ddc46208]
Event: 550.710 Thread 0x000001a2f8aa2800 6390       3       java.lang.Class::getDeclaredField (54 bytes)
Event: 550.711 Thread 0x000001a2f8aa2800 nmethod 6390 0x000001a2ddc47b10 code [0x000001a2ddc47dc0, 0x000001a2ddc488b8]

GC Heap History (20 events):
Event: 431.406 GC heap before
{Heap before GC invocations=32 (full 0):
 garbage-first heap   total 312320K, used 213952K [0x0000000703a00000, 0x0000000800000000)
  region size 1024K, 183 young (187392K), 3 survivors (3072K)
 Metaspace       used 54216K, capacity 56236K, committed 56320K, reserved 1097728K
  class space    used 6535K, capacity 7394K, committed 7424K, reserved 1048576K
}
Event: 431.408 GC heap after
{Heap after GC invocations=33 (full 0):
 garbage-first heap   total 312320K, used 29658K [0x0000000703a00000, 0x0000000800000000)
  region size 1024K, 2 young (2048K), 2 survivors (2048K)
 Metaspace       used 54216K, capacity 56236K, committed 56320K, reserved 1097728K
  class space    used 6535K, capacity 7394K, committed 7424K, reserved 1048576K
}
Event: 445.704 GC heap before
{Heap before GC invocations=33 (full 0):
 garbage-first heap   total 312320K, used 215002K [0x0000000703a00000, 0x0000000800000000)
  region size 1024K, 183 young (187392K), 2 survivors (2048K)
 Metaspace       used 54217K, capacity 56236K, committed 56320K, reserved 1097728K
  class space    used 6535K, capacity 7394K, committed 7424K, reserved 1048576K
}
Event: 445.706 GC heap after
{Heap after GC invocations=34 (full 0):
 garbage-first heap   total 312320K, used 29670K [0x0000000703a00000, 0x0000000800000000)
  region size 1024K, 1 young (1024K), 1 survivors (1024K)
 Metaspace       used 54217K, capacity 56236K, committed 56320K, reserved 1097728K
  class space    used 6535K, capacity 7394K, committed 7424K, reserved 1048576K
}
Event: 460.348 GC heap before
{Heap before GC invocations=34 (full 0):
 garbage-first heap   total 312320K, used 216038K [0x0000000703a00000, 0x0000000800000000)
  region size 1024K, 183 young (187392K), 1 survivors (1024K)
 Metaspace       used 54219K, capacity 56236K, committed 56320K, reserved 1097728K
  class space    used 6535K, capacity 7394K, committed 7424K, reserved 1048576K
}
Event: 460.349 GC heap after
{Heap after GC invocations=35 (full 0):
 garbage-first heap   total 312320K, used 29676K [0x0000000703a00000, 0x0000000800000000)
  region size 1024K, 1 young (1024K), 1 survivors (1024K)
 Metaspace       used 54219K, capacity 56236K, committed 56320K, reserved 1097728K
  class space    used 6535K, capacity 7394K, committed 7424K, reserved 1048576K
}
Event: 475.151 GC heap before
{Heap before GC invocations=35 (full 0):
 garbage-first heap   total 312320K, used 216044K [0x0000000703a00000, 0x0000000800000000)
  region size 1024K, 183 young (187392K), 1 survivors (1024K)
 Metaspace       used 54220K, capacity 56236K, committed 56320K, reserved 1097728K
  class space    used 6535K, capacity 7394K, committed 7424K, reserved 1048576K
}
Event: 475.152 GC heap after
{Heap after GC invocations=36 (full 0):
 garbage-first heap   total 312320K, used 29619K [0x0000000703a00000, 0x0000000800000000)
  region size 1024K, 1 young (1024K), 1 survivors (1024K)
 Metaspace       used 54220K, capacity 56236K, committed 56320K, reserved 1097728K
  class space    used 6535K, capacity 7394K, committed 7424K, reserved 1048576K
}
Event: 489.418 GC heap before
{Heap before GC invocations=36 (full 0):
 garbage-first heap   total 312320K, used 214963K [0x0000000703a00000, 0x0000000800000000)
  region size 1024K, 183 young (187392K), 1 survivors (1024K)
 Metaspace       used 54246K, capacity 56237K, committed 56320K, reserved 1097728K
  class space    used 6535K, capacity 7394K, committed 7424K, reserved 1048576K
}
Event: 489.419 GC heap after
{Heap after GC invocations=37 (full 0):
 garbage-first heap   total 312320K, used 29633K [0x0000000703a00000, 0x0000000800000000)
  region size 1024K, 1 young (1024K), 1 survivors (1024K)
 Metaspace       used 54246K, capacity 56237K, committed 56320K, reserved 1097728K
  class space    used 6535K, capacity 7394K, committed 7424K, reserved 1048576K
}
Event: 501.540 GC heap before
{Heap before GC invocations=37 (full 0):
 garbage-first heap   total 312320K, used 216001K [0x0000000703a00000, 0x0000000800000000)
  region size 1024K, 183 young (187392K), 1 survivors (1024K)
 Metaspace       used 54246K, capacity 56237K, committed 56320K, reserved 1097728K
  class space    used 6535K, capacity 7394K, committed 7424K, reserved 1048576K
}
Event: 501.541 GC heap after
{Heap after GC invocations=38 (full 0):
 garbage-first heap   total 312320K, used 29632K [0x0000000703a00000, 0x0000000800000000)
  region size 1024K, 1 young (1024K), 1 survivors (1024K)
 Metaspace       used 54246K, capacity 56237K, committed 56320K, reserved 1097728K
  class space    used 6535K, capacity 7394K, committed 7424K, reserved 1048576K
}
Event: 514.030 GC heap before
{Heap before GC invocations=38 (full 0):
 garbage-first heap   total 312320K, used 216000K [0x0000000703a00000, 0x0000000800000000)
  region size 1024K, 183 young (187392K), 1 survivors (1024K)
 Metaspace       used 54246K, capacity 56237K, committed 56320K, reserved 1097728K
  class space    used 6535K, capacity 7394K, committed 7424K, reserved 1048576K
}
Event: 514.030 GC heap after
{Heap after GC invocations=39 (full 0):
 garbage-first heap   total 312320K, used 29631K [0x0000000703a00000, 0x0000000800000000)
  region size 1024K, 1 young (1024K), 1 survivors (1024K)
 Metaspace       used 54246K, capacity 56237K, committed 56320K, reserved 1097728K
  class space    used 6535K, capacity 7394K, committed 7424K, reserved 1048576K
}
Event: 526.124 GC heap before
{Heap before GC invocations=39 (full 0):
 garbage-first heap   total 312320K, used 215999K [0x0000000703a00000, 0x0000000800000000)
  region size 1024K, 183 young (187392K), 1 survivors (1024K)
 Metaspace       used 54246K, capacity 56237K, committed 56320K, reserved 1097728K
  class space    used 6535K, capacity 7394K, committed 7424K, reserved 1048576K
}
Event: 526.125 GC heap after
{Heap after GC invocations=40 (full 0):
 garbage-first heap   total 312320K, used 29646K [0x0000000703a00000, 0x0000000800000000)
  region size 1024K, 1 young (1024K), 1 survivors (1024K)
 Metaspace       used 54246K, capacity 56237K, committed 56320K, reserved 1097728K
  class space    used 6535K, capacity 7394K, committed 7424K, reserved 1048576K
}
Event: 538.263 GC heap before
{Heap before GC invocations=40 (full 0):
 garbage-first heap   total 312320K, used 216014K [0x0000000703a00000, 0x0000000800000000)
  region size 1024K, 183 young (187392K), 1 survivors (1024K)
 Metaspace       used 54247K, capacity 56237K, committed 56320K, reserved 1097728K
  class space    used 6535K, capacity 7394K, committed 7424K, reserved 1048576K
}
Event: 538.264 GC heap after
{Heap after GC invocations=41 (full 0):
 garbage-first heap   total 312320K, used 29654K [0x0000000703a00000, 0x0000000800000000)
  region size 1024K, 1 young (1024K), 1 survivors (1024K)
 Metaspace       used 54247K, capacity 56237K, committed 56320K, reserved 1097728K
  class space    used 6535K, capacity 7394K, committed 7424K, reserved 1048576K
}
Event: 550.706 GC heap before
{Heap before GC invocations=41 (full 0):
 garbage-first heap   total 312320K, used 216022K [0x0000000703a00000, 0x0000000800000000)
  region size 1024K, 183 young (187392K), 1 survivors (1024K)
 Metaspace       used 54247K, capacity 56237K, committed 56320K, reserved 1097728K
  class space    used 6535K, capacity 7394K, committed 7424K, reserved 1048576K
}
Event: 550.707 GC heap after
{Heap after GC invocations=42 (full 0):
 garbage-first heap   total 312320K, used 29648K [0x0000000703a00000, 0x0000000800000000)
  region size 1024K, 1 young (1024K), 1 survivors (1024K)
 Metaspace       used 54247K, capacity 56237K, committed 56320K, reserved 1097728K
  class space    used 6535K, capacity 7394K, committed 7424K, reserved 1048576K
}

Deoptimization events (20 events):
Event: 488.973 Thread 0x000001a2fe9fd000 Uncommon trap: trap_request=0xffffff4d fr.pc=0x000001a2e47a6270 relative=0x0000000000001e90
Event: 488.973 Thread 0x000001a2fe9fd000 Uncommon trap: reason=unstable_if action=reinterpret pc=0x000001a2e47a6270 method=org.bouncycastle.math.ec.ECFieldElement$Fp.modReduce(Ljava/math/BigInteger;)Ljava/math/BigInteger; @ 113 c2
Event: 488.973 Thread 0x000001a2fe9fd000 DEOPT PACKING pc=0x000001a2e47a6270 sp=0x0000007c697fe030
Event: 488.973 Thread 0x000001a2fe9fd000 DEOPT UNPACKING pc=0x000001a2dc8ba1af sp=0x0000007c697fe028 mode 2
Event: 488.974 Thread 0x000001a2fe9fd000 Uncommon trap: trap_request=0xffffff4d fr.pc=0x000001a2e477ad4c relative=0x000000000000012c
Event: 488.974 Thread 0x000001a2fe9fd000 Uncommon trap: reason=unstable_if action=reinterpret pc=0x000001a2e477ad4c method=java.math.BigInteger.compareMagnitude(Ljava/math/BigInteger;)I @ 41 c2
Event: 488.974 Thread 0x000001a2fe9fd000 DEOPT PACKING pc=0x000001a2e477ad4c sp=0x0000007c697fde40
Event: 488.974 Thread 0x000001a2fe9fd000 DEOPT UNPACKING pc=0x000001a2dc8ba1af sp=0x0000007c697fdda0 mode 2
Event: 488.985 Thread 0x000001a2fe9fd000 Uncommon trap: trap_request=0xffffff4d fr.pc=0x000001a2e471a354 relative=0x0000000000000ff4
Event: 488.985 Thread 0x000001a2fe9fd000 Uncommon trap: reason=unstable_if action=reinterpret pc=0x000001a2e471a354 method=java.math.BigInteger.stripLeadingZeroBytes([BII)[I @ 10 c2
Event: 488.985 Thread 0x000001a2fe9fd000 DEOPT PACKING pc=0x000001a2e471a354 sp=0x0000007c697fdc40
Event: 488.985 Thread 0x000001a2fe9fd000 DEOPT UNPACKING pc=0x000001a2dc8ba1af sp=0x0000007c697fdb08 mode 2
Event: 488.985 Thread 0x000001a2fe9fd000 Uncommon trap: trap_request=0xffffff4d fr.pc=0x000001a2e4718ce8 relative=0x0000000000000108
Event: 488.985 Thread 0x000001a2fe9fd000 Uncommon trap: reason=unstable_if action=reinterpret pc=0x000001a2e4718ce8 method=java.math.BigDecimal.compactValFor(Ljava/math/BigInteger;)J @ 9 c2
Event: 488.985 Thread 0x000001a2fe9fd000 DEOPT PACKING pc=0x000001a2e4718ce8 sp=0x0000007c697fe000
Event: 488.985 Thread 0x000001a2fe9fd000 DEOPT UNPACKING pc=0x000001a2dc8ba1af sp=0x0000007c697fde98 mode 2
Event: 488.986 Thread 0x000001a2fe9fd000 Uncommon trap: trap_request=0xffffff4d fr.pc=0x000001a2e47187bc relative=0x00000000000000fc
Event: 488.986 Thread 0x000001a2fe9fd000 Uncommon trap: reason=unstable_if action=reinterpret pc=0x000001a2e47187bc method=java.math.BigDecimal.compactValFor(Ljava/math/BigInteger;)J @ 70 c2
Event: 488.986 Thread 0x000001a2fe9fd000 DEOPT PACKING pc=0x000001a2e47187bc sp=0x0000007c697fdf70
Event: 488.986 Thread 0x000001a2fe9fd000 DEOPT UNPACKING pc=0x000001a2dc8ba1af sp=0x0000007c697fde88 mode 2

Classes redefined (0 events):
No events

Internal exceptions (20 events):
Event: 105.522 Thread 0x000001a2f9ea4800 Exception <a 'java/lang/NoSuchMethodError'{0x0000000711f02f90}: <clinit>> (0x0000000711f02f90) thrown at [./src/hotspot/share/prims/jni.cpp, line 1367]
Event: 106.229 Thread 0x000001a2f9ea4800 Implicit null exception at 0x000001a2e46ba051 to 0x000001a2e46ba408
Event: 133.674 Thread 0x000001a2fe9f8000 Exception <a 'java/lang/NullPointerException'{0x000000070f40b420}> (0x000000070f40b420) thrown at [./src/hotspot/share/interpreter/linkResolver.cpp, line 1358]
Event: 140.876 Thread 0x000001a2fe9f7000 Exception <a 'java/lang/NullPointerException'{0x00000007114dfa58}> (0x00000007114dfa58) thrown at [./src/hotspot/share/interpreter/linkResolver.cpp, line 1358]
Event: 174.735 Thread 0x000001a2f9a35000 Exception <a 'java/lang/NullPointerException'{0x000000070becb038}> (0x000000070becb038) thrown at [./src/hotspot/share/interpreter/linkResolver.cpp, line 1358]
Event: 175.287 Thread 0x000001a2fe9f8800 Exception <a 'java/lang/NoSuchMethodError'{0x000000070b9fd158}: 'void java.lang.invoke.DirectMethodHandle$Holder.invokeSpecial(java.lang.Object, java.lang.Object, long)'> (0x000000070b9fd158) thrown at [./src/hotspot/share/interpreter/linkResolver.cpp, line 773]
Event: 175.440 Thread 0x000001a2fe9fc000 Exception <a 'java/lang/NullPointerException'{0x00000007169a4d08}> (0x00000007169a4d08) thrown at [./src/hotspot/share/interpreter/linkResolver.cpp, line 1358]
Event: 183.585 Thread 0x000001a2fe9f8000 Exception <a 'java/lang/NullPointerException'{0x0000000710b01a48}> (0x0000000710b01a48) thrown at [./src/hotspot/share/interpreter/linkResolver.cpp, line 1358]
Event: 199.413 Thread 0x000001a2fe9f7000 Exception <a 'java/lang/NullPointerException'{0x0000000711083028}> (0x0000000711083028) thrown at [./src/hotspot/share/interpreter/linkResolver.cpp, line 1358]
Event: 202.644 Thread 0x000001a2f9a35000 Exception <a 'java/lang/NullPointerException'{0x000000070ef83028}> (0x000000070ef83028) thrown at [./src/hotspot/share/interpreter/linkResolver.cpp, line 1358]
Event: 224.289 Thread 0x000001a2fe9fc000 Exception <a 'java/lang/NoSuchMethodError'{0x000000070bdb2ab0}: 'java.lang.Object java.lang.invoke.DelegatingMethodHandle$Holder.reinvoke_L(java.lang.Object, java.lang.Object, int, int, java.lang.Object, java.lang.Object, java.lang.Object, java.lang.Object, java.lang.Object, java.lang.Object, java.lang.Object, long, java.lang.Object, java.lang.Object, java.lang.Object)'> (0x000000070bdb2ab0) thrown at [./src/hotspot/share/interpreter/linkResolver.cpp, line 773]
Event: 224.292 Thread 0x000001a2fe9fc000 Exception <a 'java/lang/NoSuchMethodError'{0x000000070bc37d38}: 'java.lang.Object java.lang.invoke.DirectMethodHandle$Holder.invokeSpecial(java.lang.Object, java.lang.Object, int, int, java.lang.Object, java.lang.Object, java.lang.Object, java.lang.Object, java.lang.Object, java.lang.Object, java.lang.Object, long, java.lang.Object, java.lang.Object, java.lang.Object)'> (0x000000070bc37d38) thrown at [./src/hotspot/share/interpreter/linkResolver.cpp, line 773]
Event: 224.292 Thread 0x000001a2fe9fc000 Exception <a 'java/lang/NoSuchMethodError'{0x000000070bc3c540}: 'java.lang.Object java.lang.invoke.DelegatingMethodHandle$Holder.reinvoke_L(java.lang.Object, int, int, java.lang.Object, java.lang.Object, java.lang.Object, java.lang.Object, java.lang.Object, java.lang.Object, java.lang.Object, long, java.lang.Object, java.lang.Object, java.lang.Object)'> (0x000000070bc3c540) thrown at [./src/hotspot/share/interpreter/linkResolver.cpp, line 773]
Event: 224.297 Thread 0x000001a2fe9fc000 Exception <a 'java/lang/NoSuchMethodError'{0x000000070bb04830}: 'java.lang.Object java.lang.invoke.DelegatingMethodHandle$Holder.reinvoke_L(java.lang.Object, java.lang.Object, java.lang.Object, java.lang.Object, java.lang.Object, java.lang.Object, java.lang.Object, java.lang.Object, long, java.lang.Object, java.lang.Object, java.lang.Object)'> (0x000000070bb04830) thrown at [./src/hotspot/share/interpreter/linkResolver.cpp, line 773]
Event: 224.329 Thread 0x000001a2fe9fc000 Implicit null exception at 0x000001a2e44cb26f to 0x000001a2e44cb3bc
Event: 224.447 Thread 0x000001a2fe9fc000 Exception <a 'java/lang/NoSuchMethodError'{0x00000007168a1de8}: 'java.lang.Object java.lang.invoke.DirectMethodHandle$Holder.invokeStatic(java.lang.Object, java.lang.Object, java.lang.Object, java.lang.Object, java.lang.Object, java.lang.Object, java.lang.Object, java.lang.Object, java.lang.Object, java.lang.Object, java.lang.Object, java.lang.Object, java.lang.Object, int)'> (0x00000007168a1de8) thrown at [./src/hotspot/share/interpreter/linkResolver.cpp, line 773]
Event: 224.448 Thread 0x000001a2fe9fc000 Exception <a 'java/lang/NoSuchMethodError'{0x00000007168ae4f8}: 'java.lang.Object java.lang.invoke.DirectMethodHandle$Holder.invokeStatic(java.lang.Object, java.lang.Object, java.lang.Object, java.lang.Object, java.lang.Object, java.lang.Object, java.lang.Object, java.lang.Object, java.lang.Object, java.lang.Object, java.lang.Object, java.lang.Object, java.lang.Object, int, int)'> (0x00000007168ae4f8) thrown at [./src/hotspot/share/interpreter/linkResolver.cpp, line 773]
Event: 224.449 Thread 0x000001a2fe9fc000 Exception <a 'java/lang/NoSuchMethodError'{0x00000007168bad78}: 'java.lang.Object java.lang.invoke.DirectMethodHandle$Holder.invokeStatic(java.lang.Object, java.lang.Object, java.lang.Object, java.lang.Object, java.lang.Object, java.lang.Object, java.lang.Object, java.lang.Object, java.lang.Object, java.lang.Object, java.lang.Object, java.lang.Object, java.lang.Object, int, int, java.lang.Object)'> (0x00000007168bad78) thrown at [./src/hotspot/share/interpreter/linkResolver.cpp, line 773]
Event: 224.533 Thread 0x000001a2fe9fc000 Exception <a 'java/lang/NoSuchMethodError'{0x00000007157c1b38}: <clinit>> (0x00000007157c1b38) thrown at [./src/hotspot/share/prims/jni.cpp, line 1367]
Event: 246.423 Thread 0x000001a2fe9f9800 Exception <a 'java/lang/NullPointerException'{0x000000070e902678}> (0x000000070e902678) thrown at [./src/hotspot/share/interpreter/linkResolver.cpp, line 1358]

Events (20 events):
Event: 445.704 Executing VM operation: G1CollectForAllocation
Event: 445.706 Executing VM operation: G1CollectForAllocation done
Event: 460.348 Executing VM operation: G1CollectForAllocation
Event: 460.349 Executing VM operation: G1CollectForAllocation done
Event: 475.151 Executing VM operation: G1CollectForAllocation
Event: 475.152 Executing VM operation: G1CollectForAllocation done
Event: 488.978 Thread 0x000001a577df6800 Thread added: 0x000001a577df6800
Event: 489.418 Executing VM operation: G1CollectForAllocation
Event: 489.419 Executing VM operation: G1CollectForAllocation done
Event: 492.250 Thread 0x000001a577df6800 Thread exited: 0x000001a577df6800
Event: 501.518 Executing VM operation: G1CollectForAllocation
Event: 501.541 Executing VM operation: G1CollectForAllocation done
Event: 514.029 Executing VM operation: G1CollectForAllocation
Event: 514.030 Executing VM operation: G1CollectForAllocation done
Event: 526.124 Executing VM operation: G1CollectForAllocation
Event: 526.125 Executing VM operation: G1CollectForAllocation done
Event: 538.263 Executing VM operation: G1CollectForAllocation
Event: 538.264 Executing VM operation: G1CollectForAllocation done
Event: 550.706 Executing VM operation: G1CollectForAllocation
Event: 550.707 Executing VM operation: G1CollectForAllocation done


Dynamic libraries:
0x00007ff603e50000 - 0x00007ff603e5d000 	C:\Program Files\Eclipse Adoptium\jdk-11.0.15.10-hotspot\bin\java.exe
0x00007ff897770000 - 0x00007ff897984000 	C:\WINDOWS\SYSTEM32\ntdll.dll
0x00007ff896180000 - 0x00007ff896244000 	C:\WINDOWS\System32\KERNEL32.DLL
0x00007ff894b50000 - 0x00007ff894ef4000 	C:\WINDOWS\System32\KERNELBASE.dll
0x00007ff895120000 - 0x00007ff895231000 	C:\WINDOWS\System32\ucrtbase.dll
0x00007ff87e840000 - 0x00007ff87e855000 	C:\Program Files\Eclipse Adoptium\jdk-11.0.15.10-hotspot\bin\VCRUNTIME140.dll
0x00007ff88bc90000 - 0x00007ff88bca7000 	C:\Program Files\Eclipse Adoptium\jdk-11.0.15.10-hotspot\bin\jli.dll
0x00007ff895af0000 - 0x00007ff895c9a000 	C:\WINDOWS\System32\USER32.dll
0x00007ff894f80000 - 0x00007ff894fa6000 	C:\WINDOWS\System32\win32u.dll
0x00007ff8964c0000 - 0x00007ff8964e9000 	C:\WINDOWS\System32\GDI32.dll
0x00007ff8953a0000 - 0x00007ff8954b9000 	C:\WINDOWS\System32\gdi32full.dll
0x00007ff895240000 - 0x00007ff8952da000 	C:\WINDOWS\System32\msvcp_win.dll
0x00007ff8734b0000 - 0x00007ff87373f000 	C:\WINDOWS\WinSxS\amd64_microsoft.windows.common-controls_6595b64144ccf1df_6.0.22621.2070_none_2713e6537381f706\COMCTL32.dll
0x00007ff8959c0000 - 0x00007ff895a67000 	C:\WINDOWS\System32\msvcrt.dll
0x00007ff8964f0000 - 0x00007ff896521000 	C:\WINDOWS\System32\IMM32.DLL
0x00007ff86ee10000 - 0x00007ff86eeab000 	C:\Program Files\Eclipse Adoptium\jdk-11.0.15.10-hotspot\bin\msvcp140.dll
0x00007ff81d730000 - 0x00007ff81e2b1000 	C:\Program Files\Eclipse Adoptium\jdk-11.0.15.10-hotspot\bin\server\jvm.dll
0x00007ff895e50000 - 0x00007ff895f00000 	C:\WINDOWS\System32\ADVAPI32.dll
0x00007ff8960c0000 - 0x00007ff896166000 	C:\WINDOWS\System32\sechost.dll
0x00007ff8969f0000 - 0x00007ff896b07000 	C:\WINDOWS\System32\RPCRT4.dll
0x00007ff895de0000 - 0x00007ff895de8000 	C:\WINDOWS\System32\PSAPI.DLL
0x00007ff88cf40000 - 0x00007ff88cf74000 	C:\WINDOWS\SYSTEM32\WINMM.dll
0x00007ff8720f0000 - 0x00007ff8720f9000 	C:\WINDOWS\SYSTEM32\WSOCK32.dll
0x00007ff88ce80000 - 0x00007ff88ce8a000 	C:\WINDOWS\SYSTEM32\VERSION.dll
0x00007ff896040000 - 0x00007ff8960b1000 	C:\WINDOWS\System32\WS2_32.dll
0x00007ff893c40000 - 0x00007ff893c58000 	C:\WINDOWS\SYSTEM32\kernel.appcore.dll
0x00007ff88bc20000 - 0x00007ff88bc30000 	C:\Program Files\Eclipse Adoptium\jdk-11.0.15.10-hotspot\bin\verify.dll
0x00007ff88f270000 - 0x00007ff88f49e000 	C:\WINDOWS\SYSTEM32\DBGHELP.DLL
0x00007ff896b10000 - 0x00007ff896e9a000 	C:\WINDOWS\System32\combase.dll
0x00007ff895d00000 - 0x00007ff895dd7000 	C:\WINDOWS\System32\OLEAUT32.dll
0x00007ff88a330000 - 0x00007ff88a362000 	C:\WINDOWS\SYSTEM32\dbgcore.DLL
0x00007ff894f00000 - 0x00007ff894f7a000 	C:\WINDOWS\System32\bcryptPrimitives.dll
0x00007ff853ed0000 - 0x00007ff853ef8000 	C:\Program Files\Eclipse Adoptium\jdk-11.0.15.10-hotspot\bin\java.dll
0x00007ff888a00000 - 0x00007ff888a0a000 	C:\Program Files\Eclipse Adoptium\jdk-11.0.15.10-hotspot\bin\jimage.dll
0x00007ff885800000 - 0x00007ff88580e000 	C:\Program Files\Eclipse Adoptium\jdk-11.0.15.10-hotspot\bin\instrument.dll
0x00007ff87e820000 - 0x00007ff87e838000 	C:\Program Files\Eclipse Adoptium\jdk-11.0.15.10-hotspot\bin\zip.dll
0x00007ff896ea0000 - 0x00007ff8976b6000 	C:\WINDOWS\System32\SHELL32.dll
0x00007ff892a00000 - 0x00007ff8932ea000 	C:\WINDOWS\SYSTEM32\windows.storage.dll
0x00007ff8928c0000 - 0x00007ff8929fe000 	C:\WINDOWS\SYSTEM32\wintypes.dll
0x00007ff8967c0000 - 0x00007ff8968b3000 	C:\WINDOWS\System32\SHCORE.dll
0x00007ff895df0000 - 0x00007ff895e4e000 	C:\WINDOWS\System32\shlwapi.dll
0x00007ff894a80000 - 0x00007ff894aa6000 	C:\WINDOWS\SYSTEM32\profapi.dll
0x00007ff87dfa0000 - 0x00007ff87dfb9000 	C:\Program Files\Eclipse Adoptium\jdk-11.0.15.10-hotspot\bin\net.dll
0x00007ff88dd80000 - 0x00007ff88deb7000 	C:\WINDOWS\SYSTEM32\WINHTTP.dll
0x00007ff8940b0000 - 0x00007ff894119000 	C:\WINDOWS\system32\mswsock.dll
0x00007ff85c2c0000 - 0x00007ff85c2d3000 	C:\Program Files\Eclipse Adoptium\jdk-11.0.15.10-hotspot\bin\nio.dll
0x00007ff85c110000 - 0x00007ff85c12a000 	C:\Program Files\JetBrains\IntelliJ IDEA Community Edition 2022.1\bin\breakgen64.dll
0x00007ff87e710000 - 0x00007ff87e719000 	C:\Program Files\Eclipse Adoptium\jdk-11.0.15.10-hotspot\bin\management.dll
0x00007ff86c860000 - 0x00007ff86c86b000 	C:\Program Files\Eclipse Adoptium\jdk-11.0.15.10-hotspot\bin\management_ext.dll
0x00007ff87c530000 - 0x00007ff87c547000 	C:\WINDOWS\system32\napinsp.dll
0x00007ff872530000 - 0x00007ff87254b000 	C:\WINDOWS\system32\pnrpnsp.dll
0x00007ff893470000 - 0x00007ff893563000 	C:\WINDOWS\SYSTEM32\DNSAPI.dll
0x00007ff893440000 - 0x00007ff89346d000 	C:\WINDOWS\SYSTEM32\IPHLPAPI.DLL
0x00007ff895530000 - 0x00007ff895539000 	C:\WINDOWS\System32\NSI.dll
0x00007ff872420000 - 0x00007ff872431000 	C:\WINDOWS\System32\winrnr.dll
0x00007ff872260000 - 0x00007ff872275000 	C:\WINDOWS\system32\wshbth.dll
0x00007ff871fa0000 - 0x00007ff871fc1000 	C:\WINDOWS\system32\nlansp_c.dll
0x00007ff88d020000 - 0x00007ff88d02a000 	C:\Windows\System32\rasadhlp.dll
0x00007ff88dfb0000 - 0x00007ff88e034000 	C:\WINDOWS\System32\fwpuclnt.dll
0x00007ff8943a0000 - 0x00007ff8943bb000 	C:\WINDOWS\SYSTEM32\CRYPTSP.dll
0x00007ff893bb0000 - 0x00007ff893be5000 	C:\WINDOWS\system32\rsaenh.dll
0x00007ff894150000 - 0x00007ff89417c000 	C:\WINDOWS\SYSTEM32\USERENV.dll
0x00007ff8944c0000 - 0x00007ff8944e8000 	C:\WINDOWS\SYSTEM32\bcrypt.dll
0x00007ff894380000 - 0x00007ff89438c000 	C:\WINDOWS\SYSTEM32\CRYPTBASE.dll
0x00007ff88df50000 - 0x00007ff88df69000 	C:\WINDOWS\SYSTEM32\dhcpcsvc6.DLL
0x00007ff88df30000 - 0x00007ff88df4f000 	C:\WINDOWS\SYSTEM32\dhcpcsvc.DLL
0x00007ff850430000 - 0x00007ff850455000 	C:\Program Files\Eclipse Adoptium\jdk-11.0.15.10-hotspot\bin\sunec.dll
0x00007ff8538a0000 - 0x00007ff8538ae000 	C:\Program Files\Eclipse Adoptium\jdk-11.0.15.10-hotspot\bin\sunmscapi.dll
0x00007ff894fb0000 - 0x00007ff895117000 	C:\WINDOWS\System32\CRYPT32.dll
0x00007ff894490000 - 0x00007ff8944be000 	C:\WINDOWS\SYSTEM32\ncrypt.dll
0x00007ff894450000 - 0x00007ff894487000 	C:\WINDOWS\SYSTEM32\NTASN1.dll
0x00007ff82f380000 - 0x00007ff82fa8d000 	C:\Users\andrei.rotaru\AppData\Local\Temp\librocksdbjni222566409540572382.dll
0x00007ff877b70000 - 0x00007ff877b7c000 	C:\WINDOWS\SYSTEM32\VCRUNTIME140_1.dll

dbghelp: loaded successfully - version: 4.0.5 - missing functions: none
symbol engine: initialized successfully - sym options: 0x614 - pdb path: .;C:\Program Files\Eclipse Adoptium\jdk-11.0.15.10-hotspot\bin;C:\WINDOWS\SYSTEM32;C:\WINDOWS\WinSxS\amd64_microsoft.windows.common-controls_6595b64144ccf1df_6.0.22621.2070_none_2713e6537381f706;C:\Program Files\Eclipse Adoptium\jdk-11.0.15.10-hotspot\bin\server;C:\Program Files\JetBrains\IntelliJ IDEA Community Edition 2022.1\bin;C:\Users\andrei.rotaru\AppData\Local\Temp

VM Arguments:
jvm_args: -javaagent:C:\Program Files\JetBrains\IntelliJ IDEA Community Edition 2022.1\lib\idea_rt.jar=61558:C:\Program Files\JetBrains\IntelliJ IDEA Community Edition 2022.1\bin -Dfile.encoding=UTF-8 
java_command: uk.co.roteala.glaciernode.GlacierNodeApplication
java_class_path (initial): C:\Blockchain\blockchain-node\target\classes;C:\Users\andrei.rotaru\.m2\repository\uk\co\roteala\blockchain-commons\2.0.0-SNAPSHOT\blockchain-commons-2.0.0-SNAPSHOT.jar;C:\Users\andrei.rotaru\.m2\repository\org\springframework\boot\spring-boot-starter-web\2.7.5\spring-boot-starter-web-2.7.5.jar;C:\Users\andrei.rotaru\.m2\repository\org\springframework\boot\spring-boot-starter-json\2.7.5\spring-boot-starter-json-2.7.5.jar;C:\Users\andrei.rotaru\.m2\repository\com\fasterxml\jackson\datatype\jackson-datatype-jdk8\2.13.4\jackson-datatype-jdk8-2.13.4.jar;C:\Users\andrei.rotaru\.m2\repository\com\fasterxml\jackson\module\jackson-module-parameter-names\2.13.4\jackson-module-parameter-names-2.13.4.jar;C:\Users\andrei.rotaru\.m2\repository\org\springframework\boot\spring-boot-starter-tomcat\2.7.5\spring-boot-starter-tomcat-2.7.5.jar;C:\Users\andrei.rotaru\.m2\repository\org\apache\tomcat\embed\tomcat-embed-core\9.0.68\tomcat-embed-core-9.0.68.jar;C:\Users\andrei.rotaru\.m2\repository\org\apache\tomcat\embed\tomcat-embed-el\9.0.68\tomcat-embed-el-9.0.68.jar;C:\Users\andrei.rotaru\.m2\repository\org\apache\tomcat\embed\tomcat-embed-websocket\9.0.68\tomcat-embed-websocket-9.0.68.jar;C:\Users\andrei.rotaru\.m2\repository\org\springframework\spring-web\5.3.23\spring-web-5.3.23.jar;C:\Users\andrei.rotaru\.m2\repository\org\springframework\spring-beans\5.3.23\spring-beans-5.3.23.jar;C:\Users\andrei.rotaru\.m2\repository\org\springframework\spring-webmvc\5.3.23\spring-webmvc-5.3.23.jar;C:\Users\andrei.rotaru\.m2\repository\org\springframework\spring-aop\5.3.23\spring-aop-5.3.23.jar;C:\Users\andrei.rotaru\.m2\repository\org\springframework\spring-expression\5.3.23\spring-expression-5.3.23.jar;C:\Users\andrei.rotaru\.m2\repository\com\rometools\rome\2.1.0\rome-2.1.0.jar;C:\Users\andrei.rotaru\.m2\repository\com\rometools\rome-utils\2.1.0\rome-utils-2.1.0.jar;C:\Users\andrei.rotaru\.m2\repository\org\jdom\jdom2\2.0.6.1\jdom2-2.0.6.1.jar;C:\Users\andrei.rota
Launcher Type: SUN_STANDARD

[Global flags]
     intx CICompilerCount                          = 4                                         {product} {ergonomic}
     uint ConcGCThreads                            = 3                                         {product} {ergonomic}
     uint G1ConcRefinementThreads                  = 10                                        {product} {ergonomic}
   size_t G1HeapRegionSize                         = 1048576                                   {product} {ergonomic}
    uintx GCDrainStackTargetSize                   = 64                                        {product} {ergonomic}
   size_t InitialHeapSize                          = 266338304                                 {product} {ergonomic}
   size_t MarkStackSize                            = 4194304                                   {product} {ergonomic}
   size_t MaxHeapSize                              = 4234149888                                {product} {ergonomic}
   size_t MaxNewSize                               = 2539651072                                {product} {ergonomic}
   size_t MinHeapDeltaBytes                        = 1048576                                   {product} {ergonomic}
    uintx NonNMethodCodeHeapSize                   = 5836300                                {pd product} {ergonomic}
    uintx NonProfiledCodeHeapSize                  = 122910970                              {pd product} {ergonomic}
    uintx ProfiledCodeHeapSize                     = 122910970                              {pd product} {ergonomic}
    uintx ReservedCodeCacheSize                    = 251658240                              {pd product} {ergonomic}
     bool SegmentedCodeCache                       = true                                      {product} {ergonomic}
     bool UseCompressedClassPointers               = true                                 {lp64_product} {ergonomic}
     bool UseCompressedOops                        = true                                 {lp64_product} {ergonomic}
     bool UseG1GC                                  = true                                      {product} {ergonomic}
     bool UseLargePagesIndividualAllocation        = false                                  {pd product} {ergonomic}

Logging:
Log output configuration:
 #0: stdout all=warning uptime,level,tags
 #1: stderr all=off uptime,level,tags

Environment Variables:
JAVA_HOME=C:\Program Files\Eclipse Adoptium\jdk-11.0.15.10-hotspot
PATH=C:\Program Files\Eclipse Adoptium\jdk-11.0.15.10-hotspot\bin;C:\Windows\system32;C:\Windows;C:\Windows\System32\Wbem;C:\Windows\System32\WindowsPowerShell\v1.0\;C:\Windows\System32\OpenSSH\;C:\Program Files (x86)\NVIDIA Corporation\PhysX\Common;C:\Program Files\Git\cmd;C:\apache-maven-3.8.5\bin;C:\Program Files\Kubernetes\Minikube;C:\skaffold;C:\xampp\php;C:\ProgramData\ComposerSetup\bin;C:\Program Files\PuTTY\;C:\Program Files\nodejs\;C:\Program Files\Docker\Docker\resources\bin;C:\WINDOWS\system32;C:\WINDOWS;C:\WINDOWS\System32\Wbem;C:\WINDOWS\System32\WindowsPowerShell\v1.0\;C:\WINDOWS\System32\OpenSSH\;C:\gradle-8.0.2\bin;C:\Users\andrei.rotaru\scoop\shims;C:\Users\andrei.rotaru\AppData\Local\Microsoft\WindowsApps;C:\Program Files\JetBrains\IntelliJ IDEA Community Edition 2022.1\bin;C:\ProgramData\andrei.rotaru\atom\bin;C:\apache-maven-3.8.5\bin;C:\Program Files\JetBrains\CLion 2022.1.3\bin;C:\Program Files\JetBrains\IntelliJ IDEA 2022.1.3\bin;C:\Program Files\JetBrains\WebStorm 2022.1.3\bin;C:\Program Files\JetBrains\PyCharm Community Edition 2022.1.3\bin;C:\Program Files\JetBrains\PhpStorm 2022.1.3\bin;C:\Users\andrei.rotaru\AppData\Roaming\Composer\vendor\bin;C:\Users\andrei.rotaru\AppData\Local\GitHubDesktop\bin;C:\Users\andrei.rotaru\AppData\Roaming\npm;C:\Users\andrei.rotaru\AppData\Local\JetBrains\Toolbox\scripts;C:\php;;C:\Users\andrei.rotaru\AppData\Local\Programs\Microsoft VS Code\bin
USERNAME=andrei.rotaru
OS=Windows_NT
PROCESSOR_IDENTIFIER=Intel64 Family 6 Model 165 Stepping 2, GenuineIntel



---------------  S Y S T E M  ---------------

OS: Windows 11 , 64 bit Build 22621 (10.0.22621.2070)
OS uptime: 7 days 23:02 hours
Hyper-V role detected

CPU:total 12 (initial active 12) (6 cores per cpu, 2 threads per core) family 6 model 165 stepping 2 microcode 0xf0, cmov, cx8, fxsr, mmx, sse, sse2, sse3, ssse3, sse4.1, sse4.2, popcnt, avx, avx2, aes, clmul, erms, 3dnowpref, lzcnt, ht, tsc, tscinvbit, bmi1, bmi2, adx, fma

Memory: 4k page, system-wide physical 16145M (767M free)
TotalPageFile size 65297M (AvailPageFile size 5M)
current process WorkingSet (physical memory assigned to process): 1655M, peak: 1655M
current process commit charge ("private bytes"): 36964M, peak: 36965M

vm_info: OpenJDK 64-Bit Server VM (11.0.15+10) for windows-amd64 JRE (11.0.15+10), built on Apr 19 2022 22:29:44 by "" with unknown MS VC++:1916

END.
