#
# A fatal error has been detected by the Java Runtime Environment:
#
#  EXCEPTION_UNCAUGHT_CXX_EXCEPTION (0xe06d7363) at pc=0x00007ffc139c4c3c, pid=9856, tid=15688
#
# JRE version: OpenJDK Runtime Environment Temurin-11.0.15+10 (11.0.15+10) (build 11.0.15+10)
# Java VM: OpenJDK 64-Bit Server VM Temurin-11.0.15+10 (11.0.15+10, mixed mode, tiered, compressed oops, g1 gc, windows-amd64)
# Problematic frame:
# C  [KERNELBASE.dll+0x64c3c]
#
# No core dump will be written. Minidumps are not enabled by default on client versions of Windows
#

#   
#


Command Line: 



JavaThread "restartedMain" [_thread_in_native, id=15688, stack(0x0000003043600000,0x0000003043700000)]

Stack: [0x0000003043600000,0x0000003043700000],  sp=0x00000030436fc520,  free space=1009k
Native frames: (J=compiled Java code, j=interpreted, Vv=VM code, C=native code)
C  [KERNELBASE.dll+0x64c3c]
C  [VCRUNTIME140.dll+0x485d]
C  [librocksdbjni3440172361026801257.dll+0x54bad3]

Java frames: (J=compiled Java code, j=interpreted, Vv=VM code)
J 4310  org.rocksdb.RocksDB.iteratorCF(JJ)J (0 bytes) @ 0x000001d3ce352d8b [0x000001d3ce352d40+0x000000000000004b]
J 4308 c1 uk.co.roteala.glaciernode.storage.StorageServices.getPseudoTransactions()Ljava/util/List; (109 bytes) @ 0x000001d3ce354524 [0x000001d3ce354320+0x0000000000000204]
J 4338% c1 uk.co.roteala.glaciernode.miner.Miner.start()V (449 bytes) @ 0x000001d3ce36373c [0x000001d3ce363320+0x000000000000041c]
j  uk.co.roteala.glaciernode.miner.Miner$$EnhancerBySpringCGLIB$$60777c38.CGLIB$start$0()V+1
j  uk.co.roteala.glaciernode.miner.Miner$$EnhancerBySpringCGLIB$$60777c38$$FastClassBySpringCGLIB$$2fe1dae1.invoke(ILjava/lang/Object;[Ljava/lang/Object;)Ljava/lang/Object;+88
j  org.springframework.cglib.proxy.MethodProxy.invokeSuper(Ljava/lang/Object;[Ljava/lang/Object;)Ljava/lang/Object;+19
j  org.springframework.context.annotation.ConfigurationClassEnhancer$BeanMethodInterceptor.intercept(Ljava/lang/Object;Ljava/lang/reflect/Method;[Ljava/lang/Object;Lorg/springframework/cglib/proxy/MethodProxy;)Ljava/lang/Object;+207
j  uk.co.roteala.glaciernode.miner.Miner$$EnhancerBySpringCGLIB$$60777c38.start()V+31
v  ~StubRoutines::call_stub
J 2564  jdk.internal.reflect.NativeMethodAccessorImpl.invoke0(Ljava/lang/reflect/Method;Ljava/lang/Object;[Ljava/lang/Object;)Ljava/lang/Object; java.base@11.0.15 (0 bytes) @ 0x000001d3ce06b44f [0x000001d3ce06b3c0+0x000000000000008f]
J 2563 c1 jdk.internal.reflect.NativeMethodAccessorImpl.invoke(Ljava/lang/Object;[Ljava/lang/Object;)Ljava/lang/Object; java.base@11.0.15 (104 bytes) @ 0x000001d3ce06bce4 [0x000001d3ce06b920+0x00000000000003c4]
J 2532 c1 jdk.internal.reflect.DelegatingMethodAccessorImpl.invoke(Ljava/lang/Object;[Ljava/lang/Object;)Ljava/lang/Object; java.base@11.0.15 (10 bytes) @ 0x000001d3ce05cb04 [0x000001d3ce05cac0+0x0000000000000044]
J 2542 c1 java.lang.reflect.Method.invoke(Ljava/lang/Object;[Ljava/lang/Object;)Ljava/lang/Object; java.base@11.0.15 (65 bytes) @ 0x000001d3ce05f8ec [0x000001d3ce05f7e0+0x000000000000010c]
j  org.springframework.beans.factory.support.SimpleInstantiationStrategy.instantiate(Lorg/springframework/beans/factory/support/RootBeanDefinition;Ljava/lang/String;Lorg/springframework/beans/factory/BeanFactory;Ljava/lang/Object;Ljava/lang/reflect/Method;[Ljava/lang/Object;)Ljava/lang/Object;+50
j  org.springframework.beans.factory.support.ConstructorResolver.instantiate(Ljava/lang/String;Lorg/springframework/beans/factory/support/RootBeanDefinition;Ljava/lang/Object;Ljava/lang/reflect/Method;[Ljava/lang/Object;)Ljava/lang/Object;+48
j  org.springframework.beans.factory.support.ConstructorResolver.instantiateUsingFactoryMethod(Ljava/lang/String;Lorg/springframework/beans/factory/support/RootBeanDefinition;[Ljava/lang/Object;)Lorg/springframework/beans/BeanWrapper;+486
j  org.springframework.beans.factory.support.AbstractAutowireCapableBeanFactory.instantiateUsingFactoryMethod(Ljava/lang/String;Lorg/springframework/beans/factory/support/RootBeanDefinition;[Ljava/lang/Object;)Lorg/springframework/beans/BeanWrapper;+11
j  org.springframework.beans.factory.support.AbstractAutowireCapableBeanFactory.createBeanInstance(Ljava/lang/String;Lorg/springframework/beans/factory/support/RootBeanDefinition;[Ljava/lang/Object;)Lorg/springframework/beans/BeanWrapper;+102
j  org.springframework.beans.factory.support.AbstractAutowireCapableBeanFactory.doCreateBean(Ljava/lang/String;Lorg/springframework/beans/factory/support/RootBeanDefinition;[Ljava/lang/Object;)Ljava/lang/Object;+34
j  org.springframework.beans.factory.support.AbstractAutowireCapableBeanFactory.createBean(Ljava/lang/String;Lorg/springframework/beans/factory/support/RootBeanDefinition;[Ljava/lang/Object;)Ljava/lang/Object;+169
j  org.springframework.beans.factory.support.AbstractBeanFactory.lambda$doGetBean$0(Ljava/lang/String;Lorg/springframework/beans/factory/support/RootBeanDefinition;[Ljava/lang/Object;)Ljava/lang/Object;+4
j  org.springframework.beans.factory.support.AbstractBeanFactory$$Lambda$349.getObject()Ljava/lang/Object;+16
j  org.springframework.beans.factory.support.DefaultSingletonBeanRegistry.getSingleton(Ljava/lang/String;Lorg/springframework/beans/factory/ObjectFactory;)Ljava/lang/Object;+132
J 3208 c1 org.springframework.beans.factory.support.AbstractBeanFactory.doGetBean(Ljava/lang/String;Ljava/lang/Class;[Ljava/lang/Object;Z)Ljava/lang/Object; (832 bytes) @ 0x000001d3ce18486c [0x000001d3ce184180+0x00000000000006ec]
j  org.springframework.beans.factory.support.AbstractBeanFactory.getBean(Ljava/lang/String;)Ljava/lang/Object;+5
j  org.springframework.beans.factory.support.DefaultListableBeanFactory.preInstantiateSingletons()V+248
j  org.springframework.context.support.AbstractApplicationContext.finishBeanFactoryInitialization(Lorg/springframework/beans/factory/config/ConfigurableListableBeanFactory;)V+124
j  org.springframework.context.support.AbstractApplicationContext.refresh()V+86
j  org.springframework.boot.web.servlet.context.ServletWebServerApplicationContext.refresh()V+1
j  org.springframework.boot.SpringApplication.refresh(Lorg/springframework/context/ConfigurableApplicationContext;)V+1
j  org.springframework.boot.SpringApplication.refreshContext(Lorg/springframework/context/ConfigurableApplicationContext;)V+16
j  org.springframework.boot.SpringApplication.run([Ljava/lang/String;)Lorg/springframework/context/ConfigurableApplicationContext;+107
j  org.springframework.boot.SpringApplication.run([Ljava/lang/Class;[Ljava/lang/String;)Lorg/springframework/context/ConfigurableApplicationContext;+9
j  org.springframework.boot.SpringApplication.run(Ljava/lang/Class;[Ljava/lang/String;)Lorg/springframework/context/ConfigurableApplicationContext;+9
j  uk.co.roteala.glaciernode.GlacierNodeApplication.main([Ljava/lang/String;)V+3
v  ~StubRoutines::call_stub
j  jdk.internal.reflect.NativeMethodAccessorImpl.invoke0(Ljava/lang/reflect/Method;Ljava/lang/Object;[Ljava/lang/Object;)Ljava/lang/Object;+0 java.base@11.0.15
j  jdk.internal.reflect.NativeMethodAccessorImpl.invoke(Ljava/lang/Object;[Ljava/lang/Object;)Ljava/lang/Object;+100 java.base@11.0.15
j  jdk.internal.reflect.DelegatingMethodAccessorImpl.invoke(Ljava/lang/Object;[Ljava/lang/Object;)Ljava/lang/Object;+6 java.base@11.0.15
j  java.lang.reflect.Method.invoke(Ljava/lang/Object;[Ljava/lang/Object;)Ljava/lang/Object;+59 java.base@11.0.15
j  org.springframework.boot.devtools.restart.RestartLauncher.run()V+42
v  ~StubRoutines::call_stub

siginfo: EXCEPTION_UNCAUGHT_CXX_EXCEPTION (0xe06d7363), ExceptionInformation=0x0000000019930520 0x00000030436fc690 0x00007ffbbd084100 0x00007ffbbc9f0000 


Register to memory mapping:

RIP=0x00007ffc139c4c3c KERNELBASE.dll
RAX=0x000000070a63ce40 is an unallocated location in the heap
RBX=0x00007ffbbd084100 librocksdbjni3440172361026801257.dll
RCX=0x0000000000000001 is an unknown value
RDX=0x00007ffbae65ed05 jvm.dll
RSP=0x00000030436fc520 is pointing into the stack for thread: 0x000001d3eafab000
RBP=0x00000030436fc660 is pointing into the stack for thread: 0x000001d3eafab000
RSI=0x000001d3ed618b00 points into unknown readable memory: 0x00007ffbbcfa6230 | 30 62 fa bc fb 7f 00 00
RDI=0x00000030436fc690 is pointing into the stack for thread: 0x000001d3eafab000
R8 =0x00000030436fcde8 is pointing into the stack for thread: 0x000001d3eafab000
R9 =0x000001d3eafab000 is a thread
R10=0x0000000000000078 is an unknown value
R11=0x000000000020027f is an unknown value
R12=0x000001d3ed6ac860 points into unknown readable memory: 0x0000000004000000 | 00 00 00 04 00 00 00 00
R13=0x000001d3ed61bdb8 points into unknown readable memory: 0x0001000101000101 | 01 01 00 01 01 00 01 00
R14=0x000001d3ed6ac840 points into unknown readable memory: 0x000001d3ed61ba50 | 50 ba 61 ed d3 01 00 00
R15=0x000001d3eafab000 is a thread


Registers:
RAX=0x000000070a63ce40, RBX=0x00007ffbbd084100, RCX=0x0000000000000001, RDX=0x00007ffbae65ed05
RSP=0x00000030436fc520, RBP=0x00000030436fc660, RSI=0x000001d3ed618b00, RDI=0x00000030436fc690
R8 =0x00000030436fcde8, R9 =0x000001d3eafab000, R10=0x0000000000000078, R11=0x000000000020027f
R12=0x000001d3ed6ac860, R13=0x000001d3ed61bdb8, R14=0x000001d3ed6ac840, R15=0x000001d3eafab000
RIP=0x00007ffc139c4c3c, EFLAGS=0x0000000000000206

Top of Stack: (sp=0x00000030436fc520)
0x00000030436fc520:   000001d3c2a003f0 00007ffbbd084100
0x00000030436fc530:   000001d3ed618b00 0000000000000030
0x00000030436fc540:   00000081e06d7363 0000000000000000
0x00000030436fc550:   00007ffc139c4c3c 0000000000000004
0x00000030436fc560:   0000000019930520 00000030436fc690
0x00000030436fc570:   00007ffbbd084100 00007ffbbc9f0000
0x00000030436fc580:   000001d300000000 00007ffc1644cd7b
0x00000030436fc590:   0000000000000000 00007ffbbd084100
0x00000030436fc5a0:   000001d3ed6ac840 00007ffc164865cf
0x00000030436fc5b0:   00000030436fc670 00007ffbbd0b8000
0x00000030436fc5c0:   000001d3ed618b00 00000030436fc690
0x00000030436fc5d0:   00007ffbbd0b8000 00007ffbbc9f0000
0x00000030436fc5e0:   000024e82def37de 0000000000000000
0x00000030436fc5f0:   00007ffbbd084100 00007ffc0b19485d
0x00000030436fc600:   0000000000000000 00007ffc16463310
0x00000030436fc610:   000010299187deb1 00007ffbbcf3a3bf 

Instructions: (pc=0x00007ffc139c4c3c)
0x00007ffc139c4b3c:   ff 4c 8d 05 74 49 2c 00 33 d2 b9 00 00 10 00 e8
0x00007ffc139c4b4c:   80 97 fd ff 4c 8b f0 48 89 44 24 58 48 85 c0 0f
0x00007ffc139c4b5c:   84 0b fe ff ff 4c 8d 05 38 49 2c 00 33 d2 8d 4a
0x00007ffc139c4b6c:   02 e8 5e 97 fd ff 48 8b f8 48 89 44 24 50 e9 ed
0x00007ffc139c4b7c:   fd ff ff 45 33 c0 49 8b d7 48 83 c9 ff e8 a2 64
0x00007ffc139c4b8c:   01 00 e9 08 ff ff ff 48 8b 0d 46 30 2f 00 e8 a1
0x00007ffc139c4b9c:   15 fd ff 48 8b cf e8 59 ef fb ff e9 f8 fe ff ff
0x00007ffc139c4bac:   49 8b ce e8 4c ef fb ff e9 f4 fe ff ff 48 8b ce
0x00007ffc139c4bbc:   e8 3f ef fb ff e9 f0 fe ff ff cc cc 71 18 d3 7a
0x00007ffc139c4bcc:   1a 87 89 f9 48 81 ec d8 00 00 00 48 8b 05 a2 03
0x00007ffc139c4bdc:   2f 00 48 33 c4 48 89 84 24 c0 00 00 00 48 83 64
0x00007ffc139c4bec:   24 28 00 48 8d 05 da ff ff ff 83 e2 01 89 4c 24
0x00007ffc139c4bfc:   20 89 54 24 24 48 89 44 24 30 4d 85 c9 74 4f b8
0x00007ffc139c4c0c:   0f 00 00 00 48 8d 4c 24 40 44 3b c0 49 8b d1 41
0x00007ffc139c4c1c:   0f 46 c0 44 8b c0 44 89 44 24 38 49 c1 e0 03 e8
0x00007ffc139c4c2c:   97 df 05 00 48 8d 4c 24 20 48 ff 15 14 a6 1f 00
0x00007ffc139c4c3c:   0f 1f 44 00 00 48 8b 8c 24 c0 00 00 00 48 33 cc
0x00007ffc139c4c4c:   e8 2f 26 05 00 48 81 c4 d8 00 00 00 c3 cc 83 64
0x00007ffc139c4c5c:   24 38 00 eb cf cc cc cc cc cc cc cc 48 8b c4 48
0x00007ffc139c4c6c:   89 58 08 48 89 70 10 48 89 78 18 4c 89 68 20 55
0x00007ffc139c4c7c:   41 56 41 57 48 8d 68 a1 48 81 ec e0 00 00 00 48
0x00007ffc139c4c8c:   8b 05 ee 02 2f 00 48 33 c4 48 89 45 3f 45 33 ff
0x00007ffc139c4c9c:   66 c7 45 2b 00 05 48 8d 45 c7 44 89 7d 27 48 89
0x00007ffc139c4cac:   44 24 50 48 8d 4d 27 44 89 7c 24 48 45 33 c9 44
0x00007ffc139c4cbc:   89 7c 24 40 45 8d 47 12 44 89 7c 24 38 b2 01 44
0x00007ffc139c4ccc:   89 7c 24 30 41 8b df 44 89 7c 24 28 41 8b ff 44
0x00007ffc139c4cdc:   89 7c 24 20 45 8b f7 44 89 7d 2f 66 c7 45 33 00
0x00007ffc139c4cec:   01 44 89 7d 37 66 c7 45 3b 00 10 4c 89 7d c7 4c
0x00007ffc139c4cfc:   89 7d cf 4c 89 7d d7 4c 89 7d df 48 ff 15 62 a6
0x00007ffc139c4d0c:   1f 00 0f 1f 44 00 00 85 c0 0f 88 a7 02 00 00 48
0x00007ffc139c4d1c:   8d 45 cf 41 b9 20 02 00 00 48 89 44 24 50 45 8d
0x00007ffc139c4d2c:   6f 02 44 89 7c 24 48 45 8d 47 20 44 89 7c 24 40 


Stack slot to memory mapping:
stack at sp + 0 slots: 0x000001d3c2a003f0 points into unknown readable memory: 0x005400a101530099 | 99 00 53 01 a1 00 54 00
stack at sp + 1 slots: 0x00007ffbbd084100 librocksdbjni3440172361026801257.dll
stack at sp + 2 slots: 0x000001d3ed618b00 points into unknown readable memory: 0x00007ffbbcfa6230 | 30 62 fa bc fb 7f 00 00
stack at sp + 3 slots: 0x0000000000000030 is an unknown value
stack at sp + 4 slots: 0x00000081e06d7363 is an unknown value
stack at sp + 5 slots: 0x0 is NULL
stack at sp + 6 slots: 0x00007ffc139c4c3c KERNELBASE.dll
stack at sp + 7 slots: 0x0000000000000004 is an unknown value


---------------  P R O C E S S  ---------------

Threads class SMR info:
_java_thread_list=0x000001d6ee50c090, length=32, elements={
0x000001d3c4e27000, 0x000001d3e9719000, 0x000001d3e9747800, 0x000001d3e97a0800,
0x000001d3e97a1800, 0x000001d3e97a3800, 0x000001d3e97a8000, 0x000001d3e97a9800,
0x000001d3e9710800, 0x000001d3ea0d9800, 0x000001d3eaf9b000, 0x000001d3eafab000,
0x000001d3eb134000, 0x000001d3eb7e7000, 0x000001d3ed47d800, 0x000001d3ed4ec000,
0x000001d3ed6a5000, 0x000001d3ed6a1800, 0x000001d3ed6a0000, 0x000001d3ed6a6800,
0x000001d3ed6a2800, 0x000001d3ed6a3800, 0x000001d3ed6a1000, 0x000001d3ed6a4000,
0x000001d3ed6a6000, 0x000001d3ed893000, 0x000001d3ed894800, 0x000001d3ed896000,
0x000001d3ed895800, 0x000001d3ed898000, 0x000001d3ed892000, 0x000001d3ed893800
}

Java Threads: ( => current thread )
  0x000001d3c4e27000 JavaThread "main" [_thread_blocked, id=10104, stack(0x0000003041e00000,0x0000003041f00000)]
  0x000001d3e9719000 JavaThread "Reference Handler" daemon [_thread_blocked, id=11440, stack(0x0000003042500000,0x0000003042600000)]
  0x000001d3e9747800 JavaThread "Finalizer" daemon [_thread_blocked, id=15712, stack(0x0000003042600000,0x0000003042700000)]
  0x000001d3e97a0800 JavaThread "Signal Dispatcher" daemon [_thread_blocked, id=21820, stack(0x0000003042700000,0x0000003042800000)]
  0x000001d3e97a1800 JavaThread "Attach Listener" daemon [_thread_blocked, id=6812, stack(0x0000003042800000,0x0000003042900000)]
  0x000001d3e97a3800 JavaThread "Service Thread" daemon [_thread_blocked, id=1448, stack(0x0000003042900000,0x0000003042a00000)]
  0x000001d3e97a8000 JavaThread "C1 CompilerThread0" daemon [_thread_blocked, id=11136, stack(0x0000003042a00000,0x0000003042b00000)]
  0x000001d3e97a9800 JavaThread "Sweeper thread" daemon [_thread_blocked, id=15916, stack(0x0000003042b00000,0x0000003042c00000)]
  0x000001d3e9710800 JavaThread "Common-Cleaner" daemon [_thread_blocked, id=13428, stack(0x0000003042c00000,0x0000003042d00000)]
  0x000001d3ea0d9800 JavaThread "Monitor Ctrl-Break" daemon [_thread_in_native, id=19180, stack(0x0000003042d00000,0x0000003042e00000)]
  0x000001d3eaf9b000 JavaThread "Thread-0" [_thread_blocked, id=20592, stack(0x0000003043500000,0x0000003043600000)]
=>0x000001d3eafab000 JavaThread "restartedMain" [_thread_in_native, id=15688, stack(0x0000003043600000,0x0000003043700000)]
  0x000001d3eb134000 JavaThread "RMI Scheduler(0)" daemon [_thread_blocked, id=16952, stack(0x0000003043800000,0x0000003043900000)]
  0x000001d3eb7e7000 JavaThread "Catalina-utility-1" [_thread_blocked, id=12504, stack(0x0000003043900000,0x0000003043a00000)]
  0x000001d3ed47d800 JavaThread "Catalina-utility-2" [_thread_blocked, id=12812, stack(0x0000003043e00000,0x0000003043f00000)]
  0x000001d3ed4ec000 JavaThread "container-0" [_thread_blocked, id=16712, stack(0x0000003043f00000,0x0000003044000000)]
  0x000001d3ed6a5000 JavaThread "reactor-tcp-nio-1" daemon [_thread_in_native, id=1556, stack(0x0000003044300000,0x0000003044400000)]
  0x000001d3ed6a1800 JavaThread "reactor-tcp-nio-2" daemon [_thread_in_native, id=11104, stack(0x0000003044400000,0x0000003044500000)]
  0x000001d3ed6a0000 JavaThread "reactor-tcp-nio-3" daemon [_thread_in_native, id=4876, stack(0x0000003044500000,0x0000003044600000)]
  0x000001d3ed6a6800 JavaThread "reactor-tcp-nio-4" daemon [_thread_in_native, id=15608, stack(0x0000003044600000,0x0000003044700000)]
  0x000001d3ed6a2800 JavaThread "reactor-tcp-nio-5" daemon [_thread_in_native, id=4560, stack(0x0000003044700000,0x0000003044800000)]
  0x000001d3ed6a3800 JavaThread "reactor-tcp-nio-6" daemon [_thread_in_native, id=13408, stack(0x0000003044800000,0x0000003044900000)]
  0x000001d3ed6a1000 JavaThread "reactor-tcp-nio-7" daemon [_thread_in_native, id=8716, stack(0x0000003044900000,0x0000003044a00000)]
  0x000001d3ed6a4000 JavaThread "reactor-tcp-nio-8" daemon [_thread_in_native, id=17240, stack(0x0000003044a00000,0x0000003044b00000)]
  0x000001d3ed6a6000 JavaThread "reactor-tcp-nio-9" daemon [_thread_in_native, id=764, stack(0x0000003044b00000,0x0000003044c00000)]
  0x000001d3ed893000 JavaThread "reactor-tcp-nio-10" daemon [_thread_in_native, id=22408, stack(0x0000003044c00000,0x0000003044d00000)]
  0x000001d3ed894800 JavaThread "reactor-tcp-nio-11" daemon [_thread_in_native, id=9868, stack(0x0000003044d00000,0x0000003044e00000)]
  0x000001d3ed896000 JavaThread "reactor-tcp-nio-12" daemon [_thread_in_native, id=9704, stack(0x0000003044e00000,0x0000003044f00000)]
  0x000001d3ed895800 JavaThread "Thread-16" daemon [_thread_in_native, id=21764, stack(0x0000003045000000,0x0000003045100000)]
  0x000001d3ed898000 JavaThread "RMI TCP Connection(idle)" daemon [_thread_blocked, id=6048, stack(0x0000003045400000,0x0000003045500000)]
  0x000001d3ed892000 JavaThread "RMI TCP Connection(idle)" daemon [_thread_blocked, id=23296, stack(0x0000003045500000,0x0000003045600000)]
  0x000001d3ed893800 JavaThread "RMI TCP Connection(idle)" daemon [_thread_blocked, id=24248, stack(0x0000003041b00000,0x0000003041c00000)]

Other Threads:
  0x000001d3e9716000 VMThread "VM Thread" [stack: 0x0000003042400000,0x0000003042500000] [id=22384]
  0x000001d3ea243800 WatcherThread [stack: 0x0000003042f00000,0x0000003043000000] [id=4984]
  0x000001d3c4e40800 GCTaskThread "GC Thread#0" [stack: 0x0000003041f00000,0x0000003042000000] [id=20928]
  0x000001d3eae95000 GCTaskThread "GC Thread#1" [stack: 0x0000003043000000,0x0000003043100000] [id=4328]
  0x000001d3eae80000 GCTaskThread "GC Thread#2" [stack: 0x0000003043100000,0x0000003043200000] [id=20600]
  0x000001d3eae80800 GCTaskThread "GC Thread#3" [stack: 0x0000003043200000,0x0000003043300000] [id=12880]
  0x000001d3eae81800 GCTaskThread "GC Thread#4" [stack: 0x0000003043300000,0x0000003043400000] [id=21964]
  0x000001d3eae9a800 GCTaskThread "GC Thread#5" [stack: 0x0000003043400000,0x0000003043500000] [id=21384]
  0x000001d3eb20f800 GCTaskThread "GC Thread#6" [stack: 0x0000003043a00000,0x0000003043b00000] [id=10796]
  0x000001d3eb1dc000 GCTaskThread "GC Thread#7" [stack: 0x0000003043b00000,0x0000003043c00000] [id=21288]
  0x000001d3eadee000 GCTaskThread "GC Thread#8" [stack: 0x0000003045200000,0x0000003045300000] [id=15208]
  0x000001d3eadee800 GCTaskThread "GC Thread#9" [stack: 0x0000003045300000,0x0000003045400000] [id=16596]
  0x000001d3c4e9d800 ConcurrentGCThread "G1 Main Marker" [stack: 0x0000003042000000,0x0000003042100000] [id=8280]
  0x000001d3c4e9f800 ConcurrentGCThread "G1 Conc#0" [stack: 0x0000003042100000,0x0000003042200000] [id=12192]
  0x000001d3eaf86800 ConcurrentGCThread "G1 Conc#1" [stack: 0x0000003043c00000,0x0000003043d00000] [id=14976]
  0x000001d3eb1ae800 ConcurrentGCThread "G1 Conc#2" [stack: 0x0000003043d00000,0x0000003043e00000] [id=22668]
  0x000001d3e8d7a800 ConcurrentGCThread "G1 Refine#0" [stack: 0x0000003042200000,0x0000003042300000] [id=23092]
  0x000001d3e8d7e800 ConcurrentGCThread "G1 Young RemSet Sampling" [stack: 0x0000003042300000,0x0000003042400000] [id=19384]

Threads with active compile tasks:

VM state:not at safepoint (normal execution)

VM Mutex/Monitor currently owned by a thread: None

OutOfMemory and StackOverflow Exception counts:
OutOfMemoryError java_heap_errors=3
LinkageErrors=120

Heap address: 0x0000000703a00000, size: 4038 MB, Compressed Oops mode: Zero based, Oop shift amount: 3
Narrow klass base: 0x0000000800000000, Narrow klass shift: 0
Compressed class space size: 1073741824 Address: 0x0000000800000000

Heap:
 garbage-first heap   total 320512K, used 162350K [0x0000000703a00000, 0x0000000800000000)
  region size 1024K, 144 young (147456K), 11 survivors (11264K)
 Metaspace       used 45183K, capacity 46944K, committed 47104K, reserved 1089536K
  class space    used 5561K, capacity 6304K, committed 6400K, reserved 1048576K
Heap Regions: E=young(eden), S=young(survivor), O=old, HS=humongous(starts), HC=humongous(continues), CS=collection set, F=free, A=archive, TAMS=top-at-mark-start (previous, next)
|   0|0x0000000703a00000, 0x0000000703b00000, 0x0000000703b00000|100%| O|  |TAMS 0x0000000703a00000, 0x0000000703a00000| Untracked 
|   1|0x0000000703b00000, 0x0000000703c00000, 0x0000000703c00000|100%| O|  |TAMS 0x0000000703c00000, 0x0000000703b00000| Untracked 
|   2|0x0000000703c00000, 0x0000000703d00000, 0x0000000703d00000|100%| O|  |TAMS 0x0000000703d00000, 0x0000000703c00000| Untracked 
|   3|0x0000000703d00000, 0x0000000703e00000, 0x0000000703e00000|100%| O|  |TAMS 0x0000000703e00000, 0x0000000703d00000| Untracked 
|   4|0x0000000703e00000, 0x0000000703f00000, 0x0000000703f00000|100%| O|  |TAMS 0x0000000703f00000, 0x0000000703e00000| Untracked 
|   5|0x0000000703f00000, 0x0000000704000000, 0x0000000704000000|100%| O|  |TAMS 0x0000000704000000, 0x0000000703f00000| Untracked 
|   6|0x0000000704000000, 0x0000000704100000, 0x0000000704100000|100%| O|  |TAMS 0x0000000704100000, 0x0000000704000000| Untracked 
|   7|0x0000000704100000, 0x0000000704200000, 0x0000000704200000|100%| O|  |TAMS 0x0000000704200000, 0x0000000704100000| Untracked 
|   8|0x0000000704200000, 0x0000000704300000, 0x0000000704300000|100%| O|  |TAMS 0x0000000704300000, 0x0000000704200000| Untracked 
|   9|0x0000000704300000, 0x0000000704400000, 0x0000000704400000|100%| O|  |TAMS 0x0000000704300000, 0x0000000704300000| Untracked 
|  10|0x0000000704400000, 0x0000000704500000, 0x0000000704500000|100%| O|  |TAMS 0x0000000704400000, 0x0000000704400000| Untracked 
|  11|0x0000000704500000, 0x0000000704600000, 0x0000000704600000|100%| O|  |TAMS 0x0000000704500000, 0x0000000704500000| Untracked 
|  12|0x0000000704600000, 0x0000000704700000, 0x0000000704700000|100%| O|  |TAMS 0x0000000704600000, 0x0000000704600000| Untracked 
|  13|0x0000000704700000, 0x000000070472de00, 0x0000000704800000| 17%| O|  |TAMS 0x0000000704700000, 0x0000000704700000| Untracked 
|  14|0x0000000704800000, 0x0000000704800000, 0x0000000704900000|  0%| F|  |TAMS 0x0000000704800000, 0x0000000704800000| Untracked 
|  15|0x0000000704900000, 0x0000000704900000, 0x0000000704a00000|  0%| F|  |TAMS 0x0000000704900000, 0x0000000704900000| Untracked 
|  16|0x0000000704a00000, 0x0000000704b00000, 0x0000000704b00000|100%| O|  |TAMS 0x0000000704a00000, 0x0000000704a00000| Untracked 
|  17|0x0000000704b00000, 0x0000000704c00000, 0x0000000704c00000|100%| O|  |TAMS 0x0000000704b00000, 0x0000000704b00000| Untracked 
|  18|0x0000000704c00000, 0x0000000704d00000, 0x0000000704d00000|100%| O|  |TAMS 0x0000000704c00000, 0x0000000704c00000| Untracked 
|  19|0x0000000704d00000, 0x0000000704d00000, 0x0000000704e00000|  0%| F|  |TAMS 0x0000000704d00000, 0x0000000704d00000| Untracked 
|  20|0x0000000704e00000, 0x0000000704e00000, 0x0000000704f00000|  0%| F|  |TAMS 0x0000000704e00000, 0x0000000704e00000| Untracked 
|  21|0x0000000704f00000, 0x0000000704f00000, 0x0000000705000000|  0%| F|  |TAMS 0x0000000704f00000, 0x0000000704f00000| Untracked 
|  22|0x0000000705000000, 0x0000000705000000, 0x0000000705100000|  0%| F|  |TAMS 0x0000000705000000, 0x0000000705000000| Untracked 
|  23|0x0000000705100000, 0x0000000705100000, 0x0000000705200000|  0%| F|  |TAMS 0x0000000705100000, 0x0000000705100000| Untracked 
|  24|0x0000000705200000, 0x0000000705200000, 0x0000000705300000|  0%| F|  |TAMS 0x0000000705200000, 0x0000000705200000| Untracked 
|  25|0x0000000705300000, 0x0000000705300000, 0x0000000705400000|  0%| F|  |TAMS 0x0000000705300000, 0x0000000705300000| Untracked 
|  26|0x0000000705400000, 0x0000000705400000, 0x0000000705500000|  0%| F|  |TAMS 0x0000000705400000, 0x0000000705400000| Untracked 
|  27|0x0000000705500000, 0x0000000705500000, 0x0000000705600000|  0%| F|  |TAMS 0x0000000705500000, 0x0000000705500000| Untracked 
|  28|0x0000000705600000, 0x0000000705600000, 0x0000000705700000|  0%| F|  |TAMS 0x0000000705600000, 0x0000000705600000| Untracked 
|  29|0x0000000705700000, 0x0000000705700000, 0x0000000705800000|  0%| F|  |TAMS 0x0000000705700000, 0x0000000705700000| Untracked 
|  30|0x0000000705800000, 0x0000000705800000, 0x0000000705900000|  0%| F|  |TAMS 0x0000000705800000, 0x0000000705800000| Untracked 
|  31|0x0000000705900000, 0x0000000705900000, 0x0000000705a00000|  0%| F|  |TAMS 0x0000000705900000, 0x0000000705900000| Untracked 
|  32|0x0000000705a00000, 0x0000000705a00000, 0x0000000705b00000|  0%| F|  |TAMS 0x0000000705a00000, 0x0000000705a00000| Untracked 
|  33|0x0000000705b00000, 0x0000000705b00000, 0x0000000705c00000|  0%| F|  |TAMS 0x0000000705b00000, 0x0000000705b00000| Untracked 
|  34|0x0000000705c00000, 0x0000000705c00000, 0x0000000705d00000|  0%| F|  |TAMS 0x0000000705c00000, 0x0000000705c00000| Untracked 
|  35|0x0000000705d00000, 0x0000000705d00000, 0x0000000705e00000|  0%| F|  |TAMS 0x0000000705d00000, 0x0000000705d00000| Untracked 
|  36|0x0000000705e00000, 0x0000000705e00000, 0x0000000705f00000|  0%| F|  |TAMS 0x0000000705e00000, 0x0000000705e00000| Untracked 
|  37|0x0000000705f00000, 0x0000000705f00000, 0x0000000706000000|  0%| F|  |TAMS 0x0000000705f00000, 0x0000000705f00000| Untracked 
|  38|0x0000000706000000, 0x0000000706000000, 0x0000000706100000|  0%| F|  |TAMS 0x0000000706000000, 0x0000000706000000| Untracked 
|  39|0x0000000706100000, 0x0000000706100000, 0x0000000706200000|  0%| F|  |TAMS 0x0000000706100000, 0x0000000706100000| Untracked 
|  40|0x0000000706200000, 0x0000000706200000, 0x0000000706300000|  0%| F|  |TAMS 0x0000000706200000, 0x0000000706200000| Untracked 
|  41|0x0000000706300000, 0x0000000706300000, 0x0000000706400000|  0%| F|  |TAMS 0x0000000706300000, 0x0000000706300000| Untracked 
|  42|0x0000000706400000, 0x0000000706400000, 0x0000000706500000|  0%| F|  |TAMS 0x0000000706400000, 0x0000000706400000| Untracked 
|  43|0x0000000706500000, 0x0000000706500000, 0x0000000706600000|  0%| F|  |TAMS 0x0000000706500000, 0x0000000706500000| Untracked 
|  44|0x0000000706600000, 0x0000000706600000, 0x0000000706700000|  0%| F|  |TAMS 0x0000000706600000, 0x0000000706600000| Untracked 
|  45|0x0000000706700000, 0x0000000706700000, 0x0000000706800000|  0%| F|  |TAMS 0x0000000706700000, 0x0000000706700000| Untracked 
|  46|0x0000000706800000, 0x0000000706800000, 0x0000000706900000|  0%| F|  |TAMS 0x0000000706800000, 0x0000000706800000| Untracked 
|  47|0x0000000706900000, 0x0000000706900000, 0x0000000706a00000|  0%| F|  |TAMS 0x0000000706900000, 0x0000000706900000| Untracked 
|  48|0x0000000706a00000, 0x0000000706a00000, 0x0000000706b00000|  0%| F|  |TAMS 0x0000000706a00000, 0x0000000706a00000| Untracked 
|  49|0x0000000706b00000, 0x0000000706b00000, 0x0000000706c00000|  0%| F|  |TAMS 0x0000000706b00000, 0x0000000706b00000| Untracked 
|  50|0x0000000706c00000, 0x0000000706c00000, 0x0000000706d00000|  0%| F|  |TAMS 0x0000000706c00000, 0x0000000706c00000| Untracked 
|  51|0x0000000706d00000, 0x0000000706d00000, 0x0000000706e00000|  0%| F|  |TAMS 0x0000000706d00000, 0x0000000706d00000| Untracked 
|  52|0x0000000706e00000, 0x0000000706e00000, 0x0000000706f00000|  0%| F|  |TAMS 0x0000000706e00000, 0x0000000706e00000| Untracked 
|  53|0x0000000706f00000, 0x0000000706f00000, 0x0000000707000000|  0%| F|  |TAMS 0x0000000706f00000, 0x0000000706f00000| Untracked 
|  54|0x0000000707000000, 0x0000000707000000, 0x0000000707100000|  0%| F|  |TAMS 0x0000000707000000, 0x0000000707000000| Untracked 
|  55|0x0000000707100000, 0x0000000707100000, 0x0000000707200000|  0%| F|  |TAMS 0x0000000707100000, 0x0000000707100000| Untracked 
|  56|0x0000000707200000, 0x0000000707200000, 0x0000000707300000|  0%| F|  |TAMS 0x0000000707200000, 0x0000000707200000| Untracked 
|  57|0x0000000707300000, 0x0000000707300000, 0x0000000707400000|  0%| F|  |TAMS 0x0000000707300000, 0x0000000707300000| Untracked 
|  58|0x0000000707400000, 0x0000000707400000, 0x0000000707500000|  0%| F|  |TAMS 0x0000000707400000, 0x0000000707400000| Untracked 
|  59|0x0000000707500000, 0x0000000707500000, 0x0000000707600000|  0%| F|  |TAMS 0x0000000707500000, 0x0000000707500000| Untracked 
|  60|0x0000000707600000, 0x0000000707600000, 0x0000000707700000|  0%| F|  |TAMS 0x0000000707600000, 0x0000000707600000| Untracked 
|  61|0x0000000707700000, 0x0000000707700000, 0x0000000707800000|  0%| F|  |TAMS 0x0000000707700000, 0x0000000707700000| Untracked 
|  62|0x0000000707800000, 0x0000000707800000, 0x0000000707900000|  0%| F|  |TAMS 0x0000000707800000, 0x0000000707800000| Untracked 
|  63|0x0000000707900000, 0x0000000707900000, 0x0000000707a00000|  0%| F|  |TAMS 0x0000000707900000, 0x0000000707900000| Untracked 
|  64|0x0000000707a00000, 0x0000000707a00000, 0x0000000707b00000|  0%| F|  |TAMS 0x0000000707a00000, 0x0000000707a00000| Untracked 
|  65|0x0000000707b00000, 0x0000000707b00000, 0x0000000707c00000|  0%| F|  |TAMS 0x0000000707b00000, 0x0000000707b00000| Untracked 
|  66|0x0000000707c00000, 0x0000000707c00000, 0x0000000707d00000|  0%| F|  |TAMS 0x0000000707c00000, 0x0000000707c00000| Untracked 
|  67|0x0000000707d00000, 0x0000000707d00000, 0x0000000707e00000|  0%| F|  |TAMS 0x0000000707d00000, 0x0000000707d00000| Untracked 
|  68|0x0000000707e00000, 0x0000000707e00000, 0x0000000707f00000|  0%| F|  |TAMS 0x0000000707e00000, 0x0000000707e00000| Untracked 
|  69|0x0000000707f00000, 0x0000000707f00000, 0x0000000708000000|  0%| F|  |TAMS 0x0000000707f00000, 0x0000000707f00000| Untracked 
|  70|0x0000000708000000, 0x0000000708000000, 0x0000000708100000|  0%| F|  |TAMS 0x0000000708000000, 0x0000000708000000| Untracked 
|  71|0x0000000708100000, 0x0000000708100000, 0x0000000708200000|  0%| F|  |TAMS 0x0000000708100000, 0x0000000708100000| Untracked 
|  72|0x0000000708200000, 0x0000000708200000, 0x0000000708300000|  0%| F|  |TAMS 0x0000000708200000, 0x0000000708200000| Untracked 
|  73|0x0000000708300000, 0x0000000708300000, 0x0000000708400000|  0%| F|  |TAMS 0x0000000708300000, 0x0000000708300000| Untracked 
|  74|0x0000000708400000, 0x0000000708400000, 0x0000000708500000|  0%| F|  |TAMS 0x0000000708400000, 0x0000000708400000| Untracked 
|  75|0x0000000708500000, 0x0000000708500000, 0x0000000708600000|  0%| F|  |TAMS 0x0000000708500000, 0x0000000708500000| Untracked 
|  76|0x0000000708600000, 0x0000000708600000, 0x0000000708700000|  0%| F|  |TAMS 0x0000000708600000, 0x0000000708600000| Untracked 
|  77|0x0000000708700000, 0x0000000708700000, 0x0000000708800000|  0%| F|  |TAMS 0x0000000708700000, 0x0000000708700000| Untracked 
|  78|0x0000000708800000, 0x0000000708800000, 0x0000000708900000|  0%| F|  |TAMS 0x0000000708800000, 0x0000000708800000| Untracked 
|  79|0x0000000708900000, 0x0000000708900000, 0x0000000708a00000|  0%| F|  |TAMS 0x0000000708900000, 0x0000000708900000| Untracked 
|  80|0x0000000708a00000, 0x0000000708a00000, 0x0000000708b00000|  0%| F|  |TAMS 0x0000000708a00000, 0x0000000708a00000| Untracked 
|  81|0x0000000708b00000, 0x0000000708b00000, 0x0000000708c00000|  0%| F|  |TAMS 0x0000000708b00000, 0x0000000708b00000| Untracked 
|  82|0x0000000708c00000, 0x0000000708c00000, 0x0000000708d00000|  0%| F|  |TAMS 0x0000000708c00000, 0x0000000708c00000| Untracked 
|  83|0x0000000708d00000, 0x0000000708d00000, 0x0000000708e00000|  0%| F|  |TAMS 0x0000000708d00000, 0x0000000708d00000| Untracked 
|  84|0x0000000708e00000, 0x0000000708e00000, 0x0000000708f00000|  0%| F|  |TAMS 0x0000000708e00000, 0x0000000708e00000| Untracked 
|  85|0x0000000708f00000, 0x0000000708f00000, 0x0000000709000000|  0%| F|  |TAMS 0x0000000708f00000, 0x0000000708f00000| Untracked 
|  86|0x0000000709000000, 0x0000000709000000, 0x0000000709100000|  0%| F|  |TAMS 0x0000000709000000, 0x0000000709000000| Untracked 
|  87|0x0000000709100000, 0x0000000709100000, 0x0000000709200000|  0%| F|  |TAMS 0x0000000709100000, 0x0000000709100000| Untracked 
|  88|0x0000000709200000, 0x0000000709200000, 0x0000000709300000|  0%| F|  |TAMS 0x0000000709200000, 0x0000000709200000| Untracked 
|  89|0x0000000709300000, 0x0000000709300000, 0x0000000709400000|  0%| F|  |TAMS 0x0000000709300000, 0x0000000709300000| Untracked 
|  90|0x0000000709400000, 0x0000000709400000, 0x0000000709500000|  0%| F|  |TAMS 0x0000000709400000, 0x0000000709400000| Untracked 
|  91|0x0000000709500000, 0x0000000709500000, 0x0000000709600000|  0%| F|  |TAMS 0x0000000709500000, 0x0000000709500000| Untracked 
|  92|0x0000000709600000, 0x0000000709600000, 0x0000000709700000|  0%| F|  |TAMS 0x0000000709600000, 0x0000000709600000| Untracked 
|  93|0x0000000709700000, 0x0000000709700000, 0x0000000709800000|  0%| F|  |TAMS 0x0000000709700000, 0x0000000709700000| Untracked 
|  94|0x0000000709800000, 0x0000000709800000, 0x0000000709900000|  0%| F|  |TAMS 0x0000000709800000, 0x0000000709800000| Untracked 
|  95|0x0000000709900000, 0x0000000709900000, 0x0000000709a00000|  0%| F|  |TAMS 0x0000000709900000, 0x0000000709900000| Untracked 
|  96|0x0000000709a00000, 0x0000000709a00000, 0x0000000709b00000|  0%| F|  |TAMS 0x0000000709a00000, 0x0000000709a00000| Untracked 
|  97|0x0000000709b00000, 0x0000000709b00000, 0x0000000709c00000|  0%| F|  |TAMS 0x0000000709b00000, 0x0000000709b00000| Untracked 
|  98|0x0000000709c00000, 0x0000000709c00000, 0x0000000709d00000|  0%| F|  |TAMS 0x0000000709c00000, 0x0000000709c00000| Untracked 
|  99|0x0000000709d00000, 0x0000000709d00000, 0x0000000709e00000|  0%| F|  |TAMS 0x0000000709d00000, 0x0000000709d00000| Untracked 
| 100|0x0000000709e00000, 0x0000000709e00000, 0x0000000709f00000|  0%| F|  |TAMS 0x0000000709e00000, 0x0000000709e00000| Untracked 
| 101|0x0000000709f00000, 0x0000000709f00000, 0x000000070a000000|  0%| F|  |TAMS 0x0000000709f00000, 0x0000000709f00000| Untracked 
| 102|0x000000070a000000, 0x000000070a000000, 0x000000070a100000|  0%| F|  |TAMS 0x000000070a000000, 0x000000070a000000| Untracked 
| 103|0x000000070a100000, 0x000000070a100000, 0x000000070a200000|  0%| F|  |TAMS 0x000000070a100000, 0x000000070a100000| Untracked 
| 104|0x000000070a200000, 0x000000070a200000, 0x000000070a300000|  0%| F|  |TAMS 0x000000070a200000, 0x000000070a200000| Untracked 
| 105|0x000000070a300000, 0x000000070a300000, 0x000000070a400000|  0%| F|  |TAMS 0x000000070a300000, 0x000000070a300000| Untracked 
| 106|0x000000070a400000, 0x000000070a400000, 0x000000070a500000|  0%| F|  |TAMS 0x000000070a400000, 0x000000070a400000| Untracked 
| 107|0x000000070a500000, 0x000000070a500000, 0x000000070a600000|  0%| F|  |TAMS 0x000000070a500000, 0x000000070a500000| Untracked 
| 108|0x000000070a600000, 0x000000070a600000, 0x000000070a700000|  0%| F|  |TAMS 0x000000070a600000, 0x000000070a600000| Untracked 
| 109|0x000000070a700000, 0x000000070a700000, 0x000000070a800000|  0%| F|  |TAMS 0x000000070a700000, 0x000000070a700000| Untracked 
| 110|0x000000070a800000, 0x000000070a800000, 0x000000070a900000|  0%| F|  |TAMS 0x000000070a800000, 0x000000070a800000| Untracked 
| 111|0x000000070a900000, 0x000000070a900000, 0x000000070aa00000|  0%| F|  |TAMS 0x000000070a900000, 0x000000070a900000| Untracked 
| 112|0x000000070aa00000, 0x000000070aa00000, 0x000000070ab00000|  0%| F|  |TAMS 0x000000070aa00000, 0x000000070aa00000| Untracked 
| 113|0x000000070ab00000, 0x000000070ab00000, 0x000000070ac00000|  0%| F|  |TAMS 0x000000070ab00000, 0x000000070ab00000| Untracked 
| 114|0x000000070ac00000, 0x000000070ac00000, 0x000000070ad00000|  0%| F|  |TAMS 0x000000070ac00000, 0x000000070ac00000| Untracked 
| 115|0x000000070ad00000, 0x000000070ad5dbb0, 0x000000070ae00000| 36%| S|CS|TAMS 0x000000070ad00000, 0x000000070ad00000| Complete 
| 116|0x000000070ae00000, 0x000000070af00000, 0x000000070af00000|100%| S|CS|TAMS 0x000000070ae00000, 0x000000070ae00000| Complete 
| 117|0x000000070af00000, 0x000000070b000000, 0x000000070b000000|100%| S|CS|TAMS 0x000000070af00000, 0x000000070af00000| Complete 
| 118|0x000000070b000000, 0x000000070b100000, 0x000000070b100000|100%| S|CS|TAMS 0x000000070b000000, 0x000000070b000000| Complete 
| 119|0x000000070b100000, 0x000000070b200000, 0x000000070b200000|100%| S|CS|TAMS 0x000000070b100000, 0x000000070b100000| Complete 
| 120|0x000000070b200000, 0x000000070b300000, 0x000000070b300000|100%| S|CS|TAMS 0x000000070b200000, 0x000000070b200000| Complete 
| 121|0x000000070b300000, 0x000000070b400000, 0x000000070b400000|100%| S|CS|TAMS 0x000000070b300000, 0x000000070b300000| Complete 
| 122|0x000000070b400000, 0x000000070b500000, 0x000000070b500000|100%| S|CS|TAMS 0x000000070b400000, 0x000000070b400000| Complete 
| 123|0x000000070b500000, 0x000000070b600000, 0x000000070b600000|100%| S|CS|TAMS 0x000000070b500000, 0x000000070b500000| Complete 
| 124|0x000000070b600000, 0x000000070b700000, 0x000000070b700000|100%| S|CS|TAMS 0x000000070b600000, 0x000000070b600000| Complete 
| 125|0x000000070b700000, 0x000000070b800000, 0x000000070b800000|100%| S|CS|TAMS 0x000000070b700000, 0x000000070b700000| Complete 
| 126|0x000000070b800000, 0x000000070b800000, 0x000000070b900000|  0%| F|  |TAMS 0x000000070b800000, 0x000000070b800000| Untracked 
| 127|0x000000070b900000, 0x000000070b900000, 0x000000070ba00000|  0%| F|  |TAMS 0x000000070b900000, 0x000000070b900000| Untracked 
| 128|0x000000070ba00000, 0x000000070ba00000, 0x000000070bb00000|  0%| F|  |TAMS 0x000000070ba00000, 0x000000070ba00000| Untracked 
| 129|0x000000070bb00000, 0x000000070bb00000, 0x000000070bc00000|  0%| F|  |TAMS 0x000000070bb00000, 0x000000070bb00000| Untracked 
| 130|0x000000070bc00000, 0x000000070bc00000, 0x000000070bd00000|  0%| F|  |TAMS 0x000000070bc00000, 0x000000070bc00000| Untracked 
| 131|0x000000070bd00000, 0x000000070bd00000, 0x000000070be00000|  0%| F|  |TAMS 0x000000070bd00000, 0x000000070bd00000| Untracked 
| 132|0x000000070be00000, 0x000000070be00000, 0x000000070bf00000|  0%| F|  |TAMS 0x000000070be00000, 0x000000070be00000| Untracked 
| 133|0x000000070bf00000, 0x000000070bf00000, 0x000000070c000000|  0%| F|  |TAMS 0x000000070bf00000, 0x000000070bf00000| Untracked 
| 134|0x000000070c000000, 0x000000070c000000, 0x000000070c100000|  0%| F|  |TAMS 0x000000070c000000, 0x000000070c000000| Untracked 
| 135|0x000000070c100000, 0x000000070c100000, 0x000000070c200000|  0%| F|  |TAMS 0x000000070c100000, 0x000000070c100000| Untracked 
| 136|0x000000070c200000, 0x000000070c200000, 0x000000070c300000|  0%| F|  |TAMS 0x000000070c200000, 0x000000070c200000| Untracked 
| 137|0x000000070c300000, 0x000000070c300000, 0x000000070c400000|  0%| F|  |TAMS 0x000000070c300000, 0x000000070c300000| Untracked 
| 138|0x000000070c400000, 0x000000070c400000, 0x000000070c500000|  0%| F|  |TAMS 0x000000070c400000, 0x000000070c400000| Untracked 
| 139|0x000000070c500000, 0x000000070c500000, 0x000000070c600000|  0%| F|  |TAMS 0x000000070c500000, 0x000000070c500000| Untracked 
| 140|0x000000070c600000, 0x000000070c600000, 0x000000070c700000|  0%| F|  |TAMS 0x000000070c600000, 0x000000070c600000| Untracked 
| 141|0x000000070c700000, 0x000000070c700000, 0x000000070c800000|  0%| F|  |TAMS 0x000000070c700000, 0x000000070c700000| Untracked 
| 142|0x000000070c800000, 0x000000070c800000, 0x000000070c900000|  0%| F|  |TAMS 0x000000070c800000, 0x000000070c800000| Untracked 
| 143|0x000000070c900000, 0x000000070c900000, 0x000000070ca00000|  0%| F|  |TAMS 0x000000070c900000, 0x000000070c900000| Untracked 
| 144|0x000000070ca00000, 0x000000070ca00000, 0x000000070cb00000|  0%| F|  |TAMS 0x000000070ca00000, 0x000000070ca00000| Untracked 
| 145|0x000000070cb00000, 0x000000070cb00000, 0x000000070cc00000|  0%| F|  |TAMS 0x000000070cb00000, 0x000000070cb00000| Untracked 
| 146|0x000000070cc00000, 0x000000070cc00000, 0x000000070cd00000|  0%| F|  |TAMS 0x000000070cc00000, 0x000000070cc00000| Untracked 
| 147|0x000000070cd00000, 0x000000070cd00000, 0x000000070ce00000|  0%| F|  |TAMS 0x000000070cd00000, 0x000000070cd00000| Untracked 
| 148|0x000000070ce00000, 0x000000070ce00000, 0x000000070cf00000|  0%| F|  |TAMS 0x000000070ce00000, 0x000000070ce00000| Untracked 
| 149|0x000000070cf00000, 0x000000070cf00000, 0x000000070d000000|  0%| F|  |TAMS 0x000000070cf00000, 0x000000070cf00000| Untracked 
| 150|0x000000070d000000, 0x000000070d000000, 0x000000070d100000|  0%| F|  |TAMS 0x000000070d000000, 0x000000070d000000| Untracked 
| 151|0x000000070d100000, 0x000000070d100000, 0x000000070d200000|  0%| F|  |TAMS 0x000000070d100000, 0x000000070d100000| Untracked 
| 152|0x000000070d200000, 0x000000070d200000, 0x000000070d300000|  0%| F|  |TAMS 0x000000070d200000, 0x000000070d200000| Untracked 
| 153|0x000000070d300000, 0x000000070d300000, 0x000000070d400000|  0%| F|  |TAMS 0x000000070d300000, 0x000000070d300000| Untracked 
| 154|0x000000070d400000, 0x000000070d400000, 0x000000070d500000|  0%| F|  |TAMS 0x000000070d400000, 0x000000070d400000| Untracked 
| 155|0x000000070d500000, 0x000000070d500000, 0x000000070d600000|  0%| F|  |TAMS 0x000000070d500000, 0x000000070d500000| Untracked 
| 156|0x000000070d600000, 0x000000070d600000, 0x000000070d700000|  0%| F|  |TAMS 0x000000070d600000, 0x000000070d600000| Untracked 
| 157|0x000000070d700000, 0x000000070d700000, 0x000000070d800000|  0%| F|  |TAMS 0x000000070d700000, 0x000000070d700000| Untracked 
| 158|0x000000070d800000, 0x000000070d800000, 0x000000070d900000|  0%| F|  |TAMS 0x000000070d800000, 0x000000070d800000| Untracked 
| 159|0x000000070d900000, 0x000000070d900000, 0x000000070da00000|  0%| F|  |TAMS 0x000000070d900000, 0x000000070d900000| Untracked 
| 160|0x000000070da00000, 0x000000070da00000, 0x000000070db00000|  0%| F|  |TAMS 0x000000070da00000, 0x000000070da00000| Untracked 
| 161|0x000000070db00000, 0x000000070db00000, 0x000000070dc00000|  0%| F|  |TAMS 0x000000070db00000, 0x000000070db00000| Untracked 
| 162|0x000000070dc00000, 0x000000070dc00000, 0x000000070dd00000|  0%| F|  |TAMS 0x000000070dc00000, 0x000000070dc00000| Untracked 
| 163|0x000000070dd00000, 0x000000070dd00000, 0x000000070de00000|  0%| F|  |TAMS 0x000000070dd00000, 0x000000070dd00000| Untracked 
| 164|0x000000070de00000, 0x000000070de00000, 0x000000070df00000|  0%| F|  |TAMS 0x000000070de00000, 0x000000070de00000| Untracked 
| 165|0x000000070df00000, 0x000000070df00000, 0x000000070e000000|  0%| F|  |TAMS 0x000000070df00000, 0x000000070df00000| Untracked 
| 166|0x000000070e000000, 0x000000070e000000, 0x000000070e100000|  0%| F|  |TAMS 0x000000070e000000, 0x000000070e000000| Untracked 
| 167|0x000000070e100000, 0x000000070e100000, 0x000000070e200000|  0%| F|  |TAMS 0x000000070e100000, 0x000000070e100000| Untracked 
| 168|0x000000070e200000, 0x000000070e200000, 0x000000070e300000|  0%| F|  |TAMS 0x000000070e200000, 0x000000070e200000| Untracked 
| 169|0x000000070e300000, 0x000000070e300000, 0x000000070e400000|  0%| F|  |TAMS 0x000000070e300000, 0x000000070e300000| Untracked 
| 170|0x000000070e400000, 0x000000070e400000, 0x000000070e500000|  0%| F|  |TAMS 0x000000070e400000, 0x000000070e400000| Untracked 
| 171|0x000000070e500000, 0x000000070e500000, 0x000000070e600000|  0%| F|  |TAMS 0x000000070e500000, 0x000000070e500000| Untracked 
| 172|0x000000070e600000, 0x000000070e600000, 0x000000070e700000|  0%| F|  |TAMS 0x000000070e600000, 0x000000070e600000| Untracked 
| 173|0x000000070e700000, 0x000000070e700000, 0x000000070e800000|  0%| F|  |TAMS 0x000000070e700000, 0x000000070e700000| Untracked 
| 174|0x000000070e800000, 0x000000070e800000, 0x000000070e900000|  0%| F|  |TAMS 0x000000070e800000, 0x000000070e800000| Untracked 
| 175|0x000000070e900000, 0x000000070e900000, 0x000000070ea00000|  0%| F|  |TAMS 0x000000070e900000, 0x000000070e900000| Untracked 
| 176|0x000000070ea00000, 0x000000070ea00000, 0x000000070eb00000|  0%| F|  |TAMS 0x000000070ea00000, 0x000000070ea00000| Untracked 
| 177|0x000000070eb00000, 0x000000070eb00000, 0x000000070ec00000|  0%| F|  |TAMS 0x000000070eb00000, 0x000000070eb00000| Untracked 
| 178|0x000000070ec00000, 0x000000070ec00000, 0x000000070ed00000|  0%| F|  |TAMS 0x000000070ec00000, 0x000000070ec00000| Untracked 
| 179|0x000000070ed00000, 0x000000070ed00000, 0x000000070ee00000|  0%| F|  |TAMS 0x000000070ed00000, 0x000000070ed00000| Untracked 
| 180|0x000000070ee00000, 0x000000070eeb69c8, 0x000000070ef00000| 71%| E|  |TAMS 0x000000070ee00000, 0x000000070ee00000| Complete 
| 181|0x000000070ef00000, 0x000000070f000000, 0x000000070f000000|100%| E|CS|TAMS 0x000000070ef00000, 0x000000070ef00000| Complete 
| 182|0x000000070f000000, 0x000000070f100000, 0x000000070f100000|100%| E|CS|TAMS 0x000000070f000000, 0x000000070f000000| Complete 
| 183|0x000000070f100000, 0x000000070f200000, 0x000000070f200000|100%| E|CS|TAMS 0x000000070f100000, 0x000000070f100000| Complete 
| 184|0x000000070f200000, 0x000000070f300000, 0x000000070f300000|100%| E|CS|TAMS 0x000000070f200000, 0x000000070f200000| Complete 
| 185|0x000000070f300000, 0x000000070f400000, 0x000000070f400000|100%| E|CS|TAMS 0x000000070f300000, 0x000000070f300000| Complete 
| 186|0x000000070f400000, 0x000000070f500000, 0x000000070f500000|100%| E|CS|TAMS 0x000000070f400000, 0x000000070f400000| Complete 
| 187|0x000000070f500000, 0x000000070f600000, 0x000000070f600000|100%| E|CS|TAMS 0x000000070f500000, 0x000000070f500000| Complete 
| 188|0x000000070f600000, 0x000000070f700000, 0x000000070f700000|100%| E|CS|TAMS 0x000000070f600000, 0x000000070f600000| Complete 
| 189|0x000000070f700000, 0x000000070f800000, 0x000000070f800000|100%| E|CS|TAMS 0x000000070f700000, 0x000000070f700000| Complete 
| 190|0x000000070f800000, 0x000000070f900000, 0x000000070f900000|100%| E|CS|TAMS 0x000000070f800000, 0x000000070f800000| Complete 
| 191|0x000000070f900000, 0x000000070fa00000, 0x000000070fa00000|100%| E|CS|TAMS 0x000000070f900000, 0x000000070f900000| Complete 
| 192|0x000000070fa00000, 0x000000070fb00000, 0x000000070fb00000|100%| E|CS|TAMS 0x000000070fa00000, 0x000000070fa00000| Complete 
| 193|0x000000070fb00000, 0x000000070fc00000, 0x000000070fc00000|100%| E|CS|TAMS 0x000000070fb00000, 0x000000070fb00000| Complete 
| 194|0x000000070fc00000, 0x000000070fd00000, 0x000000070fd00000|100%| E|CS|TAMS 0x000000070fc00000, 0x000000070fc00000| Complete 
| 195|0x000000070fd00000, 0x000000070fe00000, 0x000000070fe00000|100%| E|CS|TAMS 0x000000070fd00000, 0x000000070fd00000| Complete 
| 196|0x000000070fe00000, 0x000000070ff00000, 0x000000070ff00000|100%| E|CS|TAMS 0x000000070fe00000, 0x000000070fe00000| Complete 
| 197|0x000000070ff00000, 0x0000000710000000, 0x0000000710000000|100%| E|CS|TAMS 0x000000070ff00000, 0x000000070ff00000| Complete 
| 198|0x0000000710000000, 0x0000000710100000, 0x0000000710100000|100%| E|CS|TAMS 0x0000000710000000, 0x0000000710000000| Complete 
| 199|0x0000000710100000, 0x0000000710200000, 0x0000000710200000|100%| E|CS|TAMS 0x0000000710100000, 0x0000000710100000| Complete 
| 200|0x0000000710200000, 0x0000000710300000, 0x0000000710300000|100%| E|CS|TAMS 0x0000000710200000, 0x0000000710200000| Complete 
| 201|0x0000000710300000, 0x0000000710400000, 0x0000000710400000|100%| E|CS|TAMS 0x0000000710300000, 0x0000000710300000| Complete 
| 202|0x0000000710400000, 0x0000000710500000, 0x0000000710500000|100%| E|CS|TAMS 0x0000000710400000, 0x0000000710400000| Complete 
| 203|0x0000000710500000, 0x0000000710600000, 0x0000000710600000|100%| E|CS|TAMS 0x0000000710500000, 0x0000000710500000| Complete 
| 204|0x0000000710600000, 0x0000000710700000, 0x0000000710700000|100%| E|CS|TAMS 0x0000000710600000, 0x0000000710600000| Complete 
| 205|0x0000000710700000, 0x0000000710800000, 0x0000000710800000|100%| E|CS|TAMS 0x0000000710700000, 0x0000000710700000| Complete 
| 206|0x0000000710800000, 0x0000000710900000, 0x0000000710900000|100%| E|CS|TAMS 0x0000000710800000, 0x0000000710800000| Complete 
| 207|0x0000000710900000, 0x0000000710a00000, 0x0000000710a00000|100%| E|CS|TAMS 0x0000000710900000, 0x0000000710900000| Complete 
| 208|0x0000000710a00000, 0x0000000710b00000, 0x0000000710b00000|100%| E|CS|TAMS 0x0000000710a00000, 0x0000000710a00000| Complete 
| 209|0x0000000710b00000, 0x0000000710c00000, 0x0000000710c00000|100%| E|CS|TAMS 0x0000000710b00000, 0x0000000710b00000| Complete 
| 210|0x0000000710c00000, 0x0000000710d00000, 0x0000000710d00000|100%| E|CS|TAMS 0x0000000710c00000, 0x0000000710c00000| Complete 
| 211|0x0000000710d00000, 0x0000000710e00000, 0x0000000710e00000|100%| E|CS|TAMS 0x0000000710d00000, 0x0000000710d00000| Complete 
| 212|0x0000000710e00000, 0x0000000710f00000, 0x0000000710f00000|100%| E|CS|TAMS 0x0000000710e00000, 0x0000000710e00000| Complete 
| 213|0x0000000710f00000, 0x0000000711000000, 0x0000000711000000|100%| E|CS|TAMS 0x0000000710f00000, 0x0000000710f00000| Complete 
| 214|0x0000000711000000, 0x0000000711100000, 0x0000000711100000|100%| E|CS|TAMS 0x0000000711000000, 0x0000000711000000| Complete 
| 215|0x0000000711100000, 0x0000000711200000, 0x0000000711200000|100%| E|CS|TAMS 0x0000000711100000, 0x0000000711100000| Complete 
| 216|0x0000000711200000, 0x0000000711300000, 0x0000000711300000|100%| E|CS|TAMS 0x0000000711200000, 0x0000000711200000| Complete 
| 217|0x0000000711300000, 0x0000000711400000, 0x0000000711400000|100%| E|CS|TAMS 0x0000000711300000, 0x0000000711300000| Complete 
| 218|0x0000000711400000, 0x0000000711500000, 0x0000000711500000|100%| E|CS|TAMS 0x0000000711400000, 0x0000000711400000| Complete 
| 219|0x0000000711500000, 0x0000000711600000, 0x0000000711600000|100%| E|CS|TAMS 0x0000000711500000, 0x0000000711500000| Complete 
| 220|0x0000000711600000, 0x0000000711700000, 0x0000000711700000|100%| E|CS|TAMS 0x0000000711600000, 0x0000000711600000| Complete 
| 221|0x0000000711700000, 0x0000000711800000, 0x0000000711800000|100%| E|CS|TAMS 0x0000000711700000, 0x0000000711700000| Complete 
| 222|0x0000000711800000, 0x0000000711900000, 0x0000000711900000|100%| E|CS|TAMS 0x0000000711800000, 0x0000000711800000| Complete 
| 223|0x0000000711900000, 0x0000000711a00000, 0x0000000711a00000|100%| E|CS|TAMS 0x0000000711900000, 0x0000000711900000| Complete 
| 224|0x0000000711a00000, 0x0000000711b00000, 0x0000000711b00000|100%| E|CS|TAMS 0x0000000711a00000, 0x0000000711a00000| Complete 
| 225|0x0000000711b00000, 0x0000000711c00000, 0x0000000711c00000|100%| E|CS|TAMS 0x0000000711b00000, 0x0000000711b00000| Complete 
| 226|0x0000000711c00000, 0x0000000711d00000, 0x0000000711d00000|100%| E|CS|TAMS 0x0000000711c00000, 0x0000000711c00000| Complete 
| 227|0x0000000711d00000, 0x0000000711e00000, 0x0000000711e00000|100%| E|CS|TAMS 0x0000000711d00000, 0x0000000711d00000| Complete 
| 228|0x0000000711e00000, 0x0000000711f00000, 0x0000000711f00000|100%| E|CS|TAMS 0x0000000711e00000, 0x0000000711e00000| Complete 
| 229|0x0000000711f00000, 0x0000000712000000, 0x0000000712000000|100%| E|CS|TAMS 0x0000000711f00000, 0x0000000711f00000| Complete 
| 230|0x0000000712000000, 0x0000000712100000, 0x0000000712100000|100%| E|CS|TAMS 0x0000000712000000, 0x0000000712000000| Complete 
| 231|0x0000000712100000, 0x0000000712200000, 0x0000000712200000|100%| E|CS|TAMS 0x0000000712100000, 0x0000000712100000| Complete 
| 232|0x0000000712200000, 0x0000000712300000, 0x0000000712300000|100%| E|CS|TAMS 0x0000000712200000, 0x0000000712200000| Complete 
| 233|0x0000000712300000, 0x0000000712400000, 0x0000000712400000|100%| E|CS|TAMS 0x0000000712300000, 0x0000000712300000| Complete 
| 234|0x0000000712400000, 0x0000000712500000, 0x0000000712500000|100%| E|CS|TAMS 0x0000000712400000, 0x0000000712400000| Complete 
| 235|0x0000000712500000, 0x0000000712600000, 0x0000000712600000|100%| E|CS|TAMS 0x0000000712500000, 0x0000000712500000| Complete 
| 236|0x0000000712600000, 0x0000000712700000, 0x0000000712700000|100%| E|CS|TAMS 0x0000000712600000, 0x0000000712600000| Complete 
| 237|0x0000000712700000, 0x0000000712800000, 0x0000000712800000|100%| E|CS|TAMS 0x0000000712700000, 0x0000000712700000| Complete 
| 238|0x0000000712800000, 0x0000000712900000, 0x0000000712900000|100%| E|CS|TAMS 0x0000000712800000, 0x0000000712800000| Complete 
| 239|0x0000000712900000, 0x0000000712a00000, 0x0000000712a00000|100%| E|CS|TAMS 0x0000000712900000, 0x0000000712900000| Complete 
| 240|0x0000000712a00000, 0x0000000712b00000, 0x0000000712b00000|100%| E|CS|TAMS 0x0000000712a00000, 0x0000000712a00000| Complete 
| 241|0x0000000712b00000, 0x0000000712c00000, 0x0000000712c00000|100%| E|CS|TAMS 0x0000000712b00000, 0x0000000712b00000| Complete 
| 242|0x0000000712c00000, 0x0000000712d00000, 0x0000000712d00000|100%| E|CS|TAMS 0x0000000712c00000, 0x0000000712c00000| Complete 
| 243|0x0000000712d00000, 0x0000000712e00000, 0x0000000712e00000|100%| E|CS|TAMS 0x0000000712d00000, 0x0000000712d00000| Complete 
| 244|0x0000000712e00000, 0x0000000712f00000, 0x0000000712f00000|100%| E|CS|TAMS 0x0000000712e00000, 0x0000000712e00000| Complete 
| 245|0x0000000712f00000, 0x0000000713000000, 0x0000000713000000|100%| E|CS|TAMS 0x0000000712f00000, 0x0000000712f00000| Complete 
| 246|0x0000000713000000, 0x0000000713100000, 0x0000000713100000|100%| E|CS|TAMS 0x0000000713000000, 0x0000000713000000| Complete 
| 247|0x0000000713100000, 0x0000000713200000, 0x0000000713200000|100%| E|CS|TAMS 0x0000000713100000, 0x0000000713100000| Complete 
| 248|0x0000000713200000, 0x0000000713300000, 0x0000000713300000|100%| E|CS|TAMS 0x0000000713200000, 0x0000000713200000| Complete 
| 249|0x0000000713300000, 0x0000000713400000, 0x0000000713400000|100%| E|CS|TAMS 0x0000000713300000, 0x0000000713300000| Complete 
| 250|0x0000000713400000, 0x0000000713500000, 0x0000000713500000|100%| E|CS|TAMS 0x0000000713400000, 0x0000000713400000| Complete 
| 251|0x0000000713500000, 0x0000000713600000, 0x0000000713600000|100%| E|CS|TAMS 0x0000000713500000, 0x0000000713500000| Complete 
| 252|0x0000000713600000, 0x0000000713700000, 0x0000000713700000|100%| E|CS|TAMS 0x0000000713600000, 0x0000000713600000| Complete 
| 253|0x0000000713700000, 0x0000000713800000, 0x0000000713800000|100%| E|CS|TAMS 0x0000000713700000, 0x0000000713700000| Complete 
| 254|0x0000000713800000, 0x0000000713900000, 0x0000000713900000|100%| E|CS|TAMS 0x0000000713800000, 0x0000000713800000| Complete 
| 255|0x0000000713900000, 0x0000000713a00000, 0x0000000713a00000|100%| E|CS|TAMS 0x0000000713900000, 0x0000000713900000| Complete 
| 256|0x0000000713a00000, 0x0000000713b00000, 0x0000000713b00000|100%| E|CS|TAMS 0x0000000713a00000, 0x0000000713a00000| Complete 
| 257|0x0000000713b00000, 0x0000000713c00000, 0x0000000713c00000|100%| E|CS|TAMS 0x0000000713b00000, 0x0000000713b00000| Complete 
| 258|0x0000000713c00000, 0x0000000713d00000, 0x0000000713d00000|100%| E|CS|TAMS 0x0000000713c00000, 0x0000000713c00000| Complete 
| 259|0x0000000713d00000, 0x0000000713e00000, 0x0000000713e00000|100%| E|CS|TAMS 0x0000000713d00000, 0x0000000713d00000| Complete 
| 260|0x0000000713e00000, 0x0000000713f00000, 0x0000000713f00000|100%| E|CS|TAMS 0x0000000713e00000, 0x0000000713e00000| Complete 
| 261|0x0000000713f00000, 0x0000000714000000, 0x0000000714000000|100%| E|CS|TAMS 0x0000000713f00000, 0x0000000713f00000| Complete 
| 262|0x0000000714000000, 0x0000000714100000, 0x0000000714100000|100%| E|CS|TAMS 0x0000000714000000, 0x0000000714000000| Complete 
| 263|0x0000000714100000, 0x0000000714200000, 0x0000000714200000|100%| E|CS|TAMS 0x0000000714100000, 0x0000000714100000| Complete 
| 264|0x0000000714200000, 0x0000000714300000, 0x0000000714300000|100%| E|CS|TAMS 0x0000000714200000, 0x0000000714200000| Complete 
| 265|0x0000000714300000, 0x0000000714400000, 0x0000000714400000|100%| E|CS|TAMS 0x0000000714300000, 0x0000000714300000| Complete 
| 266|0x0000000714400000, 0x0000000714500000, 0x0000000714500000|100%| E|CS|TAMS 0x0000000714400000, 0x0000000714400000| Complete 
| 267|0x0000000714500000, 0x0000000714600000, 0x0000000714600000|100%| E|CS|TAMS 0x0000000714500000, 0x0000000714500000| Complete 
| 268|0x0000000714600000, 0x0000000714700000, 0x0000000714700000|100%| E|CS|TAMS 0x0000000714600000, 0x0000000714600000| Complete 
| 269|0x0000000714700000, 0x0000000714800000, 0x0000000714800000|100%| E|CS|TAMS 0x0000000714700000, 0x0000000714700000| Complete 
| 270|0x0000000714800000, 0x0000000714900000, 0x0000000714900000|100%| E|CS|TAMS 0x0000000714800000, 0x0000000714800000| Complete 
| 271|0x0000000714900000, 0x0000000714a00000, 0x0000000714a00000|100%| E|CS|TAMS 0x0000000714900000, 0x0000000714900000| Complete 
| 272|0x0000000714a00000, 0x0000000714b00000, 0x0000000714b00000|100%| E|CS|TAMS 0x0000000714a00000, 0x0000000714a00000| Complete 
| 273|0x0000000714b00000, 0x0000000714c00000, 0x0000000714c00000|100%| E|CS|TAMS 0x0000000714b00000, 0x0000000714b00000| Complete 
| 274|0x0000000714c00000, 0x0000000714d00000, 0x0000000714d00000|100%| E|CS|TAMS 0x0000000714c00000, 0x0000000714c00000| Complete 
| 275|0x0000000714d00000, 0x0000000714e00000, 0x0000000714e00000|100%| E|CS|TAMS 0x0000000714d00000, 0x0000000714d00000| Complete 
| 276|0x0000000714e00000, 0x0000000714f00000, 0x0000000714f00000|100%| E|CS|TAMS 0x0000000714e00000, 0x0000000714e00000| Complete 
| 277|0x0000000714f00000, 0x0000000715000000, 0x0000000715000000|100%| E|CS|TAMS 0x0000000714f00000, 0x0000000714f00000| Complete 
| 278|0x0000000715000000, 0x0000000715100000, 0x0000000715100000|100%| E|CS|TAMS 0x0000000715000000, 0x0000000715000000| Complete 
| 279|0x0000000715100000, 0x0000000715200000, 0x0000000715200000|100%| E|CS|TAMS 0x0000000715100000, 0x0000000715100000| Complete 
| 280|0x0000000715200000, 0x0000000715300000, 0x0000000715300000|100%| E|CS|TAMS 0x0000000715200000, 0x0000000715200000| Complete 
| 281|0x0000000715300000, 0x0000000715400000, 0x0000000715400000|100%| E|CS|TAMS 0x0000000715300000, 0x0000000715300000| Complete 
| 282|0x0000000715400000, 0x0000000715500000, 0x0000000715500000|100%| E|CS|TAMS 0x0000000715400000, 0x0000000715400000| Complete 
| 283|0x0000000715500000, 0x0000000715600000, 0x0000000715600000|100%| E|CS|TAMS 0x0000000715500000, 0x0000000715500000| Complete 
| 284|0x0000000715600000, 0x0000000715700000, 0x0000000715700000|100%| E|CS|TAMS 0x0000000715600000, 0x0000000715600000| Complete 
| 285|0x0000000715700000, 0x0000000715800000, 0x0000000715800000|100%| E|CS|TAMS 0x0000000715700000, 0x0000000715700000| Complete 
| 286|0x0000000715800000, 0x0000000715900000, 0x0000000715900000|100%| E|CS|TAMS 0x0000000715800000, 0x0000000715800000| Complete 
| 287|0x0000000715900000, 0x0000000715a00000, 0x0000000715a00000|100%| E|CS|TAMS 0x0000000715900000, 0x0000000715900000| Complete 
| 288|0x0000000715a00000, 0x0000000715b00000, 0x0000000715b00000|100%| E|CS|TAMS 0x0000000715a00000, 0x0000000715a00000| Complete 
| 289|0x0000000715b00000, 0x0000000715c00000, 0x0000000715c00000|100%| E|CS|TAMS 0x0000000715b00000, 0x0000000715b00000| Complete 
| 290|0x0000000715c00000, 0x0000000715d00000, 0x0000000715d00000|100%| E|CS|TAMS 0x0000000715c00000, 0x0000000715c00000| Complete 
| 291|0x0000000715d00000, 0x0000000715e00000, 0x0000000715e00000|100%| E|CS|TAMS 0x0000000715d00000, 0x0000000715d00000| Complete 
| 292|0x0000000715e00000, 0x0000000715f00000, 0x0000000715f00000|100%| E|CS|TAMS 0x0000000715e00000, 0x0000000715e00000| Complete 
| 293|0x0000000715f00000, 0x0000000716000000, 0x0000000716000000|100%| E|CS|TAMS 0x0000000715f00000, 0x0000000715f00000| Complete 
| 294|0x0000000716000000, 0x0000000716100000, 0x0000000716100000|100%| E|CS|TAMS 0x0000000716000000, 0x0000000716000000| Complete 
| 295|0x0000000716100000, 0x0000000716200000, 0x0000000716200000|100%| E|CS|TAMS 0x0000000716100000, 0x0000000716100000| Complete 
| 296|0x0000000716200000, 0x0000000716300000, 0x0000000716300000|100%| E|CS|TAMS 0x0000000716200000, 0x0000000716200000| Complete 
| 297|0x0000000716300000, 0x0000000716400000, 0x0000000716400000|100%| E|CS|TAMS 0x0000000716300000, 0x0000000716300000| Complete 
| 298|0x0000000716400000, 0x0000000716500000, 0x0000000716500000|100%| E|CS|TAMS 0x0000000716400000, 0x0000000716400000| Complete 
| 299|0x0000000716500000, 0x0000000716600000, 0x0000000716600000|100%| E|CS|TAMS 0x0000000716500000, 0x0000000716500000| Complete 
| 300|0x0000000716600000, 0x0000000716700000, 0x0000000716700000|100%| E|CS|TAMS 0x0000000716600000, 0x0000000716600000| Complete 
| 301|0x0000000716700000, 0x0000000716800000, 0x0000000716800000|100%| E|CS|TAMS 0x0000000716700000, 0x0000000716700000| Complete 
| 302|0x0000000716800000, 0x0000000716900000, 0x0000000716900000|100%| E|CS|TAMS 0x0000000716800000, 0x0000000716800000| Complete 
| 303|0x0000000716900000, 0x0000000716a00000, 0x0000000716a00000|100%| E|CS|TAMS 0x0000000716900000, 0x0000000716900000| Complete 
| 304|0x0000000716a00000, 0x0000000716b00000, 0x0000000716b00000|100%| E|CS|TAMS 0x0000000716a00000, 0x0000000716a00000| Complete 
| 305|0x0000000716b00000, 0x0000000716c00000, 0x0000000716c00000|100%| E|CS|TAMS 0x0000000716b00000, 0x0000000716b00000| Complete 
| 306|0x0000000716c00000, 0x0000000716d00000, 0x0000000716d00000|100%| E|CS|TAMS 0x0000000716c00000, 0x0000000716c00000| Complete 
| 307|0x0000000716d00000, 0x0000000716e00000, 0x0000000716e00000|100%| E|CS|TAMS 0x0000000716d00000, 0x0000000716d00000| Complete 
| 308|0x0000000716e00000, 0x0000000716f00000, 0x0000000716f00000|100%| E|CS|TAMS 0x0000000716e00000, 0x0000000716e00000| Complete 
| 309|0x0000000716f00000, 0x0000000717000000, 0x0000000717000000|100%| E|CS|TAMS 0x0000000716f00000, 0x0000000716f00000| Complete 
| 310|0x0000000717000000, 0x0000000717100000, 0x0000000717100000|100%| E|CS|TAMS 0x0000000717000000, 0x0000000717000000| Complete 
| 311|0x0000000717100000, 0x0000000717200000, 0x0000000717200000|100%| E|CS|TAMS 0x0000000717100000, 0x0000000717100000| Complete 
| 312|0x0000000717200000, 0x0000000717300000, 0x0000000717300000|100%| E|CS|TAMS 0x0000000717200000, 0x0000000717200000| Complete 

Card table byte_map: [0x000001d3dd2b0000,0x000001d3ddaa0000] _byte_map_base: 0x000001d3d9a93000

Marking Bits (Prev, Next): (CMBitMap*) 0x000001d3c4e8ce68, (CMBitMap*) 0x000001d3c4e8cea0
 Prev Bits: [0x000001d3de290000, 0x000001d3e21a8000)
 Next Bits: [0x000001d3e21b0000, 0x000001d3e60c8000)

Polling page: 0x000001d3c2d50000

Metaspace:

Usage:
  Non-class:     39.69 MB capacity,    38.69 MB ( 97%) used,   813.88 KB (  2%) free+waste,   203.75 KB ( <1%) overhead. 
      Class:      6.16 MB capacity,     5.43 MB ( 88%) used,   638.88 KB ( 10%) free+waste,   103.63 KB (  2%) overhead. 
       Both:     45.84 MB capacity,    44.12 MB ( 96%) used,     1.42 MB (  3%) free+waste,   307.38 KB ( <1%) overhead. 

Virtual space:
  Non-class space:       40.00 MB reserved,      39.75 MB (>99%) committed 
      Class space:        1.00 GB reserved,       6.25 MB ( <1%) committed 
             Both:        1.04 GB reserved,      46.00 MB (  4%) committed 

Chunk freelists:
   Non-Class:  0 bytes
       Class:  0 bytes
        Both:  0 bytes

MaxMetaspaceSize: 17179869184.00 GB
CompressedClassSpaceSize: 1.00 GB
Initial GC threshold: 20.80 MB
Current GC threshold: 58.96 MB
CDS: off

CodeHeap 'non-profiled nmethods': size=238336Kb used=7889Kb max_used=7889Kb free=230447Kb
 bounds [0x000001d3cdca0000, 0x000001d3ce460000, 0x000001d3dc560000]
CodeHeap 'non-nmethods': size=7424Kb used=1339Kb max_used=1339Kb free=6084Kb
 bounds [0x000001d3cd560000, 0x000001d3cd7d0000, 0x000001d3cdca0000]
 total_blobs=5529 nmethods=4875 adapters=580
 compilation: enabled
              stopped_count=0, restarted_count=0
 full_count=0

Compilation events (20 events):
Event: 120.447 Thread 0x000001d3e97a8000 4867       1       java.io.ObjectInputStream::defaultCheckFieldValues (19 bytes)
Event: 120.460 Thread 0x000001d3e97a8000 nmethod 4867 0x000001d3ce451990 code [0x000001d3ce451b40, 0x000001d3ce451c48]
Event: 122.058 Thread 0x000001d3e97a8000 4868       1       java.lang.Boolean::parseBoolean (7 bytes)
Event: 122.070 Thread 0x000001d3e97a8000 nmethod 4868 0x000001d3ce451d90 code [0x000001d3ce451f40, 0x000001d3ce452008]
Event: 123.496 Thread 0x000001d3e97a8000 4869       1       java.util.concurrent.ScheduledThreadPoolExecutor$ScheduledFutureTask::compareTo (9 bytes)
Event: 123.499 Thread 0x000001d3e97a8000 nmethod 4869 0x000001d3ce452090 code [0x000001d3ce452240, 0x000001d3ce452368]
Event: 123.499 Thread 0x000001d3e97a8000 4870       1       java.util.concurrent.ScheduledThreadPoolExecutor$ScheduledFutureTask::compareTo (101 bytes)
Event: 123.505 Thread 0x000001d3e97a8000 nmethod 4870 0x000001d3ce452410 code [0x000001d3ce4525e0, 0x000001d3ce452918]
Event: 124.189 Thread 0x000001d3e97a8000 4871       1       java.util.concurrent.ScheduledThreadPoolExecutor::canRunInCurrentRunState (61 bytes)
Event: 124.193 Thread 0x000001d3e97a8000 nmethod 4871 0x000001d3ce452a10 code [0x000001d3ce452be0, 0x000001d3ce452e28]
Event: 134.281 Thread 0x000001d3e97a8000 4872       1       org.apache.catalina.util.LifecycleBase::getState (5 bytes)
Event: 134.297 Thread 0x000001d3e97a8000 nmethod 4872 0x000001d3ce452f90 code [0x000001d3ce453140, 0x000001d3ce4531f8]
Event: 143.278 Thread 0x000001d3e97a8000 4873       1       java.lang.management.MemoryUsage::getUsed (5 bytes)
Event: 143.291 Thread 0x000001d3e97a8000 nmethod 4873 0x000001d3ce453290 code [0x000001d3ce453440, 0x000001d3ce4534f8]
Event: 143.291 Thread 0x000001d3e97a8000 4874       1       java.util.TreeMap$KeySpliterator::tryAdvance (85 bytes)
Event: 143.300 Thread 0x000001d3e97a8000 nmethod 4874 0x000001d3ce453590 code [0x000001d3ce453780, 0x000001d3ce453aa8]
Event: 152.619 Thread 0x000001d3e97a8000 4875       1       java.net.Inet4Address::<init> (29 bytes)
Event: 152.626 Thread 0x000001d3e97a8000 nmethod 4875 0x000001d3ce453c90 code [0x000001d3ce453e40, 0x000001d3ce454058]
Event: 164.339 Thread 0x000001d3e97a8000 4876       1       org.apache.catalina.LifecycleState::isAvailable (5 bytes)
Event: 164.339 Thread 0x000001d3e97a8000 nmethod 4876 0x000001d3ce454110 code [0x000001d3ce4542c0, 0x000001d3ce454378]

GC Heap History (20 events):
Event: 2.234 GC heap before
{Heap before GC invocations=4 (full 0):
 garbage-first heap   total 260096K, used 72151K [0x0000000703a00000, 0x0000000800000000)
  region size 1024K, 64 young (65536K), 3 survivors (3072K)
 Metaspace       used 25900K, capacity 26866K, committed 27008K, reserved 1073152K
  class space    used 3033K, capacity 3437K, committed 3456K, reserved 1048576K
}
Event: 2.237 GC heap after
{Heap after GC invocations=5 (full 0):
 garbage-first heap   total 260096K, used 12890K [0x0000000703a00000, 0x0000000800000000)
  region size 1024K, 5 young (5120K), 5 survivors (5120K)
 Metaspace       used 25900K, capacity 26866K, committed 27008K, reserved 1073152K
  class space    used 3033K, capacity 3437K, committed 3456K, reserved 1048576K
}
Event: 3.027 GC heap before
{Heap before GC invocations=5 (full 0):
 garbage-first heap   total 260096K, used 125530K [0x0000000703a00000, 0x0000000800000000)
  region size 1024K, 114 young (116736K), 5 survivors (5120K)
 Metaspace       used 32895K, capacity 34140K, committed 34304K, reserved 1079296K
  class space    used 4003K, capacity 4542K, committed 4608K, reserved 1048576K
}
Event: 3.034 GC heap after
{Heap after GC invocations=6 (full 0):
 garbage-first heap   total 260096K, used 17150K [0x0000000703a00000, 0x0000000800000000)
  region size 1024K, 9 young (9216K), 9 survivors (9216K)
 Metaspace       used 32895K, capacity 34140K, committed 34304K, reserved 1079296K
  class space    used 4003K, capacity 4542K, committed 4608K, reserved 1048576K
}
Event: 3.269 GC heap before
{Heap before GC invocations=6 (full 0):
 garbage-first heap   total 260096K, used 62206K [0x0000000703a00000, 0x0000000800000000)
  region size 1024K, 43 young (44032K), 9 survivors (9216K)
 Metaspace       used 34701K, capacity 35927K, committed 35968K, reserved 1081344K
  class space    used 4174K, capacity 4711K, committed 4736K, reserved 1048576K
}
Event: 3.281 GC heap after
{Heap after GC invocations=7 (full 0):
 garbage-first heap   total 260096K, used 20451K [0x0000000703a00000, 0x0000000800000000)
  region size 1024K, 12 young (12288K), 12 survivors (12288K)
 Metaspace       used 34701K, capacity 35927K, committed 35968K, reserved 1081344K
  class space    used 4174K, capacity 4711K, committed 4736K, reserved 1048576K
}
Event: 6.435 GC heap before
{Heap before GC invocations=8 (full 0):
 garbage-first heap   total 260096K, used 161763K [0x0000000703a00000, 0x0000000800000000)
  region size 1024K, 142 young (145408K), 12 survivors (12288K)
 Metaspace       used 44729K, capacity 46460K, committed 46720K, reserved 1089536K
  class space    used 5491K, capacity 6217K, committed 6272K, reserved 1048576K
}
Event: 6.448 GC heap after
{Heap after GC invocations=9 (full 0):
 garbage-first heap   total 260096K, used 26937K [0x0000000703a00000, 0x0000000800000000)
  region size 1024K, 17 young (17408K), 17 survivors (17408K)
 Metaspace       used 44729K, capacity 46460K, committed 46720K, reserved 1089536K
  class space    used 5491K, capacity 6217K, committed 6272K, reserved 1048576K
}
Event: 14.509 GC heap before
{Heap before GC invocations=9 (full 0):
 garbage-first heap   total 260096K, used 165177K [0x0000000703a00000, 0x0000000800000000)
  region size 1024K, 152 young (155648K), 17 survivors (17408K)
 Metaspace       used 45118K, capacity 46908K, committed 47104K, reserved 1089536K
  class space    used 5549K, capacity 6298K, committed 6400K, reserved 1048576K
}
Event: 14.598 GC heap after
{Heap after GC invocations=10 (full 0):
 garbage-first heap   total 260096K, used 27831K [0x0000000703a00000, 0x0000000800000000)
  region size 1024K, 11 young (11264K), 11 survivors (11264K)
 Metaspace       used 45118K, capacity 46908K, committed 47104K, reserved 1089536K
  class space    used 5549K, capacity 6298K, committed 6400K, reserved 1048576K
}
Event: 32.426 GC heap before
{Heap before GC invocations=10 (full 0):
 garbage-first heap   total 260096K, used 172215K [0x0000000703a00000, 0x0000000800000000)
  region size 1024K, 152 young (155648K), 11 survivors (11264K)
 Metaspace       used 45125K, capacity 46908K, committed 47104K, reserved 1089536K
  class space    used 5551K, capacity 6298K, committed 6400K, reserved 1048576K
}
Event: 32.441 GC heap after
{Heap after GC invocations=11 (full 0):
 garbage-first heap   total 320512K, used 27666K [0x0000000703a00000, 0x0000000800000000)
  region size 1024K, 11 young (11264K), 11 survivors (11264K)
 Metaspace       used 45125K, capacity 46908K, committed 47104K, reserved 1089536K
  class space    used 5551K, capacity 6298K, committed 6400K, reserved 1048576K
}
Event: 62.341 GC heap before
{Heap before GC invocations=11 (full 0):
 garbage-first heap   total 320512K, used 207890K [0x0000000703a00000, 0x0000000800000000)
  region size 1024K, 187 young (191488K), 11 survivors (11264K)
 Metaspace       used 45126K, capacity 46908K, committed 47104K, reserved 1089536K
  class space    used 5551K, capacity 6298K, committed 6400K, reserved 1048576K
}
Event: 62.360 GC heap after
{Heap after GC invocations=12 (full 0):
 garbage-first heap   total 320512K, used 27400K [0x0000000703a00000, 0x0000000800000000)
  region size 1024K, 11 young (11264K), 11 survivors (11264K)
 Metaspace       used 45126K, capacity 46908K, committed 47104K, reserved 1089536K
  class space    used 5551K, capacity 6298K, committed 6400K, reserved 1048576K
}
Event: 90.847 GC heap before
{Heap before GC invocations=12 (full 0):
 garbage-first heap   total 320512K, used 207624K [0x0000000703a00000, 0x0000000800000000)
  region size 1024K, 187 young (191488K), 11 survivors (11264K)
 Metaspace       used 45134K, capacity 46908K, committed 47104K, reserved 1089536K
  class space    used 5552K, capacity 6298K, committed 6400K, reserved 1048576K
}
Event: 90.900 GC heap after
{Heap after GC invocations=13 (full 0):
 garbage-first heap   total 320512K, used 26999K [0x0000000703a00000, 0x0000000800000000)
  region size 1024K, 11 young (11264K), 11 survivors (11264K)
 Metaspace       used 45134K, capacity 46908K, committed 47104K, reserved 1089536K
  class space    used 5552K, capacity 6298K, committed 6400K, reserved 1048576K
}
Event: 112.934 GC heap before
{Heap before GC invocations=13 (full 0):
 garbage-first heap   total 320512K, used 207223K [0x0000000703a00000, 0x0000000800000000)
  region size 1024K, 187 young (191488K), 11 survivors (11264K)
 Metaspace       used 45134K, capacity 46908K, committed 47104K, reserved 1089536K
  class space    used 5552K, capacity 6298K, committed 6400K, reserved 1048576K
}
Event: 112.966 GC heap after
{Heap after GC invocations=14 (full 0):
 garbage-first heap   total 320512K, used 27023K [0x0000000703a00000, 0x0000000800000000)
  region size 1024K, 11 young (11264K), 11 survivors (11264K)
 Metaspace       used 45134K, capacity 46908K, committed 47104K, reserved 1089536K
  class space    used 5552K, capacity 6298K, committed 6400K, reserved 1048576K
}
Event: 143.236 GC heap before
{Heap before GC invocations=14 (full 0):
 garbage-first heap   total 320512K, used 207247K [0x0000000703a00000, 0x0000000800000000)
  region size 1024K, 187 young (191488K), 11 survivors (11264K)
 Metaspace       used 45134K, capacity 46908K, committed 47104K, reserved 1089536K
  class space    used 5552K, capacity 6298K, committed 6400K, reserved 1048576K
}
Event: 143.262 GC heap after
{Heap after GC invocations=15 (full 0):
 garbage-first heap   total 320512K, used 27182K [0x0000000703a00000, 0x0000000800000000)
  region size 1024K, 11 young (11264K), 11 survivors (11264K)
 Metaspace       used 45134K, capacity 46908K, committed 47104K, reserved 1089536K
  class space    used 5552K, capacity 6298K, committed 6400K, reserved 1048576K
}

Deoptimization events (2 events):
Event: 5.251 Thread 0x000001d3ed6a1800 DEOPT PACKING pc=0x000001d3cde63db4 sp=0x00000030444fcfa0
Event: 5.251 Thread 0x000001d3ed6a1800 DEOPT UNPACKING pc=0x000001d3cd5aa95e sp=0x00000030444fc4b8 mode 0

Classes redefined (0 events):
No events

Internal exceptions (20 events):
Event: 5.448 Thread 0x000001d3ed6a1800 Exception <a 'java/lang/NoSuchMethodError'{0x000000070ce7c878}: 'java.lang.Object java.lang.invoke.DelegatingMethodHandle$Holder.reinvoke_L(java.lang.Object, java.lang.Object, int, int, java.lang.Object, java.lang.Object, java.lang.Object, long, java.lang.Object, java.lang.Object, java.lang.Object, java.lang.Object, java.lang.Object, java.lang.Object, java.lang.Object)'> (0x000000070ce7c878) thrown at [./src/hotspot/share/interpreter/linkResolver.cpp, line 773]
Event: 5.452 Thread 0x000001d3ed6a1800 Exception <a 'java/lang/NoSuchMethodError'{0x000000070cd7f118}: 'java.lang.Object java.lang.invoke.DirectMethodHandle$Holder.invokeSpecial(java.lang.Object, java.lang.Object, int, int, java.lang.Object, java.lang.Object, java.lang.Object, long, java.lang.Object, java.lang.Object, java.lang.Object, java.lang.Object, java.lang.Object, java.lang.Object, java.lang.Object)'> (0x000000070cd7f118) thrown at [./src/hotspot/share/interpreter/linkResolver.cpp, line 773]
Event: 5.452 Thread 0x000001d3ed6a1800 Exception <a 'java/lang/NoSuchMethodError'{0x000000070cd83c20}: 'java.lang.Object java.lang.invoke.DelegatingMethodHandle$Holder.reinvoke_L(java.lang.Object, int, int, java.lang.Object, java.lang.Object, java.lang.Object, long, java.lang.Object, java.lang.Object, java.lang.Object, java.lang.Object, java.lang.Object, java.lang.Object, java.lang.Object)'> (0x000000070cd83c20) thrown at [./src/hotspot/share/interpreter/linkResolver.cpp, line 773]
Event: 5.458 Thread 0x000001d3ed6a1800 Exception <a 'java/lang/NoSuchMethodError'{0x000000070cc79668}: 'java.lang.Object java.lang.invoke.DelegatingMethodHandle$Holder.reinvoke_L(java.lang.Object, java.lang.Object, java.lang.Object, java.lang.Object, long, java.lang.Object, java.lang.Object, java.lang.Object, java.lang.Object, java.lang.Object, java.lang.Object, java.lang.Object)'> (0x000000070cc79668) thrown at [./src/hotspot/share/interpreter/linkResolver.cpp, line 773]
Event: 5.463 Thread 0x000001d3ed6a1800 Exception <a 'java/lang/NoSuchMethodError'{0x000000070ccd24c0}: <clinit>> (0x000000070ccd24c0) thrown at [./src/hotspot/share/prims/jni.cpp, line 1367]
Event: 5.463 Thread 0x000001d3ed6a1800 Exception <a 'java/lang/NoSuchMethodError'{0x000000070ccd6428}: <clinit>> (0x000000070ccd6428) thrown at [./src/hotspot/share/prims/jni.cpp, line 1367]
Event: 5.464 Thread 0x000001d3ed6a1800 Exception <a 'java/lang/NoSuchMethodError'{0x000000070cceb178}: <clinit>> (0x000000070cceb178) thrown at [./src/hotspot/share/prims/jni.cpp, line 1367]
Event: 5.465 Thread 0x000001d3ed6a1800 Exception <a 'java/lang/NoSuchMethodError'{0x000000070cb8b708}: <clinit>> (0x000000070cb8b708) thrown at [./src/hotspot/share/prims/jni.cpp, line 1367]
Event: 5.827 Thread 0x000001d3eaf8b800 Exception <a 'java/lang/reflect/InvocationTargetException'{0x000000070fd172c0}> (0x000000070fd172c0) thrown at [./src/hotspot/share/runtime/reflection.cpp, line 1247]
Event: 6.333 Thread 0x000001d3eaf8b800 Exception <a 'java/lang/reflect/InvocationTargetException'{0x000000070fd24038}> (0x000000070fd24038) thrown at [./src/hotspot/share/runtime/reflection.cpp, line 1247]
Event: 6.462 Thread 0x000001d3e97a3800 Exception <a 'java/lang/NoSuchMethodError'{0x0000000713774878}: 'long java.lang.invoke.DirectMethodHandle$Holder.invokeStatic(java.lang.Object, long, long)'> (0x0000000713774878) thrown at [./src/hotspot/share/interpreter/linkResolver.cpp, line 773]
Event: 6.839 Thread 0x000001d3eaf8b800 Exception <a 'java/lang/reflect/InvocationTargetException'{0x0000000712b89bf0}> (0x0000000712b89bf0) thrown at [./src/hotspot/share/runtime/reflection.cpp, line 1247]
Event: 7.345 Thread 0x000001d3eaf8b800 Exception <a 'java/lang/reflect/InvocationTargetException'{0x0000000712b96968}> (0x0000000712b96968) thrown at [./src/hotspot/share/runtime/reflection.cpp, line 1247]
Event: 7.853 Thread 0x000001d3eaf8b800 Exception <a 'java/lang/reflect/InvocationTargetException'{0x00000007115542d0}> (0x00000007115542d0) thrown at [./src/hotspot/share/runtime/reflection.cpp, line 1247]
Event: 8.362 Thread 0x000001d3eaf8b800 Exception <a 'java/lang/reflect/InvocationTargetException'{0x0000000711561048}> (0x0000000711561048) thrown at [./src/hotspot/share/runtime/reflection.cpp, line 1247]
Event: 8.912 Thread 0x000001d3eaf8b800 Exception <a 'java/lang/reflect/InvocationTargetException'{0x000000070ff07068}> (0x000000070ff07068) thrown at [./src/hotspot/share/runtime/reflection.cpp, line 1247]
Event: 10.106 Thread 0x000001d3ed893800 Exception <a 'java/lang/reflect/InvocationTargetException'{0x000000070f99d440}> (0x000000070f99d440) thrown at [./src/hotspot/share/runtime/reflection.cpp, line 1247]
Event: 162.897 Thread 0x000001d3ed893800 Exception <a 'java/lang/OutOfMemoryError'{0x000000071389f968}: unable to create native thread: possibly out of memory or process/resource limits reached> (0x000000071389f968) thrown at [./src/hotspot/share/prims/jvm.cpp, line 2924]
Event: 165.643 Thread 0x000001d3ed898000 Exception <a 'java/lang/OutOfMemoryError'{0x000000070ee00480}: unable to create native thread: possibly out of memory or process/resource limits reached> (0x000000070ee00480) thrown at [./src/hotspot/share/prims/jvm.cpp, line 2924]
Event: 166.181 Thread 0x000001d3ea249800 Exception <a 'java/lang/Error'{0x0000000713f847c8}: IP Helper Library GetIfTable function failed> (0x0000000713f847c8) thrown at [./src/hotspot/share/prims/jni.cpp, line 638]

Events (20 events):
Event: 139.316 Executing VM operation: RevokeBias done
Event: 139.338 Thread 0x000001d3ed897000 Thread added: 0x000001d3ed897000
Event: 143.228 Executing VM operation: G1CollectForAllocation
Event: 143.263 Executing VM operation: G1CollectForAllocation done
Event: 144.774 Thread 0x000001d3ed897000 Thread exited: 0x000001d3ed897000
Event: 148.793 Thread 0x000001d3ed893800 Thread added: 0x000001d3ed893800
Event: 151.705 Thread 0x000001d3ed893800 Thread exited: 0x000001d3ed893800
Event: 152.625 Thread 0x000001d3ed893800 Thread added: 0x000001d3ed893800
Event: 152.632 Executing VM operation: RevokeBias
Event: 152.635 Executing VM operation: RevokeBias done
Event: 154.830 Thread 0x000001d3ed89c800 Thread added: 0x000001d3ed89c800
Event: 154.869 Thread 0x000001d3ed89c800 Thread exited: 0x000001d3ed89c800
Event: 162.959 loading class java/rmi/ServerError
Event: 163.010 loading class java/rmi/ServerError done
Event: 166.891 loading class ch/qos/logback/classic/spi/ThrowableProxy
Event: 166.891 loading class ch/qos/logback/classic/spi/ThrowableProxy done
Event: 167.579 loading class ch/qos/logback/classic/spi/IThrowableProxy
Event: 167.579 loading class ch/qos/logback/classic/spi/IThrowableProxy done
Event: 167.974 loading class ch/qos/logback/classic/spi/StackTraceElementProxy
Event: 167.974 loading class ch/qos/logback/classic/spi/StackTraceElementProxy done


Dynamic libraries:
0x00007ff6948c0000 - 0x00007ff6948cd000 	C:\Users\andrei.rotaru\.jdks\temurin-11.0.15\bin\java.exe
0x00007ffc16410000 - 0x00007ffc16624000 	C:\WINDOWS\SYSTEM32\ntdll.dll
0x00007ffc14be0000 - 0x00007ffc14ca4000 	C:\WINDOWS\System32\KERNEL32.DLL
0x00007ffc13960000 - 0x00007ffc13d04000 	C:\WINDOWS\System32\KERNELBASE.dll
0x00007ffc13ea0000 - 0x00007ffc13fb1000 	C:\WINDOWS\System32\ucrtbase.dll
0x00007ffc0b190000 - 0x00007ffc0b1a5000 	C:\Users\andrei.rotaru\.jdks\temurin-11.0.15\bin\VCRUNTIME140.dll
0x00007ffc0c7b0000 - 0x00007ffc0c7c7000 	C:\Users\andrei.rotaru\.jdks\temurin-11.0.15\bin\jli.dll
0x00007ffc16180000 - 0x00007ffc1632a000 	C:\WINDOWS\System32\USER32.dll
0x00007ffc13930000 - 0x00007ffc13956000 	C:\WINDOWS\System32\win32u.dll
0x00007ffc15910000 - 0x00007ffc15939000 	C:\WINDOWS\System32\GDI32.dll
0x00007ffbf9e80000 - 0x00007ffbfa10f000 	C:\WINDOWS\WinSxS\amd64_microsoft.windows.common-controls_6595b64144ccf1df_6.0.22621.2070_none_2713e6537381f706\COMCTL32.dll
0x00007ffc13d10000 - 0x00007ffc13e29000 	C:\WINDOWS\System32\gdi32full.dll
0x00007ffc14490000 - 0x00007ffc14537000 	C:\WINDOWS\System32\msvcrt.dll
0x00007ffc14130000 - 0x00007ffc141ca000 	C:\WINDOWS\System32\msvcp_win.dll
0x00007ffc15200000 - 0x00007ffc15231000 	C:\WINDOWS\System32\IMM32.DLL
0x00007ffc0b0f0000 - 0x00007ffc0b18b000 	C:\Users\andrei.rotaru\.jdks\temurin-11.0.15\bin\msvcp140.dll
0x00007ffbae070000 - 0x00007ffbaebf1000 	C:\Users\andrei.rotaru\.jdks\temurin-11.0.15\bin\server\jvm.dll
0x00007ffc15560000 - 0x00007ffc15610000 	C:\WINDOWS\System32\ADVAPI32.dll
0x00007ffc154b0000 - 0x00007ffc15556000 	C:\WINDOWS\System32\sechost.dll
0x00007ffc149c0000 - 0x00007ffc14ad7000 	C:\WINDOWS\System32\RPCRT4.dll
0x00007ffc163c0000 - 0x00007ffc163c8000 	C:\WINDOWS\System32\PSAPI.DLL
0x00007ffbb6050000 - 0x00007ffbb6059000 	C:\WINDOWS\SYSTEM32\WSOCK32.dll
0x00007ffc0bd20000 - 0x00007ffc0bd54000 	C:\WINDOWS\SYSTEM32\WINMM.dll
0x00007ffc15890000 - 0x00007ffc15901000 	C:\WINDOWS\System32\WS2_32.dll
0x00007ffc0bb00000 - 0x00007ffc0bb0a000 	C:\WINDOWS\SYSTEM32\VERSION.dll
0x00007ffc128e0000 - 0x00007ffc128f8000 	C:\WINDOWS\SYSTEM32\kernel.appcore.dll
0x00007ffc0b0c0000 - 0x00007ffc0b0d0000 	C:\Users\andrei.rotaru\.jdks\temurin-11.0.15\bin\verify.dll
0x00007ffc0e0d0000 - 0x00007ffc0e2fe000 	C:\WINDOWS\SYSTEM32\DBGHELP.DLL
0x00007ffc14cb0000 - 0x00007ffc1503a000 	C:\WINDOWS\System32\combase.dll
0x00007ffc157b0000 - 0x00007ffc15887000 	C:\WINDOWS\System32\OLEAUT32.dll
0x00007ffc08690000 - 0x00007ffc086c2000 	C:\WINDOWS\SYSTEM32\dbgcore.DLL
0x00007ffc137f0000 - 0x00007ffc1386a000 	C:\WINDOWS\System32\bcryptPrimitives.dll
0x00007ffc0b090000 - 0x00007ffc0b0b8000 	C:\Users\andrei.rotaru\.jdks\temurin-11.0.15\bin\java.dll
0x00007ffc0b080000 - 0x00007ffc0b08a000 	C:\Users\andrei.rotaru\.jdks\temurin-11.0.15\bin\jimage.dll
0x00007ffc0b050000 - 0x00007ffc0b05e000 	C:\Users\andrei.rotaru\.jdks\temurin-11.0.15\bin\instrument.dll
0x00007ffc08330000 - 0x00007ffc08348000 	C:\Users\andrei.rotaru\.jdks\temurin-11.0.15\bin\zip.dll
0x00007ffc15960000 - 0x00007ffc16176000 	C:\WINDOWS\System32\SHELL32.dll
0x00007ffc116d0000 - 0x00007ffc11fba000 	C:\WINDOWS\SYSTEM32\windows.storage.dll
0x00007ffc11590000 - 0x00007ffc116ce000 	C:\WINDOWS\SYSTEM32\wintypes.dll
0x00007ffc14ae0000 - 0x00007ffc14bd3000 	C:\WINDOWS\System32\SHCORE.dll
0x00007ffc156d0000 - 0x00007ffc1572e000 	C:\WINDOWS\System32\shlwapi.dll
0x00007ffc13720000 - 0x00007ffc13746000 	C:\WINDOWS\SYSTEM32\profapi.dll
0x00007ffc08310000 - 0x00007ffc08329000 	C:\Users\andrei.rotaru\.jdks\temurin-11.0.15\bin\net.dll
0x00007ffc0ca50000 - 0x00007ffc0cb87000 	C:\WINDOWS\SYSTEM32\WINHTTP.dll
0x00007ffc12d50000 - 0x00007ffc12db9000 	C:\WINDOWS\system32\mswsock.dll
0x00007ffc082f0000 - 0x00007ffc08303000 	C:\Users\andrei.rotaru\.jdks\temurin-11.0.15\bin\nio.dll
0x00007ffc0ba10000 - 0x00007ffc0ba2a000 	C:\Users\andrei.rotaru\AppData\Local\JetBrains\Toolbox\apps\IDEA-U\ch-0\231.8109.175\bin\breakgen64.dll
0x00007ffc120e0000 - 0x00007ffc121d3000 	C:\WINDOWS\SYSTEM32\DNSAPI.dll
0x00007ffc12070000 - 0x00007ffc1209d000 	C:\WINDOWS\SYSTEM32\IPHLPAPI.DLL
0x00007ffc156c0000 - 0x00007ffc156c9000 	C:\WINDOWS\System32\NSI.dll
0x00007ffc0bdb0000 - 0x00007ffc0bdba000 	C:\Windows\System32\rasadhlp.dll
0x00007ffc0cb90000 - 0x00007ffc0cc14000 	C:\WINDOWS\System32\fwpuclnt.dll
0x00007ffc0c790000 - 0x00007ffc0c799000 	C:\Users\andrei.rotaru\.jdks\temurin-11.0.15\bin\management.dll
0x00007ffc0bad0000 - 0x00007ffc0badb000 	C:\Users\andrei.rotaru\.jdks\temurin-11.0.15\bin\management_ext.dll
0x00007ffc13040000 - 0x00007ffc1305b000 	C:\WINDOWS\SYSTEM32\CRYPTSP.dll
0x00007ffc12850000 - 0x00007ffc12885000 	C:\WINDOWS\system32\rsaenh.dll
0x00007ffc12df0000 - 0x00007ffc12e1c000 	C:\WINDOWS\SYSTEM32\USERENV.dll
0x00007ffc13160000 - 0x00007ffc13188000 	C:\WINDOWS\SYSTEM32\bcrypt.dll
0x00007ffc13020000 - 0x00007ffc1302c000 	C:\WINDOWS\SYSTEM32\CRYPTBASE.dll
0x00007ffc0c9a0000 - 0x00007ffc0c9b9000 	C:\WINDOWS\SYSTEM32\dhcpcsvc6.DLL
0x00007ffc0c970000 - 0x00007ffc0c98f000 	C:\WINDOWS\SYSTEM32\dhcpcsvc.DLL
0x00007ffbfb420000 - 0x00007ffbfb437000 	C:\WINDOWS\system32\napinsp.dll
0x00007ffbfb400000 - 0x00007ffbfb41b000 	C:\WINDOWS\system32\pnrpnsp.dll
0x00007ffbfb3e0000 - 0x00007ffbfb3f1000 	C:\WINDOWS\System32\winrnr.dll
0x00007ffbfb3c0000 - 0x00007ffbfb3d5000 	C:\WINDOWS\system32\wshbth.dll
0x00007ffbfb390000 - 0x00007ffbfb3b1000 	C:\WINDOWS\system32\nlansp_c.dll
0x00007ffc0ba00000 - 0x00007ffc0ba0e000 	C:\Users\andrei.rotaru\.jdks\temurin-11.0.15\bin\sunmscapi.dll
0x00007ffc13fc0000 - 0x00007ffc14127000 	C:\WINDOWS\System32\CRYPT32.dll
0x00007ffc13130000 - 0x00007ffc1315e000 	C:\WINDOWS\SYSTEM32\ncrypt.dll
0x00007ffc130f0000 - 0x00007ffc13127000 	C:\WINDOWS\SYSTEM32\NTASN1.dll
0x00007ffc0b870000 - 0x00007ffc0b895000 	C:\Users\andrei.rotaru\.jdks\temurin-11.0.15\bin\sunec.dll
0x00007ffbbc9f0000 - 0x00007ffbbd0fd000 	C:\Users\andrei.rotaru\AppData\Local\Temp\librocksdbjni3440172361026801257.dll
0x00007ffbd66a0000 - 0x00007ffbd66ac000 	C:\WINDOWS\SYSTEM32\VCRUNTIME140_1.dll

dbghelp: loaded successfully - version: 4.0.5 - missing functions: none
symbol engine: initialized successfully - sym options: 0x614 - pdb path: .;C:\Users\andrei.rotaru\.jdks\temurin-11.0.15\bin;C:\WINDOWS\SYSTEM32;C:\WINDOWS\WinSxS\amd64_microsoft.windows.common-controls_6595b64144ccf1df_6.0.22621.2070_none_2713e6537381f706;C:\Users\andrei.rotaru\.jdks\temurin-11.0.15\bin\server;C:\Users\andrei.rotaru\AppData\Local\JetBrains\Toolbox\apps\IDEA-U\ch-0\231.8109.175\bin;C:\Users\andrei.rotaru\AppData\Local\Temp

VM Arguments:
jvm_args: -XX:TieredStopAtLevel=1 -Xverify:none -Dspring.output.ansi.enabled=always -Dcom.sun.management.jmxremote -Dspring.jmx.enabled=true -Dspring.liveBeansView.mbeanDomain -Dspring.application.admin.enabled=true -Dmanagement.endpoints.jmx.exposure.include=* -javaagent:C:\Users\andrei.rotaru\AppData\Local\JetBrains\Toolbox\apps\IDEA-U\ch-0\231.8109.175\lib\idea_rt.jar=52180:C:\Users\andrei.rotaru\AppData\Local\JetBrains\Toolbox\apps\IDEA-U\ch-0\231.8109.175\bin -Dfile.encoding=UTF-8 
java_command: uk.co.roteala.glaciernode.GlacierNodeApplication
java_class_path (initial): C:\Blockchain\blockchain-node\target\classes;C:\Users\andrei.rotaru\.m2\repository\uk\co\roteala\blockchain-commons\2.0.0-SNAPSHOT\blockchain-commons-2.0.0-SNAPSHOT.jar;C:\Users\andrei.rotaru\.m2\repository\org\springframework\boot\spring-boot-starter-web\2.7.5\spring-boot-starter-web-2.7.5.jar;C:\Users\andrei.rotaru\.m2\repository\org\springframework\boot\spring-boot-starter-json\2.7.5\spring-boot-starter-json-2.7.5.jar;C:\Users\andrei.rotaru\.m2\repository\com\fasterxml\jackson\datatype\jackson-datatype-jdk8\2.13.4\jackson-datatype-jdk8-2.13.4.jar;C:\Users\andrei.rotaru\.m2\repository\com\fasterxml\jackson\module\jackson-module-parameter-names\2.13.4\jackson-module-parameter-names-2.13.4.jar;C:\Users\andrei.rotaru\.m2\repository\org\springframework\boot\spring-boot-starter-tomcat\2.7.5\spring-boot-starter-tomcat-2.7.5.jar;C:\Users\andrei.rotaru\.m2\repository\org\apache\tomcat\embed\tomcat-embed-core\9.0.68\tomcat-embed-core-9.0.68.jar;C:\Users\andrei.rotaru\.m2\repository\org\apache\tomcat\embed\tomcat-embed-el\9.0.68\tomcat-embed-el-9.0.68.jar;C:\Users\andrei.rotaru\.m2\repository\org\apache\tomcat\embed\tomcat-embed-websocket\9.0.68\tomcat-embed-websocket-9.0.68.jar;C:\Users\andrei.rotaru\.m2\repository\org\springframework\spring-web\5.3.23\spring-web-5.3.23.jar;C:\Users\andrei.rotaru\.m2\repository\org\springframework\spring-beans\5.3.23\spring-beans-5.3.23.jar;C:\Users\andrei.rotaru\.m2\repository\org\springframework\spring-webmvc\5.3.23\spring-webmvc-5.3.23.jar;C:\Users\andrei.rotaru\.m2\repository\org\springframework\spring-aop\5.3.23\spring-aop-5.3.23.jar;C:\Users\andrei.rotaru\.m2\repository\org\springframework\spring-expression\5.3.23\spring-expression-5.3.23.jar;C:\Users\andrei.rotaru\.m2\repository\com\rometools\rome\2.1.0\rome-2.1.0.jar;C:\Users\andrei.rotaru\.m2\repository\com\rometools\rome-utils\2.1.0\rome-utils-2.1.0.jar;C:\Users\andrei.rotaru\.m2\repository\org\jdom\jdom2\2.0.6.1\jdom2-2.0.6.1.jar;C:\Users\andrei.rota
Launcher Type: SUN_STANDARD

[Global flags]
     bool BytecodeVerificationLocal                = false                                     {product} {command line}
     bool BytecodeVerificationRemote               = false                                     {product} {command line}
     intx CICompilerCount                          = 4                                         {product} {ergonomic}
     uint ConcGCThreads                            = 3                                         {product} {ergonomic}
     uint G1ConcRefinementThreads                  = 10                                        {product} {ergonomic}
   size_t G1HeapRegionSize                         = 1048576                                   {product} {ergonomic}
    uintx GCDrainStackTargetSize                   = 64                                        {product} {ergonomic}
   size_t InitialHeapSize                          = 266338304                                 {product} {ergonomic}
     bool ManagementServer                         = true                                      {product} {command line}
   size_t MarkStackSize                            = 4194304                                   {product} {ergonomic}
   size_t MaxHeapSize                              = 4234149888                                {product} {ergonomic}
   size_t MaxNewSize                               = 2539651072                                {product} {ergonomic}
   size_t MinHeapDeltaBytes                        = 1048576                                   {product} {ergonomic}
    uintx NonNMethodCodeHeapSize                   = 7549744                                {pd product} {ergonomic}
    uintx NonProfiledCodeHeapSize                  = 244108496                              {pd product} {ergonomic}
    uintx ProfiledCodeHeapSize                     = 0                                      {pd product} {ergonomic}
    uintx ReservedCodeCacheSize                    = 251658240                              {pd product} {ergonomic}
     bool SegmentedCodeCache                       = true                                      {product} {ergonomic}
     intx TieredStopAtLevel                        = 1                                         {product} {command line}
     bool UseCompressedClassPointers               = true                                 {lp64_product} {ergonomic}
     bool UseCompressedOops                        = true                                 {lp64_product} {ergonomic}
     bool UseG1GC                                  = true                                      {product} {ergonomic}
     bool UseLargePagesIndividualAllocation        = false                                  {pd product} {ergonomic}

Logging:
Log output configuration:
 #0: stdout all=warning uptime,level,tags
 #1: stderr all=off uptime,level,tags

Environment Variables:
JAVA_HOME=C:\Program Files\Eclipse Adoptium\jdk-11.0.15.10-hotspot
PATH=C:\Program Files\Eclipse Adoptium\jdk-11.0.15.10-hotspot\bin;C:\Windows\system32;C:\Windows;C:\Windows\System32\Wbem;C:\Windows\System32\WindowsPowerShell\v1.0\;C:\Windows\System32\OpenSSH\;C:\Program Files (x86)\NVIDIA Corporation\PhysX\Common;C:\Program Files\Git\cmd;C:\apache-maven-3.8.5\bin;C:\Program Files\Kubernetes\Minikube;C:\skaffold;C:\xampp\php;C:\ProgramData\ComposerSetup\bin;C:\Program Files\PuTTY\;C:\Program Files\nodejs\;C:\Program Files\Docker\Docker\resources\bin;C:\WINDOWS\system32;C:\WINDOWS;C:\WINDOWS\System32\Wbem;C:\WINDOWS\System32\WindowsPowerShell\v1.0\;C:\WINDOWS\System32\OpenSSH\;C:\gradle-8.0.2\bin;C:\Users\andrei.rotaru\scoop\shims;C:\Users\andrei.rotaru\AppData\Local\Microsoft\WindowsApps;C:\Program Files\JetBrains\IntelliJ IDEA Community Edition 2022.1\bin;C:\ProgramData\andrei.rotaru\atom\bin;C:\apache-maven-3.8.5\bin;C:\Program Files\JetBrains\CLion 2022.1.3\bin;C:\Program Files\JetBrains\IntelliJ IDEA 2022.1.3\bin;C:\Program Files\JetBrains\WebStorm 2022.1.3\bin;C:\Program Files\JetBrains\PyCharm Community Edition 2022.1.3\bin;C:\Program Files\JetBrains\PhpStorm 2022.1.3\bin;C:\Users\andrei.rotaru\AppData\Roaming\Composer\vendor\bin;C:\Users\andrei.rotaru\AppData\Local\GitHubDesktop\bin;C:\Users\andrei.rotaru\AppData\Roaming\npm;C:\Users\andrei.rotaru\AppData\Local\JetBrains\Toolbox\scripts;C:\php;;C:\Users\andrei.rotaru\AppData\Local\Programs\Microsoft VS Code\bin
USERNAME=andrei.rotaru
OS=Windows_NT
PROCESSOR_IDENTIFIER=Intel64 Family 6 Model 165 Stepping 2, GenuineIntel



---------------  S Y S T E M  ---------------

OS: Windows 11 , 64 bit Build 22621 (10.0.22621.2070)
OS uptime: 0 days 11:21 hours
Hyper-V role detected

CPU:total 12 (initial active 12) (6 cores per cpu, 2 threads per core) family 6 model 165 stepping 2 microcode 0xf0, cmov, cx8, fxsr, mmx, sse, sse2, sse3, ssse3, sse4.1, sse4.2, popcnt, avx, avx2, aes, clmul, erms, 3dnowpref, lzcnt, ht, tsc, tscinvbit, bmi1, bmi2, adx, fma

Memory: 4k page, system-wide physical 16145M (344M free)
TotalPageFile size 65297M (AvailPageFile size 0M)
current process WorkingSet (physical memory assigned to process): 53M, peak: 1874M
current process commit charge ("private bytes"): 39519M, peak: 39520M

vm_info: OpenJDK 64-Bit Server VM (11.0.15+10) for windows-amd64 JRE (11.0.15+10), built on Apr 19 2022 22:29:44 by "" with unknown MS VC++:1916

END.
